2024-11-29 14:44:15,928 - <EMW SLExA ETL> - WARNING - Could not find any treatment in candidate 'CR440Y780T-DP GI50/50  477 x 2mm'.
2024-11-29 14:44:15,929 - <EMW SLExA ETL> - WARNING - Could not find any treatment in candidate 'CR440Y780T-DP GI50/50  442 x 2mm'.
2024-11-29 14:44:15,931 - <EMW SLExA ETL> - WARNING - Could not find any treatment in candidate 'CR440Y780T-DP GI50/50  568 x 2,50mm'.
2024-11-29 14:44:15,932 - <EMW SLExA ETL> - WARNING - Could not find any treatment in candidate 'CR440Y780T-DP GI50/50  203 x 1,50mm'.
2024-11-29 14:44:15,933 - <EMW SLExA ETL> - WARNING - Could not find any treatment in candidate 'HR700MC 253 X 5'.
2024-11-29 14:44:15,952 - <EMW SLExA ETL> - WARNING - Could not find any treatment in candidate 'CR590Y980T-DP-GI40/40 228,0 x 1,2 mm'.
2024-11-29 14:44:15,956 - <EMW SLExA ETL> - WARNING - Could not find any treatment in candidate 'CR330Y590T-DH GI50/50  1355 x 1,25mm'.
2024-11-29 14:44:15,960 - <EMW SLExA ETL> - WARNING - Candidate 'CR440Y780T‐DP-GI40/40-U 270 X 1' at index 30 did not match any reference.
2024-11-29 14:44:15,962 - <EMW SLExA ETL> - WARNING - Could not find any treatment in candidate 'CR330Y590T-DH GI50/50  665 x 1,25mm'.
2024-11-29 14:44:15,964 - <EMW SLExA ETL> - WARNING - Could not find any treatment in candidate 'CR590Y980T-DP GI50/50  823 x 1,50mm'.
2024-11-29 14:44:15,965 - <EMW SLExA ETL> - WARNING - Could not find any treatment in candidate 'CR440Y780T-DP GI50/50  658 x 1,75mm'.
2024-11-29 14:44:15,977 - <EMW SLExA ETL> - WARNING - Could not find any treatment in candidate 'HC260LA+ZE75/75-A 1150x2,00'.
2024-11-29 14:44:15,985 - <EMW SLExA ETL> - WARNING - Could not find any treatment in candidate 'CR590Y980T-DP GI 40/40 231,2x1,20mm'.
2024-11-29 14:44:15,994 - <EMW SLExA ETL> - WARNING - Candidate 'CR440Y780T‐DP GI40/40-U 788 x 2' at index 58 did not match any reference.
2024-11-29 14:44:15,995 - <EMW SLExA ETL> - WARNING - Could not find any treatment in candidate 'S315MC + P 500x2'.
2024-11-29 14:44:16,002 - <EMW SLExA ETL> - WARNING - Could not find any treatment in candidate 'CR210BH GI50/50 615 X 1.8'.
2024-11-29 14:44:16,003 - <EMW SLExA ETL> - WARNING - Could not find any treatment in candidate 'CR300LA GI40/40  575 x 2mm'.
2024-11-29 14:44:16,004 - <EMW SLExA ETL> - WARNING - Could not find any treatment in candidate 'CR340LA GI50/50 736 x 1,50mm'.
2024-11-29 14:44:16,007 - <EMW SLExA ETL> - WARNING - Could not find any treatment in candidate 'CR4 GI40/40  768 x 0,75mm'.
2024-11-29 14:44:16,007 - <EMW SLExA ETL> - WARNING - Could not find any treatment in candidate 'S420MC + P 170 X 3'.
2024-11-29 14:44:16,008 - <EMW SLExA ETL> - WARNING - Could not find any treatment in candidate 'CR210BH GI50/50 431 X 2'.
2024-11-29 14:44:16,018 - <EMW SLExA ETL> - WARNING - Candidate 'HC700 LA   470 x 1,5' at index 78 did not match any reference.
2024-11-29 14:44:16,019 - <EMW SLExA ETL> - WARNING - Could not find any treatment in candidate 'HR700LA 175x5mm'.
2024-11-29 14:44:16,021 - <EMW SLExA ETL> - WARNING - Could not find any treatment in candidate 'S315MC  485 x 6mm'.
2024-11-29 14:44:16,027 - <EMW SLExA ETL> - WARNING - Could not find any treatment in candidate 'S420MC  310x2,50mm'.
2024-11-29 14:44:16,031 - <EMW SLExA ETL> - WARNING - Could not find any treatment in candidate 'CR240LA EG53/53 355 x 1,75 MM'.
2024-11-29 14:44:16,035 - <EMW SLExA ETL> - WARNING - Could not find any treatment in candidate 'CR300LA GI40/40 836 x 1,20mm'.
2024-11-29 14:44:16,036 - <EMW SLExA ETL> - WARNING - Could not find any treatment in candidate 'CR440Y780T-DP GI40/40 182,1(0/+0,2)x1,75'.
2024-11-29 14:44:16,038 - <EMW SLExA ETL> - WARNING - Could not find any treatment in candidate 'CR700Y980T-DP-EG47/47 235,7 x 1(+/-0,07)'.
2024-11-29 14:44:16,045 - <EMW SLExA ETL> - WARNING - Candidate 'CR330Y590T‐DP GI40/40-U 742 x 1,50mm' at index 101 did not match any reference.
2024-11-29 14:44:16,049 - <EMW SLExA ETL> - WARNING - Could not find any treatment in candidate 'CR440Y780T-DP GI40/40  695 x 1,20mm'.
2024-11-29 14:44:16,051 - <EMW SLExA ETL> - WARNING - Could not find any treatment in candidate 'CR210LA  780 x 2'.
2024-11-29 14:44:16,054 - <EMW SLExA ETL> - WARNING - Candidate '1C 444 x 3,00mm' at index 108 did not match any reference.
2024-11-29 14:44:16,056 - <EMW SLExA ETL> - WARNING - Could not find any treatment in candidate 'E390D 724 x 1,75mm'.
2024-11-29 14:44:16,060 - <EMW SLExA ETL> - WARNING - Candidate '1C 515 x 2,00mm' at index 113 did not match any reference.
2024-11-29 14:44:16,064 - <EMW SLExA ETL> - WARNING - Candidate 'CR440Y780T‐DP GI40/40-U 553 x 1,80 mm' at index 116 did not match any reference.
2024-11-29 14:44:16,066 - <EMW SLExA ETL> - WARNING - Could not find any treatment in candidate 'CR340LA GI50/50  684 x 1,50mm'.
2024-11-29 14:44:16,069 - <EMW SLExA ETL> - WARNING - Could not find any treatment in candidate 'DX54D+Z (1.0306) 905x0,65mm.'.
2024-11-29 14:44:16,071 - <EMW SLExA ETL> - WARNING - Candidate 'DC04 (1.0338), 700x1,5mm.' at index 121 did not match any reference.
2024-11-29 14:44:16,072 - <EMW SLExA ETL> - WARNING - Could not find any treatment in candidate 'CR270LA 765 x 1,00 mm'.
