2024-11-29 14:44:15,922 - <EMW SLExA ETL> - INFO - Treatment 'MB' converted to 'MBO' for candidate 'HX260LAD+Z100MB 740x1,00'.
2024-11-29 14:44:15,922 - <EMW SLExA ETL> - INFO - Candidate 'HX260LAD+Z100MB 740x1,00' matched with grade & coating 'HX260LAD+Z' and coating '100' (Score: 1.00).
2024-11-29 14:44:15,923 - <EMW SLExA ETL> - INFO - Treatment 'U' converted to 'UO' for candidate 'CR3 GI50/50-U 1008x1,00'.
2024-11-29 14:44:15,924 - <EMW SLExA ETL> - INFO - Candidate 'CR3 GI50/50-U 1008x1,00' matched with grade & coating 'CR3-GI' and coating '50/50' (Score: 1.00).
2024-11-29 14:44:15,925 - <EMW SLExA ETL> - INFO - Treatment 'MB' converted to 'MBO' for candidate 'HX260LAD+Z100MB 780x2,00'.
2024-11-29 14:44:15,925 - <EMW SLExA ETL> - INFO - Candidate 'HX260LAD+Z100MB 780x2,00' matched with grade & coating 'HX260LAD+Z' and coating '100' (Score: 1.00).
2024-11-29 14:44:15,927 - <EMW SLExA ETL> - INFO - Candidate 'CR3-U  930x1,00' matched with grade 'CR3' and no coating (Score: 1.00).
2024-11-29 14:44:15,927 - <EMW SLExA ETL> - INFO - Treatment 'U' converted to 'UO' for candidate 'CR3-U  930x1,00'.
2024-11-29 14:44:15,928 - <EMW SLExA ETL> - WARNING - Could not find any treatment in candidate 'CR440Y780T-DP GI50/50  477 x 2mm'.
2024-11-29 14:44:15,928 - <EMW SLExA ETL> - INFO - Candidate 'CR440Y780T-DP GI50/50  477 x 2mm' matched with grade & coating 'CR440Y780T-DP-GI' and coating '50/50' (Score: 1.00).
2024-11-29 14:44:15,929 - <EMW SLExA ETL> - WARNING - Could not find any treatment in candidate 'CR440Y780T-DP GI50/50  442 x 2mm'.
2024-11-29 14:44:15,929 - <EMW SLExA ETL> - INFO - Candidate 'CR440Y780T-DP GI50/50  442 x 2mm' matched with grade & coating 'CR440Y780T-DP-GI' and coating '50/50' (Score: 1.00).
2024-11-29 14:44:15,931 - <EMW SLExA ETL> - WARNING - Could not find any treatment in candidate 'CR440Y780T-DP GI50/50  568 x 2,50mm'.
2024-11-29 14:44:15,931 - <EMW SLExA ETL> - INFO - Candidate 'CR440Y780T-DP GI50/50  568 x 2,50mm' matched with grade & coating 'CR440Y780T-DP-GI' and coating '50/50' (Score: 1.00).
2024-11-29 14:44:15,932 - <EMW SLExA ETL> - WARNING - Could not find any treatment in candidate 'CR440Y780T-DP GI50/50  203 x 1,50mm'.
2024-11-29 14:44:15,932 - <EMW SLExA ETL> - INFO - Candidate 'CR440Y780T-DP GI50/50  203 x 1,50mm' matched with grade & coating 'CR440Y780T-DP-GI' and coating '50/50' (Score: 1.00).
2024-11-29 14:44:15,933 - <EMW SLExA ETL> - INFO - Candidate 'HR700MC 253 X 5' matched with grade 'HR700MC' and no coating (Score: 1.00).
2024-11-29 14:44:15,933 - <EMW SLExA ETL> - WARNING - Could not find any treatment in candidate 'HR700MC 253 X 5'.
2024-11-29 14:44:15,934 - <EMW SLExA ETL> - INFO - Treatment 'U' converted to 'UO' for candidate 'CR590Y980T-DP-GI40/40-U 670 x 2,10'.
2024-11-29 14:44:15,934 - <EMW SLExA ETL> - INFO - Candidate 'CR590Y980T-DP-GI40/40-U 670 x 2,10' matched with grade & coating 'CR590Y980T-DP-GI' and coating '40/40' (Score: 1.00).
2024-11-29 14:44:15,935 - <EMW SLExA ETL> - INFO - Treatment 'U' converted to 'UO' for candidate 'CR340LA GI50/50-U 934 x 0,75mm'.
2024-11-29 14:44:15,935 - <EMW SLExA ETL> - INFO - Candidate 'CR340LA GI50/50-U 934 x 0,75mm' matched with grade & coating 'CR340LA-GI' and coating '50/50' (Score: 1.00).
2024-11-29 14:44:15,936 - <EMW SLExA ETL> - INFO - Treatment 'U' converted to 'UO' for candidate 'CR3 GI 50/50-U 1086 x 0,70mm'.
2024-11-29 14:44:15,936 - <EMW SLExA ETL> - INFO - Candidate 'CR3 GI 50/50-U 1086 x 0,70mm' matched with grade & coating 'CR3-GI' and coating '50/50' (Score: 1.00).
2024-11-29 14:44:15,937 - <EMW SLExA ETL> - INFO - Treatment 'U' converted to 'UO' for candidate 'CR3 GI50/50-U 612 x 1,25mm'.
2024-11-29 14:44:15,938 - <EMW SLExA ETL> - INFO - Candidate 'CR3 GI50/50-U 612 x 1,25mm' matched with grade & coating 'CR3-GI' and coating '50/50' (Score: 1.00).
2024-11-29 14:44:15,939 - <EMW SLExA ETL> - INFO - Treatment 'U' converted to 'UO' for candidate 'CR340LA GI 50/50-U 898 x 0,75mm'.
2024-11-29 14:44:15,939 - <EMW SLExA ETL> - INFO - Candidate 'CR340LA GI 50/50-U 898 x 0,75mm' matched with grade & coating 'CR340LA-GI' and coating '50/50' (Score: 1.00).
2024-11-29 14:44:15,940 - <EMW SLExA ETL> - INFO - Treatment 'U' converted to 'UO' for candidate 'CR340LA GI 50/50-U 850 x 0,75mm'.
2024-11-29 14:44:15,940 - <EMW SLExA ETL> - INFO - Candidate 'CR340LA GI 50/50-U 850 x 0,75mm' matched with grade & coating 'CR340LA-GI' and coating '50/50' (Score: 1.00).
2024-11-29 14:44:15,941 - <EMW SLExA ETL> - INFO - Treatment 'U' converted to 'UO' for candidate 'CR3 GI 50/50-U 997 x 0,70mm'.
2024-11-29 14:44:15,941 - <EMW SLExA ETL> - INFO - Candidate 'CR3 GI 50/50-U 997 x 0,70mm' matched with grade & coating 'CR3-GI' and coating '50/50' (Score: 1.00).
2024-11-29 14:44:15,942 - <EMW SLExA ETL> - INFO - Treatment 'U' converted to 'UO' for candidate 'CR3 GI50/50-U 450 x 0,70mm'.
2024-11-29 14:44:15,942 - <EMW SLExA ETL> - INFO - Candidate 'CR3 GI50/50-U 450 x 0,70mm' matched with grade & coating 'CR3-GI' and coating '50/50' (Score: 1.00).
2024-11-29 14:44:15,944 - <EMW SLExA ETL> - INFO - Candidate 'CR380LA ZM35/35-U 803 x 1,20' matched with grade 'CR380LA' and no coating (Score: 1.00).
2024-11-29 14:44:15,944 - <EMW SLExA ETL> - INFO - Treatment 'U' converted to 'UO' for candidate 'CR380LA ZM35/35-U 803 x 1,20'.
2024-11-29 14:44:15,946 - <EMW SLExA ETL> - INFO - Treatment 'U' converted to 'UO' for candidate 'CR440Y780T-DP-GI40/40-U 485 x 1,15'.
2024-11-29 14:44:15,946 - <EMW SLExA ETL> - INFO - Candidate 'CR440Y780T-DP-GI40/40-U 485 x 1,15' matched with grade & coating 'CR440Y780T-DP-GI' and coating '40/40' (Score: 1.00).
2024-11-29 14:44:15,947 - <EMW SLExA ETL> - INFO - Treatment 'U' converted to 'UO' for candidate 'CR3 GI50/50-U 265 x 2,00mm'.
2024-11-29 14:44:15,947 - <EMW SLExA ETL> - INFO - Candidate 'CR3 GI50/50-U 265 x 2,00mm' matched with grade & coating 'CR3-GI' and coating '50/50' (Score: 1.00).
2024-11-29 14:44:15,948 - <EMW SLExA ETL> - INFO - Treatment 'U' converted to 'UO' for candidate 'CR440Y780T-DP-GI40/40-U 357 x 1,15'.
2024-11-29 14:44:15,948 - <EMW SLExA ETL> - INFO - Candidate 'CR440Y780T-DP-GI40/40-U 357 x 1,15' matched with grade & coating 'CR440Y780T-DP-GI' and coating '40/40' (Score: 1.00).
2024-11-29 14:44:15,949 - <EMW SLExA ETL> - INFO - Treatment 'U' converted to 'UO' for candidate 'CR440Y780T-DP-GI40/40-U 253 x 1,15'.
2024-11-29 14:44:15,949 - <EMW SLExA ETL> - INFO - Candidate 'CR440Y780T-DP-GI40/40-U 253 x 1,15' matched with grade & coating 'CR440Y780T-DP-GI' and coating '40/40' (Score: 1.00).
2024-11-29 14:44:15,950 - <EMW SLExA ETL> - INFO - Treatment 'U' converted to 'UO' for candidate 'CR3 GI50/50-U 184 x 1,75mm'.
2024-11-29 14:44:15,950 - <EMW SLExA ETL> - INFO - Candidate 'CR3 GI50/50-U 184 x 1,75mm' matched with grade & coating 'CR3-GI' and coating '50/50' (Score: 1.00).
2024-11-29 14:44:15,951 - <EMW SLExA ETL> - INFO - Treatment 'U' converted to 'UO' for candidate 'CR3 GI50/50-U 228 x 1,75mm'.
2024-11-29 14:44:15,951 - <EMW SLExA ETL> - INFO - Candidate 'CR3 GI50/50-U 228 x 1,75mm' matched with grade & coating 'CR3-GI' and coating '50/50' (Score: 1.00).
2024-11-29 14:44:15,952 - <EMW SLExA ETL> - WARNING - Could not find any treatment in candidate 'CR590Y980T-DP-GI40/40 228,0 x 1,2 mm'.
2024-11-29 14:44:15,952 - <EMW SLExA ETL> - INFO - Candidate 'CR590Y980T-DP-GI40/40 228,0 x 1,2 mm' matched with grade & coating 'CR590Y980T-DP-GI' and coating '40/40' (Score: 1.00).
2024-11-29 14:44:15,953 - <EMW SLExA ETL> - INFO - Treatment 'U' converted to 'UO' for candidate 'CR440Y780T DP-GI40/40-U 560 X 2'.
2024-11-29 14:44:15,953 - <EMW SLExA ETL> - INFO - Candidate 'CR440Y780T DP-GI40/40-U 560 X 2' matched with grade & coating 'CR440Y780T-DP-GI' and coating '40/40' (Score: 1.00).
2024-11-29 14:44:15,955 - <EMW SLExA ETL> - INFO - Treatment 'U' converted to 'UO' for candidate 'CR700Y980T-DP-GI40/40-U 456 x 2,10'.
2024-11-29 14:44:15,955 - <EMW SLExA ETL> - INFO - Candidate 'CR700Y980T-DP-GI40/40-U 456 x 2,10' matched with grade & coating 'CR700Y980T-DP-GI' and coating '40/40' (Score: 1.00).
2024-11-29 14:44:15,956 - <EMW SLExA ETL> - WARNING - Could not find any treatment in candidate 'CR330Y590T-DH GI50/50  1355 x 1,25mm'.
2024-11-29 14:44:15,956 - <EMW SLExA ETL> - INFO - Candidate 'CR330Y590T-DH GI50/50  1355 x 1,25mm' matched with grade & coating 'CR330Y590T-DH-GI' and coating '50/50' (Score: 1.00).
2024-11-29 14:44:15,957 - <EMW SLExA ETL> - INFO - Treatment 'U' converted to 'UO' for candidate 'CR440Y780T DP-GI40/40-U 614 X 2'.
2024-11-29 14:44:15,957 - <EMW SLExA ETL> - INFO - Candidate 'CR440Y780T DP-GI40/40-U 614 X 2' matched with grade & coating 'CR440Y780T-DP-GI' and coating '40/40' (Score: 1.00).
2024-11-29 14:44:15,958 - <EMW SLExA ETL> - INFO - Treatment 'U' converted to 'UO' for candidate 'CR700Y980T-DP-GI40/40-U 669 x 2'.
2024-11-29 14:44:15,958 - <EMW SLExA ETL> - INFO - Candidate 'CR700Y980T-DP-GI40/40-U 669 x 2' matched with grade & coating 'CR700Y980T-DP-GI' and coating '40/40' (Score: 1.00).
2024-11-29 14:44:15,960 - <EMW SLExA ETL> - WARNING - Candidate 'CR440Y780T‐DP-GI40/40-U 270 X 1' at index 30 did not match any reference.
2024-11-29 14:44:15,961 - <EMW SLExA ETL> - INFO - Treatment 'U' converted to 'UO' for candidate 'CR590Y980T-DP-GI40/40-U 432 x 2,10'.
2024-11-29 14:44:15,961 - <EMW SLExA ETL> - INFO - Candidate 'CR590Y980T-DP-GI40/40-U 432 x 2,10' matched with grade & coating 'CR590Y980T-DP-GI' and coating '40/40' (Score: 1.00).
2024-11-29 14:44:15,962 - <EMW SLExA ETL> - WARNING - Could not find any treatment in candidate 'CR330Y590T-DH GI50/50  665 x 1,25mm'.
2024-11-29 14:44:15,962 - <EMW SLExA ETL> - INFO - Candidate 'CR330Y590T-DH GI50/50  665 x 1,25mm' matched with grade & coating 'CR330Y590T-DH-GI' and coating '50/50' (Score: 1.00).
2024-11-29 14:44:15,963 - <EMW SLExA ETL> - INFO - Treatment 'U' converted to 'UO' for candidate 'CR590Y980T-DP-GI40/40-U 399 x 2,10'.
2024-11-29 14:44:15,963 - <EMW SLExA ETL> - INFO - Candidate 'CR590Y980T-DP-GI40/40-U 399 x 2,10' matched with grade & coating 'CR590Y980T-DP-GI' and coating '40/40' (Score: 1.00).
2024-11-29 14:44:15,964 - <EMW SLExA ETL> - WARNING - Could not find any treatment in candidate 'CR590Y980T-DP GI50/50  823 x 1,50mm'.
2024-11-29 14:44:15,964 - <EMW SLExA ETL> - INFO - Candidate 'CR590Y980T-DP GI50/50  823 x 1,50mm' matched with grade & coating 'CR590Y980T-DP-GI' and coating '50/50' (Score: 1.00).
2024-11-29 14:44:15,965 - <EMW SLExA ETL> - WARNING - Could not find any treatment in candidate 'CR440Y780T-DP GI50/50  658 x 1,75mm'.
2024-11-29 14:44:15,966 - <EMW SLExA ETL> - INFO - Candidate 'CR440Y780T-DP GI50/50  658 x 1,75mm' matched with grade & coating 'CR440Y780T-DP-GI' and coating '50/50' (Score: 1.00).
2024-11-29 14:44:15,967 - <EMW SLExA ETL> - INFO - Treatment 'U' converted to 'UO' for candidate 'CR440Y780T-DP-GI40/40-U 485 x 1,15'.
2024-11-29 14:44:15,967 - <EMW SLExA ETL> - INFO - Candidate 'CR440Y780T-DP-GI40/40-U 485 x 1,15' matched with grade & coating 'CR440Y780T-DP-GI' and coating '40/40' (Score: 1.00).
2024-11-29 14:44:15,968 - <EMW SLExA ETL> - INFO - Treatment 'U' converted to 'UO' for candidate 'CR440Y780T-DP-GI40/40-U 357 x 1,15'.
2024-11-29 14:44:15,968 - <EMW SLExA ETL> - INFO - Candidate 'CR440Y780T-DP-GI40/40-U 357 x 1,15' matched with grade & coating 'CR440Y780T-DP-GI' and coating '40/40' (Score: 1.00).
2024-11-29 14:44:15,969 - <EMW SLExA ETL> - INFO - Treatment 'U' converted to 'UO' for candidate 'CR440Y780T-DP-GI40/40-U 307 x 1,15'.
2024-11-29 14:44:15,969 - <EMW SLExA ETL> - INFO - Candidate 'CR440Y780T-DP-GI40/40-U 307 x 1,15' matched with grade & coating 'CR440Y780T-DP-GI' and coating '40/40' (Score: 1.00).
2024-11-29 14:44:15,970 - <EMW SLExA ETL> - INFO - Treatment 'U' converted to 'UO' for candidate 'CR440Y780T-DP-GI40/40-U 256 x 1,15'.
2024-11-29 14:44:15,971 - <EMW SLExA ETL> - INFO - Candidate 'CR440Y780T-DP-GI40/40-U 256 x 1,15' matched with grade & coating 'CR440Y780T-DP-GI' and coating '40/40' (Score: 1.00).
2024-11-29 14:44:15,972 - <EMW SLExA ETL> - INFO - Treatment 'U' converted to 'UO' for candidate 'CR240LA GI40/40-U 709x1,50'.
2024-11-29 14:44:15,972 - <EMW SLExA ETL> - INFO - Candidate 'CR240LA GI40/40-U 709x1,50' matched with grade & coating 'CR240LA-GI' and coating '40/40' (Score: 1.00).
2024-11-29 14:44:15,973 - <EMW SLExA ETL> - INFO - Treatment 'MB' converted to 'MBO' for candidate 'HX260LAD+Z100MB 900x1,46'.
2024-11-29 14:44:15,973 - <EMW SLExA ETL> - INFO - Candidate 'HX260LAD+Z100MB 900x1,46' matched with grade & coating 'HX260LAD+Z' and coating '100' (Score: 1.00).
2024-11-29 14:44:15,974 - <EMW SLExA ETL> - INFO - Treatment 'MB' converted to 'MBO' for candidate 'HX260LAD+Z100MB 810x2,00'.
2024-11-29 14:44:15,974 - <EMW SLExA ETL> - INFO - Candidate 'HX260LAD+Z100MB 810x2,00' matched with grade & coating 'HX260LAD+Z' and coating '100' (Score: 1.00).
2024-11-29 14:44:15,976 - <EMW SLExA ETL> - INFO - Treatment 'MB' converted to 'MBO' for candidate 'HX260LAD+Z100MB  925x2,00'.
2024-11-29 14:44:15,976 - <EMW SLExA ETL> - INFO - Candidate 'HX260LAD+Z100MB  925x2,00' matched with grade & coating 'HX260LAD+Z' and coating '100' (Score: 1.00).
2024-11-29 14:44:15,977 - <EMW SLExA ETL> - WARNING - Could not find any treatment in candidate 'HC260LA+ZE75/75-A 1150x2,00'.
2024-11-29 14:44:15,977 - <EMW SLExA ETL> - INFO - Candidate 'HC260LA+ZE75/75-A 1150x2,00' matched with grade & coating 'HC260LA+ZE' and coating '75/75' (Score: 1.00).
2024-11-29 14:44:15,978 - <EMW SLExA ETL> - INFO - Treatment 'U' converted to 'UO' for candidate 'CR270LA GI50/50-U 830x0,87'.
2024-11-29 14:44:15,978 - <EMW SLExA ETL> - INFO - Candidate 'CR270LA GI50/50-U 830x0,87' matched with grade & coating 'CR270LA-GI' and coating '50/50' (Score: 1.00).
2024-11-29 14:44:15,980 - <EMW SLExA ETL> - INFO - Candidate 'CR240LA-U  925x1,50' matched with grade 'CR240LA' and no coating (Score: 1.00).
2024-11-29 14:44:15,980 - <EMW SLExA ETL> - INFO - Treatment 'U' converted to 'UO' for candidate 'CR240LA-U  925x1,50'.
2024-11-29 14:44:15,981 - <EMW SLExA ETL> - INFO - Treatment 'MB' converted to 'MBO' for candidate 'HX260LAD+Z100MB 680x2,50'.
2024-11-29 14:44:15,981 - <EMW SLExA ETL> - INFO - Candidate 'HX260LAD+Z100MB 680x2,50' matched with grade & coating 'HX260LAD+Z' and coating '100' (Score: 1.00).
2024-11-29 14:44:15,982 - <EMW SLExA ETL> - INFO - Treatment 'MB' converted to 'MBO' for candidate 'HX260LAD+Z100MB 675x2,00'.
2024-11-29 14:44:15,983 - <EMW SLExA ETL> - INFO - Candidate 'HX260LAD+Z100MB 675x2,00' matched with grade & coating 'HX260LAD+Z' and coating '100' (Score: 1.00).
2024-11-29 14:44:15,984 - <EMW SLExA ETL> - INFO - Candidate 'CR3-U  450x1,20' matched with grade 'CR3' and no coating (Score: 1.00).
2024-11-29 14:44:15,984 - <EMW SLExA ETL> - INFO - Treatment 'U' converted to 'UO' for candidate 'CR3-U  450x1,20'.
2024-11-29 14:44:15,985 - <EMW SLExA ETL> - WARNING - Could not find any treatment in candidate 'CR590Y980T-DP GI 40/40 231,2x1,20mm'.
2024-11-29 14:44:15,985 - <EMW SLExA ETL> - INFO - Candidate 'CR590Y980T-DP GI 40/40 231,2x1,20mm' matched with grade & coating 'CR590Y980T-DP-GI' and coating '40/40' (Score: 1.00).
2024-11-29 14:44:15,986 - <EMW SLExA ETL> - INFO - Treatment 'U' converted to 'UO' for candidate 'CR340LA GI40/40 U 695 x 3'.
2024-11-29 14:44:15,986 - <EMW SLExA ETL> - INFO - Candidate 'CR340LA GI40/40 U 695 x 3' matched with grade & coating 'CR340LA-GI' and coating '40/40' (Score: 1.00).
2024-11-29 14:44:15,987 - <EMW SLExA ETL> - INFO - Treatment 'U' converted to 'UO' for candidate 'CR300LA GI40/40 U 824 X 1,50'.
2024-11-29 14:44:15,987 - <EMW SLExA ETL> - INFO - Candidate 'CR300LA GI40/40 U 824 X 1,50' matched with grade & coating 'CR300LA-GI' and coating '40/40' (Score: 1.00).
2024-11-29 14:44:15,988 - <EMW SLExA ETL> - INFO - Treatment 'U' converted to 'UO' for candidate 'CR330Y590T-DH GI50/50-U 800 x 1,50mm'.
2024-11-29 14:44:15,988 - <EMW SLExA ETL> - INFO - Candidate 'CR330Y590T-DH GI50/50-U 800 x 1,50mm' matched with grade & coating 'CR330Y590T-DH-GI' and coating '50/50' (Score: 1.00).
2024-11-29 14:44:15,989 - <EMW SLExA ETL> - INFO - Treatment 'U' converted to 'UO' for candidate 'CR3 GI50/50-U  489 x 1,25mm'.
2024-11-29 14:44:15,989 - <EMW SLExA ETL> - INFO - Candidate 'CR3 GI50/50-U  489 x 1,25mm' matched with grade & coating 'CR3-GI' and coating '50/50' (Score: 1.00).
2024-11-29 14:44:15,990 - <EMW SLExA ETL> - INFO - Treatment 'U' converted to 'UO' for candidate 'CR380LA GI40/40 U 649 x 1'.
2024-11-29 14:44:15,990 - <EMW SLExA ETL> - INFO - Candidate 'CR380LA GI40/40 U 649 x 1' matched with grade & coating 'CR380LA-GI' and coating '40/40' (Score: 1.00).
2024-11-29 14:44:15,991 - <EMW SLExA ETL> - INFO - Treatment 'U' converted to 'UO' for candidate 'CR340LA GI40/40 U 466 X 2,50'.
2024-11-29 14:44:15,991 - <EMW SLExA ETL> - INFO - Candidate 'CR340LA GI40/40 U 466 X 2,50' matched with grade & coating 'CR340LA-GI' and coating '40/40' (Score: 1.00).
2024-11-29 14:44:15,992 - <EMW SLExA ETL> - INFO - Treatment 'U' converted to 'UO' for candidate 'CR340LA GI50/50-U 814 x 2,25 mm'.
2024-11-29 14:44:15,993 - <EMW SLExA ETL> - INFO - Candidate 'CR340LA GI50/50-U 814 x 2,25 mm' matched with grade & coating 'CR340LA-GI' and coating '50/50' (Score: 1.00).
2024-11-29 14:44:15,994 - <EMW SLExA ETL> - WARNING - Candidate 'CR440Y780T‐DP GI40/40-U 788 x 2' at index 58 did not match any reference.
2024-11-29 14:44:15,995 - <EMW SLExA ETL> - WARNING - Could not find any treatment in candidate 'S315MC + P 500x2'.
2024-11-29 14:44:15,995 - <EMW SLExA ETL> - INFO - Candidate 'S315MC + P 500x2' matched with grade & coating 'S315MC' and coating 'None' (Score: 1.00).
2024-11-29 14:44:15,996 - <EMW SLExA ETL> - INFO - Treatment 'U' converted to 'UO' for candidate 'CR700Y980T-DP GI40/40-U 575 x 2,00 mm'.
2024-11-29 14:44:15,996 - <EMW SLExA ETL> - INFO - Candidate 'CR700Y980T-DP GI40/40-U 575 x 2,00 mm' matched with grade & coating 'CR700Y980T-DP-GI' and coating '40/40' (Score: 1.00).
2024-11-29 14:44:15,997 - <EMW SLExA ETL> - INFO - Treatment 'U' converted to 'UO' for candidate 'CR380LA GI40/40 U 580 X 1,50'.
2024-11-29 14:44:15,997 - <EMW SLExA ETL> - INFO - Candidate 'CR380LA GI40/40 U 580 X 1,50' matched with grade & coating 'CR380LA-GI' and coating '40/40' (Score: 1.00).
2024-11-29 14:44:15,998 - <EMW SLExA ETL> - INFO - Treatment 'U' converted to 'UO' for candidate 'CR300LA GI40/40 U 780 X 2'.
2024-11-29 14:44:15,998 - <EMW SLExA ETL> - INFO - Candidate 'CR300LA GI40/40 U 780 X 2' matched with grade & coating 'CR300LA-GI' and coating '40/40' (Score: 1.00).
2024-11-29 14:44:16,000 - <EMW SLExA ETL> - INFO - Treatment 'mbo' found in candidate 'HX260LAD + Z100MBO 840 X 1,30'.
2024-11-29 14:44:16,000 - <EMW SLExA ETL> - INFO - Candidate 'HX260LAD + Z100MBO 840 X 1,30' matched with grade & coating 'HX260LAD+Z' and coating '100' (Score: 1.00).
2024-11-29 14:44:16,001 - <EMW SLExA ETL> - INFO - Candidate 'CR210BH - L - GI50/50- U 358 X 1,8' matched with grade 'CR210BH' and no coating (Score: 1.00).
2024-11-29 14:44:16,001 - <EMW SLExA ETL> - INFO - Treatment 'U' converted to 'UO' for candidate 'CR210BH - L - GI50/50- U 358 X 1,8'.
2024-11-29 14:44:16,002 - <EMW SLExA ETL> - WARNING - Could not find any treatment in candidate 'CR210BH GI50/50 615 X 1.8'.
2024-11-29 14:44:16,002 - <EMW SLExA ETL> - INFO - Candidate 'CR210BH GI50/50 615 X 1.8' matched with grade & coating 'CR210BH-GI' and coating '50/50' (Score: 1.00).
2024-11-29 14:44:16,003 - <EMW SLExA ETL> - WARNING - Could not find any treatment in candidate 'CR300LA GI40/40  575 x 2mm'.
2024-11-29 14:44:16,003 - <EMW SLExA ETL> - INFO - Candidate 'CR300LA GI40/40  575 x 2mm' matched with grade & coating 'CR300LA-GI' and coating '40/40' (Score: 1.00).
2024-11-29 14:44:16,004 - <EMW SLExA ETL> - WARNING - Could not find any treatment in candidate 'CR340LA GI50/50 736 x 1,50mm'.
2024-11-29 14:44:16,005 - <EMW SLExA ETL> - INFO - Candidate 'CR340LA GI50/50 736 x 1,50mm' matched with grade & coating 'CR340LA-GI' and coating '50/50' (Score: 1.00).
2024-11-29 14:44:16,006 - <EMW SLExA ETL> - INFO - Treatment 'U' converted to 'UO' for candidate 'CR300LA GI40/40-U 858 x 2'.
2024-11-29 14:44:16,006 - <EMW SLExA ETL> - INFO - Candidate 'CR300LA GI40/40-U 858 x 2' matched with grade & coating 'CR300LA-GI' and coating '40/40' (Score: 1.00).
2024-11-29 14:44:16,007 - <EMW SLExA ETL> - WARNING - Could not find any treatment in candidate 'CR4 GI40/40  768 x 0,75mm'.
2024-11-29 14:44:16,007 - <EMW SLExA ETL> - INFO - Candidate 'CR4 GI40/40  768 x 0,75mm' matched with grade & coating 'CR4-GI' and coating '40/40' (Score: 1.00).
2024-11-29 14:44:16,007 - <EMW SLExA ETL> - WARNING - Could not find any treatment in candidate 'S420MC + P 170 X 3'.
2024-11-29 14:44:16,008 - <EMW SLExA ETL> - INFO - Candidate 'S420MC + P 170 X 3' matched with grade & coating 'S420MC' and coating 'None' (Score: 1.00).
2024-11-29 14:44:16,008 - <EMW SLExA ETL> - WARNING - Could not find any treatment in candidate 'CR210BH GI50/50 431 X 2'.
2024-11-29 14:44:16,008 - <EMW SLExA ETL> - INFO - Candidate 'CR210BH GI50/50 431 X 2' matched with grade & coating 'CR210BH-GI' and coating '50/50' (Score: 1.00).
2024-11-29 14:44:16,009 - <EMW SLExA ETL> - INFO - Treatment 'U' converted to 'UO' for candidate 'CR380LA-GI50/50-U 578 x 1,6'.
2024-11-29 14:44:16,009 - <EMW SLExA ETL> - INFO - Candidate 'CR380LA-GI50/50-U 578 x 1,6' matched with grade & coating 'CR380LA-GI' and coating '50/50' (Score: 1.00).
2024-11-29 14:44:16,011 - <EMW SLExA ETL> - INFO - Treatment 'U' converted to 'UO' for candidate 'CR340LA GI50/50-U 449 x 1,50 mm'.
2024-11-29 14:44:16,011 - <EMW SLExA ETL> - INFO - Candidate 'CR340LA GI50/50-U 449 x 1,50 mm' matched with grade & coating 'CR340LA-GI' and coating '50/50' (Score: 1.00).
2024-11-29 14:44:16,012 - <EMW SLExA ETL> - INFO - Treatment 'U' converted to 'UO' for candidate 'CR300LA-GI50/50-U 405 x 1.7'.
2024-11-29 14:44:16,012 - <EMW SLExA ETL> - INFO - Candidate 'CR300LA-GI50/50-U 405 x 1.7' matched with grade & coating 'CR300LA-GI' and coating '50/50' (Score: 1.00).
2024-11-29 14:44:16,013 - <EMW SLExA ETL> - INFO - Treatment 'U' converted to 'UO' for candidate 'CR330Y590T-DP GI50/50U  840 x 1,35'.
2024-11-29 14:44:16,013 - <EMW SLExA ETL> - INFO - Candidate 'CR330Y590T-DP GI50/50U  840 x 1,35' matched with grade & coating 'CR330Y590T-DP-GI' and coating '50/50' (Score: 1.00).
2024-11-29 14:44:16,014 - <EMW SLExA ETL> - INFO - Treatment 'U' converted to 'UO' for candidate 'CR460LA-GI50/50-U 384 X 1.5'.
2024-11-29 14:44:16,014 - <EMW SLExA ETL> - INFO - Candidate 'CR460LA-GI50/50-U 384 X 1.5' matched with grade & coating 'CR460LA-GI' and coating '50/50' (Score: 1.00).
2024-11-29 14:44:16,016 - <EMW SLExA ETL> - INFO - Candidate 'CR380LA G40/40 U-O 633x2 (+/- 0,085)' matched with grade 'CR380LA' and no coating (Score: 1.00).
2024-11-29 14:44:16,016 - <EMW SLExA ETL> - INFO - Treatment 'uo' found in candidate 'CR380LA G40/40 U-O 633x2 (+/- 0,085)'.
2024-11-29 14:44:16,018 - <EMW SLExA ETL> - WARNING - Candidate 'HC700 LA   470 x 1,5' at index 78 did not match any reference.
2024-11-29 14:44:16,019 - <EMW SLExA ETL> - INFO - Candidate 'HR700LA 175x5mm' matched with grade 'HR700LA' and no coating (Score: 1.00).
2024-11-29 14:44:16,019 - <EMW SLExA ETL> - WARNING - Could not find any treatment in candidate 'HR700LA 175x5mm'.
2024-11-29 14:44:16,020 - <EMW SLExA ETL> - INFO - Treatment 'U' converted to 'UO' for candidate 'CR380LA-GI50/50-U 417 x 2'.
2024-11-29 14:44:16,020 - <EMW SLExA ETL> - INFO - Candidate 'CR380LA-GI50/50-U 417 x 2' matched with grade & coating 'CR380LA-GI' and coating '50/50' (Score: 1.00).
2024-11-29 14:44:16,021 - <EMW SLExA ETL> - WARNING - Could not find any treatment in candidate 'S315MC  485 x 6mm'.
2024-11-29 14:44:16,021 - <EMW SLExA ETL> - INFO - Candidate 'S315MC  485 x 6mm' matched with grade & coating 'S315MC' and coating 'None' (Score: 1.00).
2024-11-29 14:44:16,022 - <EMW SLExA ETL> - INFO - Treatment 'U' converted to 'UO' for candidate 'CR380LA-GI50/50-U 375 x 2mm'.
2024-11-29 14:44:16,022 - <EMW SLExA ETL> - INFO - Candidate 'CR380LA-GI50/50-U 375 x 2mm' matched with grade & coating 'CR380LA-GI' and coating '50/50' (Score: 1.00).
2024-11-29 14:44:16,023 - <EMW SLExA ETL> - INFO - Treatment 'uo' found in candidate 'CR700Y980T-DP GI40/40 UO 225,2(0/-0,2)x1'.
2024-11-29 14:44:16,023 - <EMW SLExA ETL> - INFO - Candidate 'CR700Y980T-DP GI40/40 UO 225,2(0/-0,2)x1' matched with grade & coating 'CR700Y980T-DP-GI' and coating '40/40' (Score: 1.00).
2024-11-29 14:44:16,025 - <EMW SLExA ETL> - INFO - Treatment 'U' converted to 'UO' for candidate 'CR210LA-GI40/40-U 376 x 2,50'.
2024-11-29 14:44:16,025 - <EMW SLExA ETL> - INFO - Candidate 'CR210LA-GI40/40-U 376 x 2,50' matched with grade & coating 'CR210LA-GI' and coating '40/40' (Score: 1.00).
2024-11-29 14:44:16,026 - <EMW SLExA ETL> - INFO - Treatment 'U' converted to 'UO' for candidate 'CR300LA-GI50/50-U 661 x 1.5'.
2024-11-29 14:44:16,026 - <EMW SLExA ETL> - INFO - Candidate 'CR300LA-GI50/50-U 661 x 1.5' matched with grade & coating 'CR300LA-GI' and coating '50/50' (Score: 1.00).
2024-11-29 14:44:16,027 - <EMW SLExA ETL> - WARNING - Could not find any treatment in candidate 'S420MC  310x2,50mm'.
2024-11-29 14:44:16,027 - <EMW SLExA ETL> - INFO - Candidate 'S420MC  310x2,50mm' matched with grade & coating 'S420MC' and coating 'None' (Score: 1.00).
2024-11-29 14:44:16,028 - <EMW SLExA ETL> - INFO - Treatment 'U' converted to 'UO' for candidate 'CR330Y590T-DP GI40/40-U  754 x 1,20mm'.
2024-11-29 14:44:16,028 - <EMW SLExA ETL> - INFO - Candidate 'CR330Y590T-DP GI40/40-U  754 x 1,20mm' matched with grade & coating 'CR330Y590T-DP-GI' and coating '40/40' (Score: 1.00).
2024-11-29 14:44:16,029 - <EMW SLExA ETL> - INFO - Treatment 'U' converted to 'UO' for candidate 'CR290Y490T-DP-GI GI40/40 U 547 X 1,2'.
2024-11-29 14:44:16,029 - <EMW SLExA ETL> - INFO - Candidate 'CR290Y490T-DP-GI GI40/40 U 547 X 1,2' matched with grade & coating 'CR290Y490T-DP-GI' and coating '40/40' (Score: 1.00).
2024-11-29 14:44:16,030 - <EMW SLExA ETL> - INFO - Treatment 'U' converted to 'UO' for candidate 'CR440Y780T-DP GI50/50-U  695 x 1,50mm'.
2024-11-29 14:44:16,030 - <EMW SLExA ETL> - INFO - Candidate 'CR440Y780T-DP GI50/50-U  695 x 1,50mm' matched with grade & coating 'CR440Y780T-DP-GI' and coating '50/50' (Score: 1.00).
2024-11-29 14:44:16,031 - <EMW SLExA ETL> - WARNING - Could not find any treatment in candidate 'CR240LA EG53/53 355 x 1,75 MM'.
2024-11-29 14:44:16,031 - <EMW SLExA ETL> - INFO - Candidate 'CR240LA EG53/53 355 x 1,75 MM' matched with grade & coating 'CR240LA-EG' and coating '53/53' (Score: 1.00).
2024-11-29 14:44:16,032 - <EMW SLExA ETL> - INFO - Treatment 'uo' found in candidate 'CR590Y980T-DP-GI40/40U-O 242,3x1,20(0,11'.
2024-11-29 14:44:16,033 - <EMW SLExA ETL> - INFO - Candidate 'CR590Y980T-DP-GI40/40U-O 242,3x1,20(0,11' matched with grade & coating 'CR590Y980T-DP-GI' and coating '40/40' (Score: 1.00).
2024-11-29 14:44:16,034 - <EMW SLExA ETL> - INFO - Treatment 'mbo' found in candidate 'HX420LAD + Z100 MBO  853 x 1,85'.
2024-11-29 14:44:16,034 - <EMW SLExA ETL> - INFO - Candidate 'HX420LAD + Z100 MBO  853 x 1,85' matched with grade & coating 'HX420LAD+Z' and coating '100' (Score: 1.00).
2024-11-29 14:44:16,035 - <EMW SLExA ETL> - WARNING - Could not find any treatment in candidate 'CR300LA GI40/40 836 x 1,20mm'.
2024-11-29 14:44:16,035 - <EMW SLExA ETL> - INFO - Candidate 'CR300LA GI40/40 836 x 1,20mm' matched with grade & coating 'CR300LA-GI' and coating '40/40' (Score: 1.00).
2024-11-29 14:44:16,036 - <EMW SLExA ETL> - WARNING - Could not find any treatment in candidate 'CR440Y780T-DP GI40/40 182,1(0/+0,2)x1,75'.
2024-11-29 14:44:16,036 - <EMW SLExA ETL> - INFO - Candidate 'CR440Y780T-DP GI40/40 182,1(0/+0,2)x1,75' matched with grade & coating 'CR440Y780T-DP-GI' and coating '40/40' (Score: 1.00).
2024-11-29 14:44:16,038 - <EMW SLExA ETL> - WARNING - Could not find any treatment in candidate 'CR700Y980T-DP-EG47/47 235,7 x 1(+/-0,07)'.
2024-11-29 14:44:16,038 - <EMW SLExA ETL> - INFO - Candidate 'CR700Y980T-DP-EG47/47 235,7 x 1(+/-0,07)' matched with grade & coating 'CR700Y980T-DP-EG' and coating '47/47' (Score: 1.00).
2024-11-29 14:44:16,039 - <EMW SLExA ETL> - INFO - Treatment 'U' converted to 'UO' for candidate 'CR300LA GI40/40 U 506 X 2,50'.
2024-11-29 14:44:16,039 - <EMW SLExA ETL> - INFO - Candidate 'CR300LA GI40/40 U 506 X 2,50' matched with grade & coating 'CR300LA-GI' and coating '40/40' (Score: 1.00).
2024-11-29 14:44:16,040 - <EMW SLExA ETL> - INFO - Treatment 'uo' found in candidate 'CR300LA-GI40/40-U-O 837 x 1,40 mm'.
2024-11-29 14:44:16,040 - <EMW SLExA ETL> - INFO - Candidate 'CR300LA-GI40/40-U-O 837 x 1,40 mm' matched with grade & coating 'CR300LA-GI' and coating '40/40' (Score: 1.00).
2024-11-29 14:44:16,041 - <EMW SLExA ETL> - INFO - Treatment 'U' converted to 'UO' for candidate 'CR420LA GI40/40-U  860 x 2,50mm'.
2024-11-29 14:44:16,041 - <EMW SLExA ETL> - INFO - Candidate 'CR420LA GI40/40-U  860 x 2,50mm' matched with grade & coating 'CR420LA-GI' and coating '40/40' (Score: 1.00).
2024-11-29 14:44:16,042 - <EMW SLExA ETL> - INFO - Treatment 'uo' found in candidate 'CR240LA GI40/40-U-O  670 x 1mm(+/-0,07)'.
2024-11-29 14:44:16,042 - <EMW SLExA ETL> - INFO - Candidate 'CR240LA GI40/40-U-O  670 x 1mm(+/-0,07)' matched with grade & coating 'CR240LA-GI' and coating '40/40' (Score: 1.00).
2024-11-29 14:44:16,043 - <EMW SLExA ETL> - INFO - Treatment 'U' converted to 'UO' for candidate 'CR700Y980T-DP GI40/40-U 562 x 2,10 mm'.
2024-11-29 14:44:16,043 - <EMW SLExA ETL> - INFO - Candidate 'CR700Y980T-DP GI40/40-U 562 x 2,10 mm' matched with grade & coating 'CR700Y980T-DP-GI' and coating '40/40' (Score: 1.00).
2024-11-29 14:44:16,045 - <EMW SLExA ETL> - WARNING - Candidate 'CR330Y590T‐DP GI40/40-U 742 x 1,50mm' at index 101 did not match any reference.
2024-11-29 14:44:16,046 - <EMW SLExA ETL> - INFO - Treatment 'mbo' found in candidate 'HX340LAD+Z100MBO 292 x 2'.
2024-11-29 14:44:16,046 - <EMW SLExA ETL> - INFO - Candidate 'HX340LAD+Z100MBO 292 x 2' matched with grade & coating 'HX340LAD+Z' and coating '100' (Score: 1.00).
2024-11-29 14:44:16,047 - <EMW SLExA ETL> - INFO - Treatment 'U' converted to 'UO' for candidate 'CR300LA GI40/40-U 762x 1,50mm (+/-0,11)'.
2024-11-29 14:44:16,048 - <EMW SLExA ETL> - INFO - Candidate 'CR300LA GI40/40-U 762x 1,50mm (+/-0,11)' matched with grade & coating 'CR300LA-GI' and coating '40/40' (Score: 1.00).
2024-11-29 14:44:16,049 - <EMW SLExA ETL> - WARNING - Could not find any treatment in candidate 'CR440Y780T-DP GI40/40  695 x 1,20mm'.
2024-11-29 14:44:16,049 - <EMW SLExA ETL> - INFO - Candidate 'CR440Y780T-DP GI40/40  695 x 1,20mm' matched with grade & coating 'CR440Y780T-DP-GI' and coating '40/40' (Score: 1.00).
2024-11-29 14:44:16,050 - <EMW SLExA ETL> - INFO - Treatment 'U' converted to 'UO' for candidate 'CR240IF GI40/40-U  748 x 1,7mm'.
2024-11-29 14:44:16,050 - <EMW SLExA ETL> - INFO - Candidate 'CR240IF GI40/40-U  748 x 1,7mm' matched with grade & coating 'CR240IF-GI' and coating '40/40' (Score: 1.00).
2024-11-29 14:44:16,051 - <EMW SLExA ETL> - INFO - Candidate 'CR210LA  780 x 2' matched with grade 'CR2' and no coating (Score: 1.00).
2024-11-29 14:44:16,051 - <EMW SLExA ETL> - WARNING - Could not find any treatment in candidate 'CR210LA  780 x 2'.
2024-11-29 14:44:16,053 - <EMW SLExA ETL> - INFO - Treatment 'U' converted to 'UO' for candidate 'CR440Y780T-DP-GI40/40 U 872x1,50(+/-0,15'.
2024-11-29 14:44:16,053 - <EMW SLExA ETL> - INFO - Candidate 'CR440Y780T-DP-GI40/40 U 872x1,50(+/-0,15' matched with grade & coating 'CR440Y780T-DP-GI' and coating '40/40' (Score: 1.00).
2024-11-29 14:44:16,054 - <EMW SLExA ETL> - WARNING - Candidate '1C 444 x 3,00mm' at index 108 did not match any reference.
2024-11-29 14:44:16,055 - <EMW SLExA ETL> - INFO - Treatment 'U' converted to 'UO' for candidate 'CR380LA GI40/40 U 434 X 2,50'.
2024-11-29 14:44:16,055 - <EMW SLExA ETL> - INFO - Candidate 'CR380LA GI40/40 U 434 X 2,50' matched with grade & coating 'CR380LA-GI' and coating '40/40' (Score: 1.00).
2024-11-29 14:44:16,056 - <EMW SLExA ETL> - INFO - Candidate 'E390D 724 x 1,75mm' matched with grade 'E390D' and no coating (Score: 1.00).
2024-11-29 14:44:16,056 - <EMW SLExA ETL> - WARNING - Could not find any treatment in candidate 'E390D 724 x 1,75mm'.
2024-11-29 14:44:16,057 - <EMW SLExA ETL> - INFO - Treatment 'U' converted to 'UO' for candidate 'CR380LA GI40/40 U 711 X 3'.
2024-11-29 14:44:16,058 - <EMW SLExA ETL> - INFO - Candidate 'CR380LA GI40/40 U 711 X 3' matched with grade & coating 'CR380LA-GI' and coating '40/40' (Score: 1.00).
2024-11-29 14:44:16,059 - <EMW SLExA ETL> - INFO - Treatment 'uo' found in candidate 'CR380LA-GI40/40-U-O 859x1mm (+/-0,08)'.
2024-11-29 14:44:16,059 - <EMW SLExA ETL> - INFO - Candidate 'CR380LA-GI40/40-U-O 859x1mm (+/-0,08)' matched with grade & coating 'CR380LA-GI' and coating '40/40' (Score: 1.00).
2024-11-29 14:44:16,060 - <EMW SLExA ETL> - WARNING - Candidate '1C 515 x 2,00mm' at index 113 did not match any reference.
2024-11-29 14:44:16,061 - <EMW SLExA ETL> - INFO - Treatment 'mbo' found in candidate 'HX340LAD +Z100MBO  645 x 1,50'.
2024-11-29 14:44:16,061 - <EMW SLExA ETL> - INFO - Candidate 'HX340LAD +Z100MBO  645 x 1,50' matched with grade & coating 'HX340LAD+Z' and coating '100' (Score: 1.00).
2024-11-29 14:44:16,062 - <EMW SLExA ETL> - INFO - Treatment 'uo' found in candidate 'CR380LA-GI40/40-U-O 458x1,5mm(+/-0,07)'.
2024-11-29 14:44:16,062 - <EMW SLExA ETL> - INFO - Candidate 'CR380LA-GI40/40-U-O 458x1,5mm(+/-0,07)' matched with grade & coating 'CR380LA-GI' and coating '40/40' (Score: 1.00).
2024-11-29 14:44:16,064 - <EMW SLExA ETL> - WARNING - Candidate 'CR440Y780T‐DP GI40/40-U 553 x 1,80 mm' at index 116 did not match any reference.
2024-11-29 14:44:16,065 - <EMW SLExA ETL> - INFO - Treatment 'U' converted to 'UO' for candidate 'CR330Y590T-DP-GI40/40-U 555 x 1,80 mm'.
2024-11-29 14:44:16,065 - <EMW SLExA ETL> - INFO - Candidate 'CR330Y590T-DP-GI40/40-U 555 x 1,80 mm' matched with grade & coating 'CR330Y590T-DP-GI' and coating '40/40' (Score: 1.00).
2024-11-29 14:44:16,066 - <EMW SLExA ETL> - WARNING - Could not find any treatment in candidate 'CR340LA GI50/50  684 x 1,50mm'.
2024-11-29 14:44:16,066 - <EMW SLExA ETL> - INFO - Candidate 'CR340LA GI50/50  684 x 1,50mm' matched with grade & coating 'CR340LA-GI' and coating '50/50' (Score: 1.00).
2024-11-29 14:44:16,067 - <EMW SLExA ETL> - INFO - Treatment 'U' converted to 'UO' for candidate 'CR270LA GI40/40-U 731x1-Otp21031(+/-0,07'.
2024-11-29 14:44:16,067 - <EMW SLExA ETL> - INFO - Candidate 'CR270LA GI40/40-U 731x1-Otp21031(+/-0,07' matched with grade & coating 'CR270LA-GI' and coating '40/40' (Score: 1.00).
2024-11-29 14:44:16,069 - <EMW SLExA ETL> - WARNING - Could not find any treatment in candidate 'DX54D+Z (1.0306) 905x0,65mm.'.
2024-11-29 14:44:16,069 - <EMW SLExA ETL> - INFO - Candidate 'DX54D+Z (1.0306) 905x0,65mm.' matched with grade & coating 'DX54D+Z' and coating 'None' (Score: 1.00).
2024-11-29 14:44:16,071 - <EMW SLExA ETL> - WARNING - Candidate 'DC04 (1.0338), 700x1,5mm.' at index 121 did not match any reference.
2024-11-29 14:44:16,072 - <EMW SLExA ETL> - INFO - Candidate 'CR270LA 765 x 1,00 mm' matched with grade 'CR270LA' and no coating (Score: 1.00).
2024-11-29 14:44:16,072 - <EMW SLExA ETL> - WARNING - Could not find any treatment in candidate 'CR270LA 765 x 1,00 mm'.
2024-11-29 14:44:16,073 - <EMW SLExA ETL> - INFO - Candidate dimension 'HX260LADZ100MB 740x1.00' split into (1.0, 740.0, None)
2024-11-29 14:44:16,073 - <EMW SLExA ETL> - INFO - Candidate dimension 'CR3 GI50/50U 1008x1.00' split into (1.0, 1008.0, None)
2024-11-29 14:44:16,073 - <EMW SLExA ETL> - INFO - Candidate dimension 'HX260LADZ100MB 780x2.00' split into (2.0, 780.0, None)
2024-11-29 14:44:16,073 - <EMW SLExA ETL> - INFO - Candidate dimension 'CR3U  930x1.00' split into (1.0, 930.0, None)
2024-11-29 14:44:16,074 - <EMW SLExA ETL> - INFO - Candidate dimension 'CR440Y780TDP GI50/50  477 x 2' split into (2.0, 477.0, None)
2024-11-29 14:44:16,074 - <EMW SLExA ETL> - INFO - Candidate dimension 'CR440Y780TDP GI50/50  442 x 2' split into (2.0, 442.0, None)
2024-11-29 14:44:16,074 - <EMW SLExA ETL> - INFO - Candidate dimension 'CR440Y780TDP GI50/50  568 x 2.50' split into (2.5, 568.0, None)
2024-11-29 14:44:16,074 - <EMW SLExA ETL> - INFO - Candidate dimension 'CR440Y780TDP GI50/50  203 x 1.50' split into (1.5, 203.0, None)
2024-11-29 14:44:16,074 - <EMW SLExA ETL> - INFO - Candidate dimension 'HR700MC 253 X 5' split into (5.0, 253.0, None)
2024-11-29 14:44:16,074 - <EMW SLExA ETL> - INFO - Candidate dimension 'CR590Y980TDPGI40/40U 670 x 2.10' split into (2.1, 670.0, None)
2024-11-29 14:44:16,074 - <EMW SLExA ETL> - INFO - Candidate dimension 'CR340LA GI50/50U 934 x 0.75' split into (0.75, 934.0, None)
2024-11-29 14:44:16,074 - <EMW SLExA ETL> - INFO - Candidate dimension 'CR3 GI 50/50U 1086 x 0.70' split into (0.7, 1086.0, None)
2024-11-29 14:44:16,075 - <EMW SLExA ETL> - INFO - Candidate dimension 'CR3 GI50/50U 612 x 1.25' split into (1.25, 612.0, None)
2024-11-29 14:44:16,075 - <EMW SLExA ETL> - INFO - Candidate dimension 'CR340LA GI 50/50U 898 x 0.75' split into (0.75, 898.0, None)
2024-11-29 14:44:16,075 - <EMW SLExA ETL> - INFO - Candidate dimension 'CR340LA GI 50/50U 850 x 0.75' split into (0.75, 850.0, None)
2024-11-29 14:44:16,075 - <EMW SLExA ETL> - INFO - Candidate dimension 'CR3 GI 50/50U 997 x 0.70' split into (0.7, 997.0, None)
2024-11-29 14:44:16,075 - <EMW SLExA ETL> - INFO - Candidate dimension 'CR3 GI50/50U 450 x 0.70' split into (0.7, 450.0, None)
2024-11-29 14:44:16,075 - <EMW SLExA ETL> - INFO - Candidate dimension 'CR380LA ZM35/35U 803 x 1.20' split into (1.2, 803.0, None)
2024-11-29 14:44:16,075 - <EMW SLExA ETL> - INFO - Candidate dimension 'CR440Y780TDPGI40/40U 485 x 1.15' split into (1.15, 485.0, None)
2024-11-29 14:44:16,076 - <EMW SLExA ETL> - INFO - Candidate dimension 'CR3 GI50/50U 265 x 2.00' split into (2.0, 265.0, None)
2024-11-29 14:44:16,076 - <EMW SLExA ETL> - INFO - Candidate dimension 'CR440Y780TDPGI40/40U 357 x 1.15' split into (1.15, 357.0, None)
2024-11-29 14:44:16,076 - <EMW SLExA ETL> - INFO - Candidate dimension 'CR440Y780TDPGI40/40U 253 x 1.15' split into (1.15, 253.0, None)
2024-11-29 14:44:16,076 - <EMW SLExA ETL> - INFO - Candidate dimension 'CR3 GI50/50U 184 x 1.75' split into (1.75, 184.0, None)
2024-11-29 14:44:16,076 - <EMW SLExA ETL> - INFO - Candidate dimension 'CR3 GI50/50U 228 x 1.75' split into (1.75, 228.0, None)
2024-11-29 14:44:16,076 - <EMW SLExA ETL> - INFO - Candidate dimension 'CR590Y980TDPGI40/40 228.0 x 1.2 ' split into (1.2, 228.0, None)
2024-11-29 14:44:16,076 - <EMW SLExA ETL> - INFO - Candidate dimension 'CR440Y780T DPGI40/40U 560 X 2' split into (2.0, 560.0, None)
2024-11-29 14:44:16,076 - <EMW SLExA ETL> - INFO - Candidate dimension 'CR700Y980TDPGI40/40U 456 x 2.10' split into (2.1, 456.0, None)
2024-11-29 14:44:16,077 - <EMW SLExA ETL> - INFO - Candidate dimension 'CR330Y590TDH GI50/50  1355 x 1.25' split into (1.25, 1355.0, None)
2024-11-29 14:44:16,077 - <EMW SLExA ETL> - INFO - Candidate dimension 'CR440Y780T DPGI40/40U 614 X 2' split into (2.0, 614.0, None)
2024-11-29 14:44:16,077 - <EMW SLExA ETL> - INFO - Candidate dimension 'CR700Y980TDPGI40/40U 669 x 2' split into (2.0, 669.0, None)
2024-11-29 14:44:16,077 - <EMW SLExA ETL> - INFO - Candidate dimension 'CR440Y780T‐DPGI40/40U 270 X 1' split into (1.0, 270.0, None)
2024-11-29 14:44:16,077 - <EMW SLExA ETL> - INFO - Candidate dimension 'CR590Y980TDPGI40/40U 432 x 2.10' split into (2.1, 432.0, None)
2024-11-29 14:44:16,077 - <EMW SLExA ETL> - INFO - Candidate dimension 'CR330Y590TDH GI50/50  665 x 1.25' split into (1.25, 665.0, None)
2024-11-29 14:44:16,077 - <EMW SLExA ETL> - INFO - Candidate dimension 'CR590Y980TDPGI40/40U 399 x 2.10' split into (2.1, 399.0, None)
2024-11-29 14:44:16,077 - <EMW SLExA ETL> - INFO - Candidate dimension 'CR590Y980TDP GI50/50  823 x 1.50' split into (1.5, 823.0, None)
2024-11-29 14:44:16,078 - <EMW SLExA ETL> - INFO - Candidate dimension 'CR440Y780TDP GI50/50  658 x 1.75' split into (1.75, 658.0, None)
2024-11-29 14:44:16,078 - <EMW SLExA ETL> - INFO - Candidate dimension 'CR440Y780TDPGI40/40U 485 x 1.15' split into (1.15, 485.0, None)
2024-11-29 14:44:16,078 - <EMW SLExA ETL> - INFO - Candidate dimension 'CR440Y780TDPGI40/40U 357 x 1.15' split into (1.15, 357.0, None)
2024-11-29 14:44:16,078 - <EMW SLExA ETL> - INFO - Candidate dimension 'CR440Y780TDPGI40/40U 307 x 1.15' split into (1.15, 307.0, None)
2024-11-29 14:44:16,078 - <EMW SLExA ETL> - INFO - Candidate dimension 'CR440Y780TDPGI40/40U 256 x 1.15' split into (1.15, 256.0, None)
2024-11-29 14:44:16,078 - <EMW SLExA ETL> - INFO - Candidate dimension 'CR240LA GI40/40U 709x1.50' split into (1.5, 709.0, None)
2024-11-29 14:44:16,078 - <EMW SLExA ETL> - INFO - Candidate dimension 'HX260LADZ100MB 900x1.46' split into (1.46, 900.0, None)
2024-11-29 14:44:16,078 - <EMW SLExA ETL> - INFO - Candidate dimension 'HX260LADZ100MB 810x2.00' split into (2.0, 810.0, None)
2024-11-29 14:44:16,079 - <EMW SLExA ETL> - INFO - Candidate dimension 'HX260LADZ100MB  925x2.00' split into (2.0, 925.0, None)
2024-11-29 14:44:16,079 - <EMW SLExA ETL> - INFO - Candidate dimension 'HC260LAZE75/75A 1150x2.00' split into (2.0, 1150.0, None)
2024-11-29 14:44:16,079 - <EMW SLExA ETL> - INFO - Candidate dimension 'CR270LA GI50/50U 830x0.87' split into (0.87, 830.0, None)
2024-11-29 14:44:16,079 - <EMW SLExA ETL> - INFO - Candidate dimension 'CR240LAU  925x1.50' split into (1.5, 925.0, None)
2024-11-29 14:44:16,079 - <EMW SLExA ETL> - INFO - Candidate dimension 'HX260LADZ100MB 680x2.50' split into (2.5, 680.0, None)
2024-11-29 14:44:16,079 - <EMW SLExA ETL> - INFO - Candidate dimension 'HX260LADZ100MB 675x2.00' split into (2.0, 675.0, None)
2024-11-29 14:44:16,079 - <EMW SLExA ETL> - INFO - Candidate dimension 'CR3U  450x1.20' split into (1.2, 450.0, None)
2024-11-29 14:44:16,080 - <EMW SLExA ETL> - INFO - Candidate dimension 'CR590Y980TDP GI 40/40 231.2x1.20' split into (1.2, 231.2, None)
2024-11-29 14:44:16,080 - <EMW SLExA ETL> - INFO - Candidate dimension 'CR340LA GI40/40 U 695 x 3' split into (3.0, 695.0, None)
2024-11-29 14:44:16,080 - <EMW SLExA ETL> - INFO - Candidate dimension 'CR300LA GI40/40 U 824 X 1.50' split into (1.5, 824.0, None)
2024-11-29 14:44:16,080 - <EMW SLExA ETL> - INFO - Candidate dimension 'CR330Y590TDH GI50/50U 800 x 1.50' split into (1.5, 800.0, None)
2024-11-29 14:44:16,080 - <EMW SLExA ETL> - INFO - Candidate dimension 'CR3 GI50/50U  489 x 1.25' split into (1.25, 489.0, None)
2024-11-29 14:44:16,080 - <EMW SLExA ETL> - INFO - Candidate dimension 'CR380LA GI40/40 U 649 x 1' split into (1.0, 649.0, None)
2024-11-29 14:44:16,080 - <EMW SLExA ETL> - INFO - Candidate dimension 'CR340LA GI40/40 U 466 X 2.50' split into (2.5, 466.0, None)
2024-11-29 14:44:16,080 - <EMW SLExA ETL> - INFO - Candidate dimension 'CR340LA GI50/50U 814 x 2.25 ' split into (2.25, 814.0, None)
2024-11-29 14:44:16,081 - <EMW SLExA ETL> - INFO - Candidate dimension 'CR440Y780T‐DP GI40/40U 788 x 2' split into (2.0, 788.0, None)
2024-11-29 14:44:16,081 - <EMW SLExA ETL> - INFO - Candidate dimension 'S315MC P 500x2' split into (2.0, 500.0, None)
2024-11-29 14:44:16,081 - <EMW SLExA ETL> - INFO - Candidate dimension 'CR700Y980TDP GI40/40U 575 x 2.00 ' split into (2.0, 575.0, None)
2024-11-29 14:44:16,081 - <EMW SLExA ETL> - INFO - Candidate dimension 'CR380LA GI40/40 U 580 X 1.50' split into (1.5, 580.0, None)
2024-11-29 14:44:16,081 - <EMW SLExA ETL> - INFO - Candidate dimension 'CR300LA GI40/40 U 780 X 2' split into (2.0, 780.0, None)
2024-11-29 14:44:16,081 - <EMW SLExA ETL> - INFO - Candidate dimension 'HX260LAD Z100MBO 840 X 1.30' split into (1.3, 840.0, None)
2024-11-29 14:44:16,081 - <EMW SLExA ETL> - INFO - Candidate dimension 'CR210BH L GI50/50U 358 X 1.8' split into (1.8, 358.0, None)
2024-11-29 14:44:16,081 - <EMW SLExA ETL> - INFO - Candidate dimension 'CR210BH GI50/50 615 X 1.8' split into (1.8, 615.0, None)
2024-11-29 14:44:16,082 - <EMW SLExA ETL> - INFO - Candidate dimension 'CR300LA GI40/40  575 x 2' split into (2.0, 575.0, None)
2024-11-29 14:44:16,082 - <EMW SLExA ETL> - INFO - Candidate dimension 'CR340LA GI50/50 736 x 1.50' split into (1.5, 736.0, None)
2024-11-29 14:44:16,082 - <EMW SLExA ETL> - INFO - Candidate dimension 'CR300LA GI40/40U 858 x 2' split into (2.0, 858.0, None)
2024-11-29 14:44:16,082 - <EMW SLExA ETL> - INFO - Candidate dimension 'CR4 GI40/40  768 x 0.75' split into (0.75, 768.0, None)
2024-11-29 14:44:16,082 - <EMW SLExA ETL> - INFO - Candidate dimension 'S420MC P 170 X 3' split into (3.0, 170.0, None)
2024-11-29 14:44:16,082 - <EMW SLExA ETL> - INFO - Candidate dimension 'CR210BH GI50/50 431 X 2' split into (2.0, 431.0, None)
2024-11-29 14:44:16,082 - <EMW SLExA ETL> - INFO - Candidate dimension 'CR380LAGI50/50U 578 x 1.6' split into (1.6, 578.0, None)
2024-11-29 14:44:16,083 - <EMW SLExA ETL> - INFO - Candidate dimension 'CR340LA GI50/50U 449 x 1.50 ' split into (1.5, 449.0, None)
2024-11-29 14:44:16,083 - <EMW SLExA ETL> - INFO - Candidate dimension 'CR300LAGI50/50U 405 x 1.7' split into (1.7, 405.0, None)
2024-11-29 14:44:16,083 - <EMW SLExA ETL> - INFO - Candidate dimension 'CR330Y590TDP GI50/50U  840 x 1.35' split into (1.35, 840.0, None)
2024-11-29 14:44:16,083 - <EMW SLExA ETL> - INFO - Candidate dimension 'CR460LAGI50/50U 384 X 1.5' split into (1.5, 384.0, None)
2024-11-29 14:44:16,083 - <EMW SLExA ETL> - INFO - Candidate dimension 'CR380LA G40/40 UO 633x2 ' split into (2.0, 633.0, None)
2024-11-29 14:44:16,083 - <EMW SLExA ETL> - INFO - Candidate dimension 'HC700 LA   470 x 1.5' split into (1.5, 470.0, None)
2024-11-29 14:44:16,083 - <EMW SLExA ETL> - INFO - Candidate dimension 'HR700LA 175x5' split into (5.0, 175.0, None)
2024-11-29 14:44:16,083 - <EMW SLExA ETL> - INFO - Candidate dimension 'CR380LAGI50/50U 417 x 2' split into (2.0, 417.0, None)
2024-11-29 14:44:16,084 - <EMW SLExA ETL> - INFO - Candidate dimension 'S315MC  485 x 6' split into (6.0, 485.0, None)
2024-11-29 14:44:16,084 - <EMW SLExA ETL> - INFO - Candidate dimension 'CR380LAGI50/50U 375 x 2' split into (2.0, 375.0, None)
2024-11-29 14:44:16,084 - <EMW SLExA ETL> - INFO - Candidate dimension 'CR700Y980TDP GI40/40 UO 225.2x1' split into (1.0, 225.2, None)
2024-11-29 14:44:16,084 - <EMW SLExA ETL> - INFO - Candidate dimension 'CR210LAGI40/40U 376 x 2.50' split into (2.5, 376.0, None)
2024-11-29 14:44:16,084 - <EMW SLExA ETL> - INFO - Candidate dimension 'CR300LAGI50/50U 661 x 1.5' split into (1.5, 661.0, None)
2024-11-29 14:44:16,084 - <EMW SLExA ETL> - INFO - Candidate dimension 'S420MC  310x2.50' split into (2.5, 310.0, None)
2024-11-29 14:44:16,084 - <EMW SLExA ETL> - INFO - Candidate dimension 'CR330Y590TDP GI40/40U  754 x 1.20' split into (1.2, 754.0, None)
2024-11-29 14:44:16,084 - <EMW SLExA ETL> - INFO - Candidate dimension 'CR290Y490TDPGI GI40/40 U 547 X 1.2' split into (1.2, 547.0, None)
2024-11-29 14:44:16,085 - <EMW SLExA ETL> - INFO - Candidate dimension 'CR440Y780TDP GI50/50U  695 x 1.50' split into (1.5, 695.0, None)
2024-11-29 14:44:16,085 - <EMW SLExA ETL> - INFO - Candidate dimension 'CR240LA EG53/53 355 x 1.75 MM' split into (1.75, 355.0, None)
2024-11-29 14:44:16,085 - <EMW SLExA ETL> - INFO - Candidate dimension 'CR590Y980TDPGI40/40UO 242.3x1.20(0.11' split into (1.2, 242.3, None)
2024-11-29 14:44:16,085 - <EMW SLExA ETL> - INFO - Candidate dimension 'HX420LAD Z100 MBO  853 x 1.85' split into (1.85, 853.0, None)
2024-11-29 14:44:16,085 - <EMW SLExA ETL> - INFO - Candidate dimension 'CR300LA GI40/40 836 x 1.20' split into (1.2, 836.0, None)
2024-11-29 14:44:16,085 - <EMW SLExA ETL> - INFO - Candidate dimension 'CR440Y780TDP GI40/40 182.1x1.75' split into (1.75, 182.1, None)
2024-11-29 14:44:16,085 - <EMW SLExA ETL> - INFO - Candidate dimension 'CR700Y980TDPEG47/47 235.7 x 1' split into (1.0, 235.7, None)
2024-11-29 14:44:16,085 - <EMW SLExA ETL> - INFO - Candidate dimension 'CR300LA GI40/40 U 506 X 2.50' split into (2.5, 506.0, None)
2024-11-29 14:44:16,085 - <EMW SLExA ETL> - INFO - Candidate dimension 'CR300LAGI40/40UO 837 x 1.40 ' split into (1.4, 837.0, None)
2024-11-29 14:44:16,086 - <EMW SLExA ETL> - INFO - Candidate dimension 'CR420LA GI40/40U  860 x 2.50' split into (2.5, 860.0, None)
2024-11-29 14:44:16,086 - <EMW SLExA ETL> - INFO - Candidate dimension 'CR240LA GI40/40UO  670 x 1' split into (1.0, 670.0, None)
2024-11-29 14:44:16,086 - <EMW SLExA ETL> - INFO - Candidate dimension 'CR700Y980TDP GI40/40U 562 x 2.10 ' split into (2.1, 562.0, None)
2024-11-29 14:44:16,086 - <EMW SLExA ETL> - INFO - Candidate dimension 'CR330Y590T‐DP GI40/40U 742 x 1.50' split into (1.5, 742.0, None)
2024-11-29 14:44:16,086 - <EMW SLExA ETL> - INFO - Candidate dimension 'HX340LADZ100MBO 292 x 2' split into (2.0, 292.0, None)
2024-11-29 14:44:16,086 - <EMW SLExA ETL> - INFO - Candidate dimension 'CR300LA GI40/40U 762x 1.50 ' split into (1.5, 762.0, None)
2024-11-29 14:44:16,086 - <EMW SLExA ETL> - INFO - Candidate dimension 'CR440Y780TDP GI40/40  695 x 1.20' split into (1.2, 695.0, None)
2024-11-29 14:44:16,086 - <EMW SLExA ETL> - INFO - Candidate dimension 'CR240IF GI40/40U  748 x 1.7' split into (1.7, 748.0, None)
2024-11-29 14:44:16,087 - <EMW SLExA ETL> - INFO - Candidate dimension 'CR210LA  780 x 2' split into (2.0, 780.0, None)
2024-11-29 14:44:16,087 - <EMW SLExA ETL> - INFO - Candidate dimension 'CR440Y780TDPGI40/40 U 872x1.50(' split into (1.5, 872.0, None)
2024-11-29 14:44:16,087 - <EMW SLExA ETL> - INFO - Candidate dimension '1C 444 x 3.00' split into (3.0, 444.0, None)
2024-11-29 14:44:16,087 - <EMW SLExA ETL> - INFO - Candidate dimension 'CR380LA GI40/40 U 434 X 2.50' split into (2.5, 434.0, None)
2024-11-29 14:44:16,087 - <EMW SLExA ETL> - INFO - Candidate dimension 'E390D 724 x 1.75' split into (1.75, 724.0, None)
2024-11-29 14:44:16,087 - <EMW SLExA ETL> - INFO - Candidate dimension 'CR380LA GI40/40 U 711 X 3' split into (3.0, 711.0, None)
2024-11-29 14:44:16,087 - <EMW SLExA ETL> - INFO - Candidate dimension 'CR380LAGI40/40UO 859x1 ' split into (1.0, 859.0, None)
2024-11-29 14:44:16,088 - <EMW SLExA ETL> - INFO - Candidate dimension '1C 515 x 2.00' split into (2.0, 515.0, None)
2024-11-29 14:44:16,088 - <EMW SLExA ETL> - INFO - Candidate dimension 'HX340LAD Z100MBO  645 x 1.50' split into (1.5, 645.0, None)
2024-11-29 14:44:16,088 - <EMW SLExA ETL> - INFO - Candidate dimension 'CR380LAGI40/40UO 458x1.5' split into (1.5, 458.0, None)
2024-11-29 14:44:16,088 - <EMW SLExA ETL> - INFO - Candidate dimension 'CR440Y780T‐DP GI40/40U 553 x 1.80 ' split into (1.8, 553.0, None)
2024-11-29 14:44:16,088 - <EMW SLExA ETL> - INFO - Candidate dimension 'CR330Y590TDPGI40/40U 555 x 1.80 ' split into (1.8, 555.0, None)
2024-11-29 14:44:16,088 - <EMW SLExA ETL> - INFO - Candidate dimension 'CR340LA GI50/50  684 x 1.50' split into (1.5, 684.0, None)
2024-11-29 14:44:16,088 - <EMW SLExA ETL> - INFO - Candidate dimension 'CR270LA GI40/40U 731x1Otp21031(' split into (1.0, 731.0, None)
2024-11-29 14:44:16,088 - <EMW SLExA ETL> - INFO - Candidate dimension 'DX54DZ  905x0.65' split into (0.65, 905.0, None)
2024-11-29 14:44:16,089 - <EMW SLExA ETL> - INFO - Candidate dimension 'DC04 . 700x1.5' split into (1.5, 700.0, None)
2024-11-29 14:44:16,089 - <EMW SLExA ETL> - INFO - Candidate dimension 'CR270LA 765 x 1.00 ' split into (1.0, 765.0, None)
2024-11-29 14:44:16,096 - <EMW SLExA ETL> - INFO - Dimensions extracted successfully for column 'Güte'.
