2024-11-29 14:44:00,382 - <EMW SLExA ETL> - WARNING - Could not find any treatment in candidate 'Band DD 11 GK'.
2024-11-29 14:44:00,384 - <EMW SLExA ETL> - WARNING - Could not find any treatment in candidate 'Band QStE 380 TM'.
2024-11-29 14:44:00,385 - <EMW SLExA ETL> - WARNING - Could not find any treatment in candidate 'Band QSTE 380 TM'.
2024-11-29 14:44:00,385 - <EMW SLExA ETL> - WARNING - Could not find any treatment in candidate 'Band DD 13'.
2024-11-29 14:44:00,386 - <EMW SLExA ETL> - WARNING - Could not find any treatment in candidate 'Band DD 12'.
2024-11-29 14:44:00,387 - <EMW SLExA ETL> - WARNING - Could not find any treatment in candidate 'Band DD 13'.
2024-11-29 14:44:00,388 - <EMW SLExA ETL> - WARNING - Could not find any treatment in candidate 'Band DD12'.
2024-11-29 14:44:00,389 - <EMW SLExA ETL> - WARNING - Could not find any treatment in candidate 'Band S355 MC'.
2024-11-29 14:44:00,390 - <EMW SLExA ETL> - WARNING - Could not find any treatment in candidate 'Band S355 MC'.
2024-11-29 14:44:00,391 - <EMW SLExA ETL> - WARNING - Could not find any treatment in candidate 'Band S355 MC'.
2024-11-29 14:44:00,392 - <EMW SLExA ETL> - WARNING - Could not find any treatment in candidate 'Band S355 MC    EN10149-2'.
2024-11-29 14:44:00,393 - <EMW SLExA ETL> - WARNING - Could not find any treatment in candidate 'Band S355 MC'.
2024-11-29 14:44:00,394 - <EMW SLExA ETL> - WARNING - Could not find any treatment in candidate 'Band S420 MC    EN 10149-2'.
2024-11-29 14:44:00,396 - <EMW SLExA ETL> - WARNING - Could not find any treatment in candidate 'Band S500 MC'.
2024-11-29 14:44:00,397 - <EMW SLExA ETL> - WARNING - Could not find any treatment in candidate 'Band S355 MC'.
2024-11-29 14:44:00,397 - <EMW SLExA ETL> - WARNING - Could not find any treatment in candidate 'Band S355 MC'.
2024-11-29 14:44:00,398 - <EMW SLExA ETL> - WARNING - Could not find any treatment in candidate 'Band S500 MC'.
2024-11-29 14:44:00,399 - <EMW SLExA ETL> - WARNING - Could not find any treatment in candidate 'Band DD13'.
2024-11-29 14:44:00,400 - <EMW SLExA ETL> - WARNING - Could not find any treatment in candidate 'Band DD 13'.
2024-11-29 14:44:00,402 - <EMW SLExA ETL> - WARNING - Could not find any treatment in candidate 'Band S355 MC       EN10149-2'.
2024-11-29 14:44:00,403 - <EMW SLExA ETL> - WARNING - Could not find any treatment in candidate 'Band S550 MC'.
2024-11-29 14:44:00,404 - <EMW SLExA ETL> - WARNING - Could not find any treatment in candidate 'Band S355 MC'.
2024-11-29 14:44:00,404 - <EMW SLExA ETL> - WARNING - Could not find any treatment in candidate 'Band DD13'.
2024-11-29 14:44:00,405 - <EMW SLExA ETL> - WARNING - Could not find any treatment in candidate 'Band S355 MC'.
2024-11-29 14:44:00,406 - <EMW SLExA ETL> - WARNING - Could not find any treatment in candidate 'Band S355 MC'.
2024-11-29 14:44:00,407 - <EMW SLExA ETL> - WARNING - Could not find any treatment in candidate 'Band S460 MC'.
2024-11-29 14:44:00,408 - <EMW SLExA ETL> - WARNING - Could not find any treatment in candidate 'Band S420 MC'.
2024-11-29 14:44:00,409 - <EMW SLExA ETL> - WARNING - Could not find any treatment in candidate 'Band S500 MC'.
2024-11-29 14:44:00,410 - <EMW SLExA ETL> - WARNING - Could not find any treatment in candidate 'Band S355 MC'.
2024-11-29 14:44:00,411 - <EMW SLExA ETL> - WARNING - Could not find any treatment in candidate 'Band S355 MC'.
2024-11-29 14:44:00,413 - <EMW SLExA ETL> - WARNING - Could not find any treatment in candidate 'Band 16 MnCr 5 FSQ'.
2024-11-29 14:44:00,414 - <EMW SLExA ETL> - WARNING - Could not find any treatment in candidate 'Band S355 MC    EN10149-2'.
2024-11-29 14:44:00,415 - <EMW SLExA ETL> - WARNING - Could not find any treatment in candidate 'Band S420 MC'.
2024-11-29 14:44:00,415 - <EMW SLExA ETL> - WARNING - Could not find any treatment in candidate 'Band DC 03 + LC'.
2024-11-29 14:44:00,416 - <EMW SLExA ETL> - WARNING - Could not find any treatment in candidate 'Band DC 03 + LC'.
2024-11-29 14:44:00,417 - <EMW SLExA ETL> - WARNING - Could not find any treatment in candidate 'Band DD 13'.
2024-11-29 14:44:00,418 - <EMW SLExA ETL> - WARNING - Could not find any treatment in candidate 'Band DD 13'.
2024-11-29 14:44:00,419 - <EMW SLExA ETL> - WARNING - Could not find any treatment in candidate 'Band DD 13'.
2024-11-29 14:44:00,420 - <EMW SLExA ETL> - WARNING - Could not find any treatment in candidate 'Band DD 13'.
2024-11-29 14:44:00,421 - <EMW SLExA ETL> - WARNING - Could not find any treatment in candidate 'Band DD 13'.
2024-11-29 14:44:00,421 - <EMW SLExA ETL> - WARNING - Could not find any treatment in candidate 'Band DD 13'.
2024-11-29 14:44:00,422 - <EMW SLExA ETL> - WARNING - Could not find any treatment in candidate 'Band DC04  m A (03) O'.
2024-11-29 14:44:00,423 - <EMW SLExA ETL> - WARNING - Could not find any treatment in candidate 'Band DC04 m A (03) O'.
2024-11-29 14:44:00,425 - <EMW SLExA ETL> - WARNING - Candidate 'Band S275JO (St 44-3)' at index 43 did not match any reference.
2024-11-29 14:44:00,426 - <EMW SLExA ETL> - WARNING - Could not find any treatment in candidate 'Band S420 MC'.
2024-11-29 14:44:00,427 - <EMW SLExA ETL> - WARNING - Could not find any treatment in candidate 'Band S420 MC'.
2024-11-29 14:44:00,428 - <EMW SLExA ETL> - WARNING - Could not find any treatment in candidate 'Band S420 MC'.
2024-11-29 14:44:00,429 - <EMW SLExA ETL> - WARNING - Could not find any treatment in candidate 'Band S420 MC'.
2024-11-29 14:44:00,430 - <EMW SLExA ETL> - WARNING - Could not find any treatment in candidate 'Band S420 MC'.
2024-11-29 14:44:00,431 - <EMW SLExA ETL> - WARNING - Could not find any treatment in candidate 'Band S420 MC'.
2024-11-29 14:44:00,432 - <EMW SLExA ETL> - WARNING - Could not find any treatment in candidate 'Band S355 MC'.
2024-11-29 14:44:00,432 - <EMW SLExA ETL> - WARNING - Could not find any treatment in candidate 'Band S355 MC'.
2024-11-29 14:44:00,433 - <EMW SLExA ETL> - WARNING - Could not find any treatment in candidate 'Band S355 MC'.
2024-11-29 14:44:00,434 - <EMW SLExA ETL> - WARNING - Could not find any treatment in candidate 'Band S420MC'.
2024-11-29 14:44:00,435 - <EMW SLExA ETL> - WARNING - Could not find any treatment in candidate 'Band-S550MC'.
2024-11-29 14:44:00,436 - <EMW SLExA ETL> - WARNING - Could not find any treatment in candidate 'Band-S420MC'.
2024-11-29 14:44:00,437 - <EMW SLExA ETL> - WARNING - Could not find any treatment in candidate 'Band-S420MC'.
2024-11-29 14:44:00,438 - <EMW SLExA ETL> - WARNING - Could not find any treatment in candidate 'Band S500MC'.
2024-11-29 14:44:00,439 - <EMW SLExA ETL> - WARNING - Could not find any treatment in candidate 'Band S420 MC'.
2024-11-29 14:44:00,440 - <EMW SLExA ETL> - WARNING - Could not find any treatment in candidate 'Band DC 03 + LC'.
2024-11-29 14:44:00,441 - <EMW SLExA ETL> - WARNING - Could not find any treatment in candidate 'Band S420 MC'.
2024-11-29 14:44:00,442 - <EMW SLExA ETL> - WARNING - Could not find any treatment in candidate 'Band S500MC'.
2024-11-29 14:44:00,443 - <EMW SLExA ETL> - WARNING - Could not find any treatment in candidate 'Band S355 MC'.
2024-11-29 14:44:00,444 - <EMW SLExA ETL> - WARNING - Could not find any treatment in candidate 'Band DX53D+Z100'.
2024-11-29 14:44:00,446 - <EMW SLExA ETL> - WARNING - Could not find any treatment in candidate 'Band DX56D+Z100'.
2024-11-29 14:44:00,446 - <EMW SLExA ETL> - WARNING - Could not find any treatment in candidate 'Band DC04'.
2024-11-29 14:44:00,450 - <EMW SLExA ETL> - WARNING - Could not find any treatment in candidate 'Band HR2'.
2024-11-29 14:44:00,451 - <EMW SLExA ETL> - WARNING - Could not find any treatment in candidate 'Band DC04'.
2024-11-29 14:44:00,452 - <EMW SLExA ETL> - WARNING - Could not find any treatment in candidate 'Band S420MC'.
2024-11-29 14:44:00,453 - <EMW SLExA ETL> - WARNING - Could not find any treatment in candidate 'Band S420MC'.
2024-11-29 14:44:00,454 - <EMW SLExA ETL> - WARNING - Could not find any treatment in candidate 'Band S420MC'.
2024-11-29 14:44:00,455 - <EMW SLExA ETL> - WARNING - Could not find any treatment in candidate 'Band CR420LA'.
2024-11-29 14:44:00,456 - <EMW SLExA ETL> - WARNING - Could not find any treatment in candidate 'Band DC 04'.
2024-11-29 14:44:00,462 - <EMW SLExA ETL> - WARNING - Could not find any treatment in candidate 'Band HR420LA'.
2024-11-29 14:44:00,463 - <EMW SLExA ETL> - WARNING - Could not find any treatment in candidate 'Band HR340LA'.
2024-11-29 14:44:00,464 - <EMW SLExA ETL> - WARNING - Could not find any treatment in candidate 'Band HR500LA'.
2024-11-29 14:44:00,467 - <EMW SLExA ETL> - WARNING - Could not find any treatment in candidate 'Band HR500LA'.
2024-11-29 14:44:00,468 - <EMW SLExA ETL> - WARNING - Candidate 'Band 16 Mn Cr 5 FSQ LG BK GK' at index 83 did not match any reference.
2024-11-29 14:44:00,470 - <EMW SLExA ETL> - WARNING - Candidate 'Band 16 Mn Cr 5 FSQ LG BK GK' at index 84 did not match any reference.
2024-11-29 14:44:00,471 - <EMW SLExA ETL> - WARNING - Candidate 'Band 16 Mn Cr 5 FSQ LG BK GK' at index 85 did not match any reference.
2024-11-29 14:44:00,473 - <EMW SLExA ETL> - WARNING - Candidate 'Band 16 Mn Cr 5 FSQ LG BK GK' at index 86 did not match any reference.
2024-11-29 14:44:00,473 - <EMW SLExA ETL> - WARNING - Could not find any treatment in candidate 'Band QStE 380 TM (ZStE 380)'.
2024-11-29 14:44:00,474 - <EMW SLExA ETL> - WARNING - Could not find any treatment in candidate 'Band QStE 380 TM'.
2024-11-29 14:44:00,475 - <EMW SLExA ETL> - WARNING - Could not find any treatment in candidate 'Band QStE 380 TM'.
2024-11-29 14:44:00,476 - <EMW SLExA ETL> - WARNING - Could not find any treatment in candidate 'Band DC 03 Am'.
2024-11-29 14:44:00,477 - <EMW SLExA ETL> - WARNING - Could not find any treatment in candidate 'Band DD11 GK'.
2024-11-29 14:44:00,478 - <EMW SLExA ETL> - WARNING - Could not find any treatment in candidate 'Band DD12 GK'.
2024-11-29 14:44:00,479 - <EMW SLExA ETL> - WARNING - Could not find any treatment in candidate 'Band DD12 GK egalisiert'.
2024-11-29 14:44:00,479 - <EMW SLExA ETL> - WARNING - Could not find any treatment in candidate 'Band DD12 GK'.
2024-11-29 14:44:00,480 - <EMW SLExA ETL> - WARNING - Could not find any treatment in candidate 'Band DD12 GK'.
2024-11-29 14:44:00,481 - <EMW SLExA ETL> - WARNING - Could not find any treatment in candidate 'Band DD12 GK egalisiert'.
2024-11-29 14:44:00,482 - <EMW SLExA ETL> - WARNING - Could not find any treatment in candidate 'Band DD13 GK'.
2024-11-29 14:44:00,483 - <EMW SLExA ETL> - WARNING - Could not find any treatment in candidate 'Band S355 MC'.
2024-11-29 14:44:00,484 - <EMW SLExA ETL> - WARNING - Could not find any treatment in candidate 'Band S500 MC'.
2024-11-29 14:44:00,485 - <EMW SLExA ETL> - WARNING - Could not find any treatment in candidate 'Band DD13 GK'.
2024-11-29 14:44:00,486 - <EMW SLExA ETL> - WARNING - Could not find any treatment in candidate 'Band S420 MC'.
2024-11-29 14:44:00,486 - <EMW SLExA ETL> - WARNING - Could not find any treatment in candidate 'Band DD13 GK'.
2024-11-29 14:44:00,488 - <EMW SLExA ETL> - WARNING - Candidate 'Band DD13 GK geb.gefettet' at index 103 did not match any reference.
2024-11-29 14:44:00,489 - <EMW SLExA ETL> - WARNING - Could not find any treatment in candidate 'Band S500 MC'.
2024-11-29 14:44:00,490 - <EMW SLExA ETL> - WARNING - Could not find any treatment in candidate 'Band S460MC'.
2024-11-29 14:44:00,491 - <EMW SLExA ETL> - WARNING - Could not find any treatment in candidate 'Band S420MC'.
2024-11-29 14:44:00,493 - <EMW SLExA ETL> - WARNING - Could not find any treatment in candidate 'Band S420 MC'.
2024-11-29 14:44:00,494 - <EMW SLExA ETL> - WARNING - Could not find any treatment in candidate 'Band S420MC'.
2024-11-29 14:44:00,495 - <EMW SLExA ETL> - WARNING - Candidate 'Band S420 Scalur PAS 420' at index 111 did not match any reference.
2024-11-29 14:44:00,496 - <EMW SLExA ETL> - WARNING - Could not find any treatment in candidate 'Band S420MC'.
2024-11-29 14:44:00,497 - <EMW SLExA ETL> - WARNING - Could not find any treatment in candidate 'Band HC420LA MA-RM'.
2024-11-29 14:44:00,498 - <EMW SLExA ETL> - WARNING - Could not find any treatment in candidate 'Band S420MC'.
2024-11-29 14:44:00,499 - <EMW SLExA ETL> - WARNING - Could not find any treatment in candidate 'Bandstahl S500 MC'.
2024-11-29 14:44:00,500 - <EMW SLExA ETL> - WARNING - Could not find any treatment in candidate 'Band HC340LA'.
2024-11-29 14:44:00,501 - <EMW SLExA ETL> - WARNING - Could not find any treatment in candidate 'Band S420 MC'.
2024-11-29 14:44:00,502 - <EMW SLExA ETL> - WARNING - Could not find any treatment in candidate 'Band HC340LA'.
2024-11-29 14:44:00,503 - <EMW SLExA ETL> - WARNING - Could not find any treatment in candidate 'Band HC420LA'.
2024-11-29 14:44:00,504 - <EMW SLExA ETL> - WARNING - Could not find any treatment in candidate 'Band S420MC'.
2024-11-29 14:44:00,505 - <EMW SLExA ETL> - WARNING - Could not find any treatment in candidate 'Band S500MC'.
2024-11-29 14:44:00,505 - <EMW SLExA ETL> - WARNING - Could not find any treatment in candidate 'Band S500MC'.
2024-11-29 14:44:00,506 - <EMW SLExA ETL> - WARNING - Could not find any treatment in candidate 'Band S355MC'.
2024-11-29 14:44:00,507 - <EMW SLExA ETL> - WARNING - Could not find any treatment in candidate 'Band S500MC'.
2024-11-29 14:44:00,508 - <EMW SLExA ETL> - WARNING - Could not find any treatment in candidate 'Band S315MC'.
2024-11-29 14:44:00,509 - <EMW SLExA ETL> - WARNING - Could not find any treatment in candidate 'Band S420MC'.
2024-11-29 14:44:00,510 - <EMW SLExA ETL> - WARNING - Could not find any treatment in candidate 'Band S420MC'.
2024-11-29 14:44:00,511 - <EMW SLExA ETL> - WARNING - Candidate 'Band QStE 420 TM geb., gefett.' at index 128 did not match any reference.
2024-11-29 14:44:00,512 - <EMW SLExA ETL> - WARNING - Could not find any treatment in candidate 'Band DC 04+A-MA'.
2024-11-29 14:44:00,513 - <EMW SLExA ETL> - WARNING - Candidate 'Band C75' at index 130 did not match any reference.
2024-11-29 14:44:00,514 - <EMW SLExA ETL> - WARNING - Could not find any treatment in candidate 'Band DD13'.
2024-11-29 14:44:00,516 - <EMW SLExA ETL> - WARNING - Candidate 'Werkstoff-C16 m' at index 132 did not match any reference.
2024-11-29 14:44:00,516 - <EMW SLExA ETL> - WARNING - Could not find any treatment in candidate 'Band S355 MC'.
2024-11-29 14:44:00,537 - <EMW SLExA ETL> - WARNING - Could not find any treatment in candidate 'Band S420 MC'.
2024-11-29 14:44:00,538 - <EMW SLExA ETL> - WARNING - Candidate 'Draht 42CrMo4' at index 154 did not match any reference.
2024-11-29 14:44:00,539 - <EMW SLExA ETL> - WARNING - Candidate 'Draht 20MnB4' at index 155 did not match any reference.
2024-11-29 14:44:00,541 - <EMW SLExA ETL> - WARNING - Candidate 'Band DD 14 gebeizt, gefettet' at index 156 did not match any reference.
2024-11-29 14:44:00,542 - <EMW SLExA ETL> - WARNING - Candidate 'Band DD 13 GK geb., gefettet' at index 157 did not match any reference.
2024-11-29 14:44:00,543 - <EMW SLExA ETL> - WARNING - Candidate 'Band DD 13 GK geb., gefettet' at index 158 did not match any reference.
2024-11-29 14:44:00,545 - <EMW SLExA ETL> - WARNING - Candidate 'Band DD14 gebeizt, gefettet' at index 159 did not match any reference.
2024-11-29 14:44:00,546 - <EMW SLExA ETL> - WARNING - Could not find any treatment in candidate 'Band HC 260 LA'.
2024-11-29 14:44:00,547 - <EMW SLExA ETL> - WARNING - Candidate 'Band DD 13 GK geb., gefettet' at index 161 did not match any reference.
2024-11-29 14:44:00,548 - <EMW SLExA ETL> - WARNING - Candidate 'Band DD 13 GK geb., gefettet' at index 162 did not match any reference.
2024-11-29 14:44:00,549 - <EMW SLExA ETL> - WARNING - Could not find any treatment in candidate 'Band DC 04 A-m'.
2024-11-29 14:44:00,551 - <EMW SLExA ETL> - WARNING - Candidate 'Band DD 13 GK geb., gefettet' at index 164 did not match any reference.
2024-11-29 14:44:00,552 - <EMW SLExA ETL> - WARNING - Could not find any treatment in candidate 'Band S 420 MC geb., gefettet'.
2024-11-29 14:44:00,553 - <EMW SLExA ETL> - WARNING - Candidate 'Band EN AW-5754 H111' at index 166 did not match any reference.
2024-11-29 14:44:00,554 - <EMW SLExA ETL> - WARNING - Candidate 'Band EN AW-5754 H111' at index 167 did not match any reference.
2024-11-29 14:44:00,555 - <EMW SLExA ETL> - WARNING - Could not find any treatment in candidate 'Band DD 13'.
2024-11-29 14:44:00,556 - <EMW SLExA ETL> - WARNING - Candidate 'Band EN AW-5754 H111' at index 169 did not match any reference.
2024-11-29 14:44:00,557 - <EMW SLExA ETL> - WARNING - Could not find any treatment in candidate 'Band DD 13'.
2024-11-29 14:44:00,558 - <EMW SLExA ETL> - WARNING - Candidate 'Band EN AW-5754 H111' at index 171 did not match any reference.
2024-11-29 14:44:00,560 - <EMW SLExA ETL> - WARNING - Candidate 'Band EN AW-5049 O/H111' at index 172 did not match any reference.
2024-11-29 14:44:00,561 - <EMW SLExA ETL> - WARNING - Candidate 'Band EN AW-5049 O/H111' at index 173 did not match any reference.
2024-11-29 14:44:00,562 - <EMW SLExA ETL> - WARNING - Candidate 'Band EN AW-5049 O/H111' at index 174 did not match any reference.
2024-11-29 14:44:00,563 - <EMW SLExA ETL> - WARNING - Candidate 'Band EN AW-5049 O/H111' at index 175 did not match any reference.
2024-11-29 14:44:00,565 - <EMW SLExA ETL> - WARNING - Candidate 'Band EN AW-5049 O/H111' at index 176 did not match any reference.
2024-11-29 14:44:00,566 - <EMW SLExA ETL> - WARNING - Candidate 'Band EN AW-5754 H24/H22' at index 177 did not match any reference.
2024-11-29 14:44:00,567 - <EMW SLExA ETL> - WARNING - Candidate 'Band EN AW-5754 O/H111' at index 178 did not match any reference.
2024-11-29 14:44:00,568 - <EMW SLExA ETL> - WARNING - Candidate 'Band EN AW-5754 O/H111' at index 179 did not match any reference.
2024-11-29 14:44:00,570 - <EMW SLExA ETL> - WARNING - Candidate 'Band EN AW-5754 O/H111' at index 180 did not match any reference.
2024-11-29 14:44:00,571 - <EMW SLExA ETL> - WARNING - Could not find any treatment in candidate 'Band S355MC 1aWBB geb./l-geölt'.
2024-11-29 14:44:00,572 - <EMW SLExA ETL> - WARNING - Could not find any treatment in candidate 'Band S355MC 1aWBB geb./l-geölt'.
2024-11-29 14:44:00,573 - <EMW SLExA ETL> - WARNING - Could not find any treatment in candidate 'Band HC380LA'.
2024-11-29 14:44:00,573 - <EMW SLExA ETL> - WARNING - Could not find any treatment in candidate 'Band DD 13 1aWBGEB/GEF'.
2024-11-29 14:44:00,574 - <EMW SLExA ETL> - WARNING - Could not find any treatment in candidate 'Band DC04-A'.
2024-11-29 14:44:00,575 - <EMW SLExA ETL> - WARNING - Could not find any treatment in candidate 'Band DD13 1aWBGEB/GEF'.
2024-11-29 14:44:00,577 - <EMW SLExA ETL> - WARNING - Could not find any treatment in candidate 'Band DD 11, GK'.
2024-11-29 14:44:00,578 - <EMW SLExA ETL> - WARNING - Could not find any treatment in candidate 'Band DD 11, GK'.
2024-11-29 14:44:00,580 - <EMW SLExA ETL> - WARNING - Could not find any treatment in candidate 'Band S275 JR, GK'.
2024-11-29 14:44:00,581 - <EMW SLExA ETL> - WARNING - Candidate 'Band C 55 S + LC,,MA-RL' at index 192 did not match any reference.
2024-11-29 14:44:00,582 - <EMW SLExA ETL> - WARNING - Could not find any treatment in candidate 'Band DD 13, GK'.
2024-11-29 14:44:00,583 - <EMW SLExA ETL> - WARNING - Could not find any treatment in candidate 'Band DD 13'.
2024-11-29 14:44:00,584 - <EMW SLExA ETL> - WARNING - Could not find any treatment in candidate 'Band DX54D + Z140 NA-C'.
2024-11-29 14:44:00,586 - <EMW SLExA ETL> - WARNING - Could not find any treatment in candidate 'Band DX54D+Z140-M-A'.
2024-11-29 14:44:00,586 - <EMW SLExA ETL> - WARNING - Could not find any treatment in candidate 'Band DC04'.
2024-11-29 14:44:00,588 - <EMW SLExA ETL> - WARNING - Candidate 'Band CR240 GI40/40-U' at index 198 did not match any reference.
2024-11-29 14:44:00,589 - <EMW SLExA ETL> - WARNING - Candidate 'Band CR300 GI40/40-U' at index 199 did not match any reference.
2024-11-29 14:44:00,591 - <EMW SLExA ETL> - WARNING - Candidate 'Band CR240 GI40/40-U' at index 200 did not match any reference.
2024-11-29 14:44:00,592 - <EMW SLExA ETL> - WARNING - Candidate 'Band CR240 GI40/40-U' at index 201 did not match any reference.
2024-11-29 14:44:00,594 - <EMW SLExA ETL> - WARNING - Candidate 'Band CR300 GI40/40-U' at index 202 did not match any reference.
2024-11-29 14:44:00,606 - <EMW SLExA ETL> - WARNING - Could not find any treatment in candidate 'Band S500MC'.
2024-11-29 14:44:00,607 - <EMW SLExA ETL> - WARNING - Could not find any treatment in candidate 'Band S500MC'.
2024-11-29 14:44:00,615 - <EMW SLExA ETL> - WARNING - Candidate 'Band CR240-GI40/40-U-O' at index 222 did not match any reference.
2024-11-29 14:44:00,621 - <EMW SLExA ETL> - WARNING - Could not find any treatment in candidate 'Band S500MC'.
2024-11-29 14:44:00,622 - <EMW SLExA ETL> - WARNING - Could not find any treatment in candidate 'Band S500MC'.
2024-11-29 14:44:00,623 - <EMW SLExA ETL> - WARNING - Could not find any treatment in candidate 'Band CR240LA GI60/60'.
2024-11-29 14:44:00,628 - <EMW SLExA ETL> - WARNING - Candidate 'Band Alu TL090-A' at index 235 did not match any reference.
2024-11-29 14:44:00,629 - <EMW SLExA ETL> - WARNING - Candidate 'Band Alu TL090-A' at index 236 did not match any reference.
2024-11-29 14:44:00,630 - <EMW SLExA ETL> - WARNING - Candidate 'Band Alu TL090-A' at index 237 did not match any reference.
2024-11-29 14:44:00,631 - <EMW SLExA ETL> - WARNING - Candidate 'Band Alu TL090-A' at index 238 did not match any reference.
2024-11-29 14:44:00,633 - <EMW SLExA ETL> - WARNING - Candidate 'Band Alu TL090-A' at index 239 did not match any reference.
2024-11-29 14:44:00,635 - <EMW SLExA ETL> - WARNING - Candidate 'Band Alu TL090-A' at index 241 did not match any reference.
2024-11-29 14:44:00,640 - <EMW SLExA ETL> - WARNING - Could not find any treatment in candidate 'Band CR440Y780T-DP-GI40/40-'.
2024-11-29 14:44:00,642 - <EMW SLExA ETL> - WARNING - Could not find any treatment in candidate 'Band CR380LA-GI40/40'.
2024-11-29 14:44:00,644 - <EMW SLExA ETL> - WARNING - Could not find any treatment in candidate 'Band CR380LA-GI40/40'.
2024-11-29 14:44:00,647 - <EMW SLExA ETL> - WARNING - Could not find any treatment in candidate 'Band CR380LA-GI40/40'.
2024-11-29 14:44:00,648 - <EMW SLExA ETL> - WARNING - Could not find any treatment in candidate 'Band S355J2C+C'.
2024-11-29 14:44:00,649 - <EMW SLExA ETL> - WARNING - Candidate 'Band TL091 T4' at index 254 did not match any reference.
2024-11-29 14:44:00,650 - <EMW SLExA ETL> - WARNING - Candidate 'Band TL091 T4' at index 255 did not match any reference.
2024-11-29 14:44:00,656 - <EMW SLExA ETL> - WARNING - Candidate 'Band TL091 mit Passivierung' at index 260 did not match any reference.
2024-11-29 14:44:00,657 - <EMW SLExA ETL> - WARNING - Could not find any treatment in candidate 'Band 16MnCr5 +LC'.
2024-11-29 14:44:00,658 - <EMW SLExA ETL> - WARNING - Could not find any treatment in candidate 'Band CR240 LA GI40/40'.
2024-11-29 14:44:00,660 - <EMW SLExA ETL> - WARNING - Could not find any treatment in candidate 'Band S460MC'.
2024-11-29 14:44:00,661 - <EMW SLExA ETL> - WARNING - Could not find any treatment in candidate 'Band S460MC'.
2024-11-29 14:44:00,662 - <EMW SLExA ETL> - WARNING - Candidate 'Band EN AW-5754 O/H111' at index 266 did not match any reference.
2024-11-29 14:44:00,663 - <EMW SLExA ETL> - WARNING - Could not find any treatment in candidate 'Band DC 04 + C 390 MA-RL'.
2024-11-29 14:44:00,664 - <EMW SLExA ETL> - WARNING - Could not find any treatment in candidate 'Band DC 03 + C490 MA-RL; GK'.
2024-11-29 14:44:00,665 - <EMW SLExA ETL> - WARNING - Could not find any treatment in candidate 'Band DC 01 + C290 MA-RL, GK'.
2024-11-29 14:44:00,666 - <EMW SLExA ETL> - WARNING - Could not find any treatment in candidate 'Band DD 13, GK'.
2024-11-29 14:44:00,667 - <EMW SLExA ETL> - WARNING - Could not find any treatment in candidate 'Band DC 03 + C490 MA-RL, GK'.
2024-11-29 14:44:00,668 - <EMW SLExA ETL> - WARNING - Could not find any treatment in candidate 'Band DD 11, GK'.
2024-11-29 14:44:00,669 - <EMW SLExA ETL> - WARNING - Could not find any treatment in candidate 'Band DD 13, GK'.
2024-11-29 14:44:00,670 - <EMW SLExA ETL> - WARNING - Could not find any treatment in candidate 'Band DC 01 + C290 MA-RL, GK'.
2024-11-29 14:44:00,670 - <EMW SLExA ETL> - WARNING - Could not find any treatment in candidate 'Band DD 13, GK'.
2024-11-29 14:44:00,671 - <EMW SLExA ETL> - WARNING - Could not find any treatment in candidate 'Band DD 13, GK'.
2024-11-29 14:44:00,672 - <EMW SLExA ETL> - WARNING - Could not find any treatment in candidate 'Band DC 04 + C390 MA-RL'.
2024-11-29 14:44:00,673 - <EMW SLExA ETL> - WARNING - Could not find any treatment in candidate 'Band DD 13, GK'.
2024-11-29 14:44:00,674 - <EMW SLExA ETL> - WARNING - Could not find any treatment in candidate 'Band DC01 + C690 MA-RL, GK'.
2024-11-29 14:44:00,675 - <EMW SLExA ETL> - WARNING - Could not find any treatment in candidate 'Band S 235 JR, GK'.
2024-11-29 14:44:00,676 - <EMW SLExA ETL> - WARNING - Could not find any treatment in candidate 'Bd. HC380LA + LC MA-RL, GK'.
2024-11-29 14:44:00,677 - <EMW SLExA ETL> - WARNING - Could not find any treatment in candidate 'Band QStE 460 TM'.
2024-11-29 14:44:00,678 - <EMW SLExA ETL> - WARNING - Could not find any treatment in candidate 'Band DC 04 + C390 MA-RL'.
2024-11-29 14:44:00,679 - <EMW SLExA ETL> - WARNING - Could not find any treatment in candidate 'Band DD 13, GK'.
2024-11-29 14:44:00,680 - <EMW SLExA ETL> - WARNING - Could not find any treatment in candidate 'Band DC 03 + LC MA-RL, GK'.
2024-11-29 14:44:00,681 - <EMW SLExA ETL> - WARNING - Could not find any treatment in candidate 'Band DC 01 + C590 MB-RL, GK'.
2024-11-29 14:44:00,682 - <EMW SLExA ETL> - WARNING - Could not find any treatment in candidate 'Band S 420 MC, GK'.
2024-11-29 14:44:00,683 - <EMW SLExA ETL> - WARNING - Could not find any treatment in candidate 'Band S 420 MC, GK'.
2024-11-29 14:44:00,684 - <EMW SLExA ETL> - WARNING - Could not find any treatment in candidate 'Band S 420 MC, GK'.
2024-11-29 14:44:00,685 - <EMW SLExA ETL> - WARNING - Could not find any treatment in candidate 'Band S 420 MC, GK'.
2024-11-29 14:44:00,686 - <EMW SLExA ETL> - WARNING - Could not find any treatment in candidate 'Band S 420 MC'.
2024-11-29 14:44:00,687 - <EMW SLExA ETL> - WARNING - Candidate 'Band 420 MC, GK' at index 292 did not match any reference.
2024-11-29 14:44:00,688 - <EMW SLExA ETL> - WARNING - Could not find any treatment in candidate 'Stab HC 420 LA'.
2024-11-29 14:44:00,689 - <EMW SLExA ETL> - WARNING - Could not find any treatment in candidate 'Stab  S 355 MC'.
2024-11-29 14:44:00,690 - <EMW SLExA ETL> - WARNING - Could not find any treatment in candidate 'Band S420 MC'.
2024-11-29 14:44:00,691 - <EMW SLExA ETL> - WARNING - Could not find any treatment in candidate 'Band S355 MC'.
2024-11-29 14:44:00,692 - <EMW SLExA ETL> - WARNING - Could not find any treatment in candidate 'Band S550 MC'.
2024-11-29 14:44:00,693 - <EMW SLExA ETL> - WARNING - Could not find any treatment in candidate 'Band S550 MC'.
2024-11-29 14:44:00,694 - <EMW SLExA ETL> - WARNING - Could not find any treatment in candidate 'Band S420 MC'.
2024-11-29 14:44:00,694 - <EMW SLExA ETL> - WARNING - Could not find any treatment in candidate 'Band S500 MC'.
2024-11-29 14:44:00,695 - <EMW SLExA ETL> - WARNING - Could not find any treatment in candidate 'Band S550 MC'.
2024-11-29 14:44:00,696 - <EMW SLExA ETL> - WARNING - Could not find any treatment in candidate 'Band HC420LA'.
2024-11-29 14:44:00,697 - <EMW SLExA ETL> - WARNING - Could not find any treatment in candidate 'Band HC420LA MA-RL'.
2024-11-29 14:44:00,698 - <EMW SLExA ETL> - WARNING - Could not find any treatment in candidate 'Band HC420LA-A'.
2024-11-29 14:44:00,699 - <EMW SLExA ETL> - WARNING - Could not find any treatment in candidate 'Band S355 MC'.
2024-11-29 14:44:00,700 - <EMW SLExA ETL> - WARNING - Could not find any treatment in candidate 'Band S355 MC'.
2024-11-29 14:44:00,701 - <EMW SLExA ETL> - WARNING - Could not find any treatment in candidate 'Band S420 MC'.
2024-11-29 14:44:00,702 - <EMW SLExA ETL> - WARNING - Could not find any treatment in candidate 'Band S420MC'.
2024-11-29 14:44:00,703 - <EMW SLExA ETL> - WARNING - Candidate 'Band HSM600HD' at index 309 did not match any reference.
2024-11-29 14:44:00,704 - <EMW SLExA ETL> - WARNING - Could not find any treatment in candidate 'Band S460MC'.
2024-11-29 14:44:00,705 - <EMW SLExA ETL> - WARNING - Could not find any treatment in candidate 'Band S355MC'.
2024-11-29 14:44:00,706 - <EMW SLExA ETL> - WARNING - Could not find any treatment in candidate 'Band S420MC'.
2024-11-29 14:44:00,707 - <EMW SLExA ETL> - WARNING - Could not find any treatment in candidate 'Band S355MC'.
2024-11-29 14:44:00,707 - <EMW SLExA ETL> - WARNING - Could not find any treatment in candidate 'Band S355MC'.
2024-11-29 14:44:00,708 - <EMW SLExA ETL> - WARNING - Could not find any treatment in candidate 'Band S420MC'.
2024-11-29 14:44:00,709 - <EMW SLExA ETL> - WARNING - Could not find any treatment in candidate 'Band S500MC'.
2024-11-29 14:44:00,710 - <EMW SLExA ETL> - WARNING - Could not find any treatment in candidate 'Band S420MC'.
2024-11-29 14:44:00,711 - <EMW SLExA ETL> - WARNING - Could not find any treatment in candidate 'Band S420MC'.
2024-11-29 14:44:00,712 - <EMW SLExA ETL> - WARNING - Could not find any treatment in candidate 'Band S315MC'.
2024-11-29 14:44:00,713 - <EMW SLExA ETL> - WARNING - Could not find any treatment in candidate 'Band S420MC'.
2024-11-29 14:44:00,714 - <EMW SLExA ETL> - WARNING - Could not find any treatment in candidate 'Band S355MC'.
2024-11-29 14:44:00,715 - <EMW SLExA ETL> - WARNING - Could not find any treatment in candidate 'Band S355MC'.
2024-11-29 14:44:00,716 - <EMW SLExA ETL> - WARNING - Could not find any treatment in candidate 'Band S420MC'.
2024-11-29 14:44:00,717 - <EMW SLExA ETL> - WARNING - Candidate 'Band H800LA' at index 324 did not match any reference.
2024-11-29 14:44:00,718 - <EMW SLExA ETL> - WARNING - Could not find any treatment in candidate 'Band S420MC'.
2024-11-29 14:44:00,719 - <EMW SLExA ETL> - WARNING - Could not find any treatment in candidate 'Band S500MC'.
2024-11-29 14:44:00,720 - <EMW SLExA ETL> - WARNING - Could not find any treatment in candidate 'Band S420MC'.
2024-11-29 14:44:00,721 - <EMW SLExA ETL> - WARNING - Could not find any treatment in candidate 'Band S420MC'.
2024-11-29 14:44:00,722 - <EMW SLExA ETL> - WARNING - Candidate 'Band HC800LA GK' at index 329 did not match any reference.
2024-11-29 14:44:00,723 - <EMW SLExA ETL> - WARNING - Could not find any treatment in candidate 'Band S420 MC'.
2024-11-29 14:44:00,726 - <EMW SLExA ETL> - WARNING - Candidate 'Band TL091 + TL82433-E' at index 332 did not match any reference.
2024-11-29 14:44:00,727 - <EMW SLExA ETL> - WARNING - Candidate 'Band TL91' at index 333 did not match any reference.
2024-11-29 14:44:00,728 - <EMW SLExA ETL> - WARNING - Candidate 'Band TL091' at index 334 did not match any reference.
2024-11-29 14:44:00,730 - <EMW SLExA ETL> - WARNING - Candidate 'Band TL091' at index 336 did not match any reference.
2024-11-29 14:44:00,735 - <EMW SLExA ETL> - WARNING - Candidate 'Band TL100 ww. TL091' at index 341 did not match any reference.
2024-11-29 14:44:00,737 - <EMW SLExA ETL> - WARNING - Could not find any treatment in candidate 'Band CR240LA GI60/60'.
2024-11-29 14:44:00,738 - <EMW SLExA ETL> - WARNING - Could not find any treatment in candidate 'Band HX 420 LAD + Z 100'.
2024-11-29 14:44:00,742 - <EMW SLExA ETL> - WARNING - Could not find any treatment in candidate 'Band CR380LA-GI50/50'.
2024-11-29 14:44:00,743 - <EMW SLExA ETL> - WARNING - Could not find any treatment in candidate 'Band CR340LA-GI50/50'.
2024-11-29 14:44:00,745 - <EMW SLExA ETL> - WARNING - Could not find any treatment in candidate 'Warmband DD13'.
2024-11-29 14:44:00,746 - <EMW SLExA ETL> - WARNING - Could not find any treatment in candidate 'Band DD13'.
2024-11-29 14:44:00,747 - <EMW SLExA ETL> - WARNING - Candidate 'Band 1.4301 X5CrNi18-10 2R' at index 352 did not match any reference.
2024-11-29 14:44:00,749 - <EMW SLExA ETL> - WARNING - Candidate 'Band 1.4301 X5CrNi18-10 2R' at index 353 did not match any reference.
2024-11-29 14:44:00,750 - <EMW SLExA ETL> - WARNING - Candidate 'Band 1.4301 X5CrNi18-10 2R' at index 354 did not match any reference.
2024-11-29 14:44:00,752 - <EMW SLExA ETL> - WARNING - Could not find any treatment in candidate 'Band HC420 LAO'.
2024-11-29 14:44:00,755 - <EMW SLExA ETL> - WARNING - Could not find any treatment in candidate 'Band S420 MC gebeizt, gefettet'.
2024-11-29 14:44:00,759 - <EMW SLExA ETL> - WARNING - Could not find any treatment in candidate 'Band HC340 LA geölt'.
2024-11-29 14:44:00,760 - <EMW SLExA ETL> - WARNING - Could not find any treatment in candidate 'Band DC04 A geölt'.
2024-11-29 14:44:00,761 - <EMW SLExA ETL> - WARNING - Could not find any treatment in candidate 'Band S420 MC +DBL 8492.30'.
2024-11-29 14:44:00,763 - <EMW SLExA ETL> - WARNING - Could not find any treatment in candidate 'Band HC 420 LA O'.
2024-11-29 14:44:00,764 - <EMW SLExA ETL> - WARNING - Could not find any treatment in candidate 'Band HC 420 LA O'.
2024-11-29 14:44:00,768 - <EMW SLExA ETL> - WARNING - Could not find any treatment in candidate 'Band S355 MC+DBL 8492.30'.
2024-11-29 14:44:00,774 - <EMW SLExA ETL> - WARNING - Could not find any treatment in candidate 'Band S420 MC gebeizt, gefettet'.
2024-11-29 14:44:00,776 - <EMW SLExA ETL> - WARNING - Could not find any treatment in candidate 'Band S700 MC gebeizt, gefettet'.
2024-11-29 14:44:00,777 - <EMW SLExA ETL> - WARNING - Could not find any treatment in candidate 'Band S700 MC gebeizt, gefettet'.
2024-11-29 14:44:00,778 - <EMW SLExA ETL> - WARNING - Could not find any treatment in candidate 'Band S420 MC gebeizt, gefettet'.
2024-11-29 14:44:00,779 - <EMW SLExA ETL> - WARNING - Could not find any treatment in candidate 'Band S420 MC gebeizt, gefettet'.
2024-11-29 14:44:00,781 - <EMW SLExA ETL> - WARNING - Could not find any treatment in candidate 'Band S355MC + DBL8492.30'.
2024-11-29 14:44:00,782 - <EMW SLExA ETL> - WARNING - Could not find any treatment in candidate 'Band DD12 n. DBL 8492.30'.
2024-11-29 14:44:00,783 - <EMW SLExA ETL> - WARNING - Could not find any treatment in candidate 'Band S420 MC gebeizt, gefettet'.
2024-11-29 14:44:00,784 - <EMW SLExA ETL> - WARNING - Could not find any treatment in candidate 'Band S500 MC+DBL8492.30'.
2024-11-29 14:44:00,785 - <EMW SLExA ETL> - WARNING - Could not find any treatment in candidate 'Band DD13'.
2024-11-29 14:44:00,786 - <EMW SLExA ETL> - WARNING - Could not find any treatment in candidate 'Band S460 MC gebeizt,gefettet'.
2024-11-29 14:44:00,787 - <EMW SLExA ETL> - WARNING - Could not find any treatment in candidate 'Band S275 JR + DBL8492'.
2024-11-29 14:44:00,788 - <EMW SLExA ETL> - WARNING - Could not find any treatment in candidate 'Band S500 MC +DBL8492.30'.
2024-11-29 14:44:00,789 - <EMW SLExA ETL> - WARNING - Could not find any treatment in candidate 'Band S500 MC gebeizt, gefettet'.
2024-11-29 14:44:00,790 - <EMW SLExA ETL> - WARNING - Could not find any treatment in candidate 'Band S420MC  gebeizt, geölt'.
2024-11-29 14:44:00,791 - <EMW SLExA ETL> - WARNING - Could not find any treatment in candidate 'Band S235JR + DBL8492'.
2024-11-29 14:44:00,791 - <EMW SLExA ETL> - WARNING - Could not find any treatment in candidate 'Band S460 MC gebeizt gefettet'.
2024-11-29 14:44:00,792 - <EMW SLExA ETL> - WARNING - Could not find any treatment in candidate 'Band S235 JR gebeizt, gefettet'.
2024-11-29 14:44:00,793 - <EMW SLExA ETL> - WARNING - Could not find any treatment in candidate 'Band S420 MC gebeizt, gefettet'.
2024-11-29 14:44:00,794 - <EMW SLExA ETL> - WARNING - Could not find any treatment in candidate 'Band S460 MC+ DBL8492.30'.
2024-11-29 14:44:00,796 - <EMW SLExA ETL> - WARNING - Candidate 'Band TL091 mit Passivierung' at index 399 did not match any reference.
2024-11-29 14:44:00,797 - <EMW SLExA ETL> - WARNING - Could not find any treatment in candidate 'Tafelmaterial S420 MC'.
2024-11-29 14:44:00,798 - <EMW SLExA ETL> - WARNING - Candidate 'Band 1.4301 X5CrNi18-10 2R' at index 401 did not match any reference.
2024-11-29 14:44:00,801 - <EMW SLExA ETL> - WARNING - Candidate 'Tafelmaterial 1.4301 X5CrNi18-' at index 403 did not match any reference.
2024-11-29 14:44:00,802 - <EMW SLExA ETL> - WARNING - Could not find any treatment in candidate 'Tafelmaterial S355 MC'.
2024-11-29 14:44:00,804 - <EMW SLExA ETL> - WARNING - Candidate 'Band 1.4301' at index 406 did not match any reference.
2024-11-29 14:44:00,806 - <EMW SLExA ETL> - WARNING - Candidate 'Band 1.4301' at index 407 did not match any reference.
2024-11-29 14:44:00,807 - <EMW SLExA ETL> - WARNING - Candidate 'Band 1.4301' at index 408 did not match any reference.
2024-11-29 14:44:00,808 - <EMW SLExA ETL> - WARNING - Candidate 'Band 1.4301' at index 409 did not match any reference.
2024-11-29 14:44:00,809 - <EMW SLExA ETL> - WARNING - Candidate 'Band 1.4301' at index 410 did not match any reference.
2024-11-29 14:44:00,810 - <EMW SLExA ETL> - WARNING - Could not find any treatment in candidate 'Band HC420LA'.
2024-11-29 14:44:00,811 - <EMW SLExA ETL> - WARNING - Could not find any treatment in candidate 'Band HC420LA'.
2024-11-29 14:44:00,812 - <EMW SLExA ETL> - WARNING - Could not find any treatment in candidate 'Band HC420LA'.
2024-11-29 14:44:00,814 - <EMW SLExA ETL> - WARNING - Could not find any treatment in candidate 'Band HC420LA'.
2024-11-29 14:44:00,815 - <EMW SLExA ETL> - WARNING - Could not find any treatment in candidate 'Band HC420LA'.
2024-11-29 14:44:00,816 - <EMW SLExA ETL> - WARNING - Could not find any treatment in candidate 'Band HC420LA'.
2024-11-29 14:44:00,817 - <EMW SLExA ETL> - WARNING - Could not find any treatment in candidate 'Band HC420LA'.
2024-11-29 14:44:00,818 - <EMW SLExA ETL> - WARNING - Could not find any treatment in candidate 'Band HC420LA'.
2024-11-29 14:44:00,819 - <EMW SLExA ETL> - WARNING - Could not find any treatment in candidate 'Band HC420LA'.
2024-11-29 14:44:00,820 - <EMW SLExA ETL> - WARNING - Could not find any treatment in candidate 'Band HC420LA'.
2024-11-29 14:44:00,821 - <EMW SLExA ETL> - WARNING - Could not find any treatment in candidate 'Band HC420LA'.
2024-11-29 14:44:00,822 - <EMW SLExA ETL> - WARNING - Could not find any treatment in candidate 'Band HC420LA'.
2024-11-29 14:44:00,825 - <EMW SLExA ETL> - WARNING - Could not find any treatment in candidate 'Band CR240LA-GI40/40'.
2024-11-29 14:44:00,829 - <EMW SLExA ETL> - WARNING - Could not find any treatment in candidate 'Band S235JR'.
2024-11-29 14:44:00,832 - <EMW SLExA ETL> - WARNING - Candidate 'Band 1.4301 X5CrNi 18-10' at index 433 did not match any reference.
2024-11-29 14:44:00,833 - <EMW SLExA ETL> - WARNING - Candidate 'Band 1.4301' at index 434 did not match any reference.
2024-11-29 14:44:00,835 - <EMW SLExA ETL> - WARNING - Candidate 'Band Alu TL090, E1' at index 435 did not match any reference.
2024-11-29 14:44:00,836 - <EMW SLExA ETL> - WARNING - Candidate 'Band Alu  Al Mg3,5Mn' at index 436 did not match any reference.
2024-11-29 14:44:00,838 - <EMW SLExA ETL> - WARNING - Candidate 'Band Alu -AW-AlMg3,5Mn' at index 438 did not match any reference.
2024-11-29 14:44:00,840 - <EMW SLExA ETL> - WARNING - Could not find any treatment in candidate 'Band 1.0335-DD13'.
2024-11-29 14:44:00,841 - <EMW SLExA ETL> - WARNING - Candidate 'Band Alu  Al Mg3,5Mn-IK O/H111' at index 441 did not match any reference.
2024-11-29 14:44:00,844 - <EMW SLExA ETL> - WARNING - Could not find any treatment in candidate 'Band S460MC'.
2024-11-29 14:44:00,845 - <EMW SLExA ETL> - WARNING - Could not find any treatment in candidate 'Band CR3+ EG 47/47-U'.
2024-11-29 14:44:00,847 - <EMW SLExA ETL> - WARNING - Could not find any treatment in candidate 'Band HX 420 LAD + Z 100'.
2024-11-29 14:44:00,848 - <EMW SLExA ETL> - WARNING - Could not find any treatment in candidate 'Band HX 420 LAD + Z 100'.
2024-11-29 14:44:00,849 - <EMW SLExA ETL> - WARNING - Could not find any treatment in candidate 'Band HX 420 LAD + Z100'.
2024-11-29 14:44:00,850 - <EMW SLExA ETL> - WARNING - Could not find any treatment in candidate 'Band HX 420 LAD + Z100'.
2024-11-29 14:44:00,853 - <EMW SLExA ETL> - WARNING - Candidate 'Band 1.4301' at index 452 did not match any reference.
2024-11-29 14:44:00,854 - <EMW SLExA ETL> - WARNING - Candidate 'Band 1.4301' at index 453 did not match any reference.
2024-11-29 14:44:00,856 - <EMW SLExA ETL> - WARNING - Could not find any treatment in candidate 'Band CR5'.
2024-11-29 14:44:00,862 - <EMW SLExA ETL> - WARNING - Candidate 'Band Alu TL090-B' at index 460 did not match any reference.
2024-11-29 14:44:00,863 - <EMW SLExA ETL> - WARNING - Candidate 'Band Alu AlMg4,5Mn0,4' at index 461 did not match any reference.
2024-11-29 14:44:00,864 - <EMW SLExA ETL> - WARNING - Candidate 'Band Alu AlMg4,5Mn0,4' at index 462 did not match any reference.
2024-11-29 14:44:00,866 - <EMW SLExA ETL> - WARNING - Candidate 'Band Alu AlMg4,5Mn0,4' at index 463 did not match any reference.
2024-11-29 14:44:00,867 - <EMW SLExA ETL> - WARNING - Could not find any treatment in candidate 'Band S355 MC O'.
2024-11-29 14:44:00,870 - <EMW SLExA ETL> - WARNING - Candidate 'Band Alu  Al Mg3,5Mn-IK O/H111' at index 467 did not match any reference.
2024-11-29 14:44:00,874 - <EMW SLExA ETL> - WARNING - Could not find any treatment in candidate 'Band DC01 +A'.
2024-11-29 14:44:00,891 - <EMW SLExA ETL> - WARNING - Candidate 'Tafelmaterial S420' at index 488 did not match any reference.
2024-11-29 14:44:00,894 - <EMW SLExA ETL> - WARNING - Candidate 'Band Alu TL090-A' at index 491 did not match any reference.
2024-11-29 14:44:00,895 - <EMW SLExA ETL> - WARNING - Candidate 'Band Alu TL090-A' at index 492 did not match any reference.
2024-11-29 14:44:00,897 - <EMW SLExA ETL> - WARNING - Candidate 'Band Alu TL090-A' at index 493 did not match any reference.
2024-11-29 14:44:00,898 - <EMW SLExA ETL> - WARNING - Candidate 'Band Alu TL090' at index 494 did not match any reference.
2024-11-29 14:44:00,899 - <EMW SLExA ETL> - WARNING - Candidate 'Band Alu TL090-A' at index 495 did not match any reference.
2024-11-29 14:44:00,900 - <EMW SLExA ETL> - WARNING - Candidate 'Band Alu TL090' at index 496 did not match any reference.
2024-11-29 14:44:00,902 - <EMW SLExA ETL> - WARNING - Candidate 'Band X2 CRTI 12' at index 497 did not match any reference.
2024-11-29 14:44:00,903 - <EMW SLExA ETL> - WARNING - Candidate 'Band X2 CRTINB 18' at index 498 did not match any reference.
2024-11-29 14:44:00,906 - <EMW SLExA ETL> - WARNING - Candidate 'Band Alu TL090' at index 501 did not match any reference.
2024-11-29 14:44:00,908 - <EMW SLExA ETL> - WARNING - Candidate 'Band CP-W 800 +Z140' at index 502 did not match any reference.
2024-11-29 14:44:00,908 - <EMW SLExA ETL> - WARNING - Could not find any treatment in candidate 'Band DC03-A'.
2024-11-29 14:44:00,910 - <EMW SLExA ETL> - WARNING - Candidate 'Band Alu  AlMg3,0' at index 504 did not match any reference.
2024-11-29 14:44:00,911 - <EMW SLExA ETL> - WARNING - Candidate 'Band Alu  AlMg3,0' at index 505 did not match any reference.
2024-11-29 14:44:00,912 - <EMW SLExA ETL> - WARNING - Could not find any treatment in candidate 'Band CR330Y590T-DP-GI40/40'.
2024-11-29 14:44:00,913 - <EMW SLExA ETL> - WARNING - Could not find any treatment in candidate 'Band DC04 + LC-MA'.
2024-11-29 14:44:00,914 - <EMW SLExA ETL> - WARNING - Could not find any treatment in candidate 'Band DC04 + LC-MA'.
2024-11-29 14:44:00,915 - <EMW SLExA ETL> - WARNING - Could not find any treatment in candidate 'Band DC04 + LC-MA'.
2024-11-29 14:44:00,916 - <EMW SLExA ETL> - WARNING - Could not find any treatment in candidate 'Band DC04 + LC-MA'.
2024-11-29 14:44:00,917 - <EMW SLExA ETL> - WARNING - Could not find any treatment in candidate 'Band DC04 + LC-MA'.
2024-11-29 14:44:00,918 - <EMW SLExA ETL> - WARNING - Could not find any treatment in candidate 'Band DC04 + LC-MA'.
2024-11-29 14:44:00,919 - <EMW SLExA ETL> - WARNING - Could not find any treatment in candidate 'Band DC04 + LC-MA'.
2024-11-29 14:44:00,920 - <EMW SLExA ETL> - WARNING - Could not find any treatment in candidate 'Band DC04 + LC-MA'.
2024-11-29 14:44:00,921 - <EMW SLExA ETL> - WARNING - Could not find any treatment in candidate 'Band CR330Y590T-DP-GI40/40'.
2024-11-29 14:44:00,923 - <EMW SLExA ETL> - WARNING - Candidate 'Band Alu TL091 T4' at index 516 did not match any reference.
2024-11-29 14:44:00,924 - <EMW SLExA ETL> - WARNING - Candidate 'Band Alu TL091 T4' at index 517 did not match any reference.
2024-11-29 14:44:00,925 - <EMW SLExA ETL> - WARNING - Candidate 'Band Alu TL090A' at index 518 did not match any reference.
2024-11-29 14:44:00,930 - <EMW SLExA ETL> - WARNING - Could not find any treatment in candidate 'Band S460 MC gebeizt gefettet'.
2024-11-29 14:44:00,931 - <EMW SLExA ETL> - WARNING - Candidate 'Band AW-AlMg3,5Mn IK 0/H111' at index 524 did not match any reference.
2024-11-29 14:44:00,933 - <EMW SLExA ETL> - WARNING - Candidate 'Band AW-AlMg3,5Mn IK 0/H111' at index 525 did not match any reference.
2024-11-29 14:44:00,938 - <EMW SLExA ETL> - WARNING - Candidate 'Band DX56 + Z140' at index 530 did not match any reference.
2024-11-29 14:44:00,939 - <EMW SLExA ETL> - WARNING - Candidate 'Band Alu TL090-A' at index 531 did not match any reference.
2024-11-29 14:44:00,941 - <EMW SLExA ETL> - WARNING - Candidate 'Band Alu TL090-A' at index 532 did not match any reference.
2024-11-29 14:44:00,942 - <EMW SLExA ETL> - WARNING - Candidate 'Band Alu TL090-A' at index 533 did not match any reference.
2024-11-29 14:44:00,945 - <EMW SLExA ETL> - WARNING - Could not find any treatment in candidate 'Band S460 MC gebeizt gefettet'.
2024-11-29 14:44:00,946 - <EMW SLExA ETL> - WARNING - Could not find any treatment in candidate 'Tafel S355 MC gebeizt, gefette'.
2024-11-29 14:44:00,947 - <EMW SLExA ETL> - WARNING - Candidate 'Band TL091 + TL82433-E' at index 538 did not match any reference.
2024-11-29 14:44:00,949 - <EMW SLExA ETL> - WARNING - Candidate 'Band TL091 + TL82433-E' at index 539 did not match any reference.
2024-11-29 14:44:00,950 - <EMW SLExA ETL> - WARNING - Candidate 'Band TL091 + TL82433-E' at index 540 did not match any reference.
2024-11-29 14:44:00,951 - <EMW SLExA ETL> - WARNING - Candidate 'Band TL091 + TL82433-E' at index 541 did not match any reference.
2024-11-29 14:44:00,957 - <EMW SLExA ETL> - WARNING - Candidate 'Band AlMg3,5Mn- IK O/H111' at index 547 did not match any reference.
2024-11-29 14:44:00,960 - <EMW SLExA ETL> - WARNING - Could not find any treatment in candidate 'Band S275JR DBL 8492'.
2024-11-29 14:44:00,965 - <EMW SLExA ETL> - WARNING - Could not find any treatment in candidate 'Band S500MC'.
2024-11-29 14:44:00,966 - <EMW SLExA ETL> - WARNING - Candidate 'Band Alu 6016 T4 TL094B' at index 555 did not match any reference.
2024-11-29 14:44:00,967 - <EMW SLExA ETL> - WARNING - Candidate 'Band Alu ALMg3' at index 556 did not match any reference.
2024-11-29 14:44:00,969 - <EMW SLExA ETL> - WARNING - Candidate 'Band ALMG4.5Mn0.4 H111' at index 557 did not match any reference.
2024-11-29 14:44:00,970 - <EMW SLExA ETL> - WARNING - Candidate 'Band ALMG4.5Mn0.4 H111' at index 558 did not match any reference.
2024-11-29 14:44:00,971 - <EMW SLExA ETL> - WARNING - Candidate 'Band ALMG4.5Mn0.4 H111' at index 559 did not match any reference.
2024-11-29 14:44:00,973 - <EMW SLExA ETL> - WARNING - Candidate 'Band AW-ALMg 3.5 Mn-IK - 0/H111' at index 560 did not match any reference.
2024-11-29 14:44:00,974 - <EMW SLExA ETL> - WARNING - Candidate 'Band AW-ALMg 3.5 Mn-IK - 0/H111' at index 561 did not match any reference.
2024-11-29 14:44:00,975 - <EMW SLExA ETL> - WARNING - Candidate 'Band AW-ALMg 3.5 Mn-IK - 0/H111' at index 562 did not match any reference.
2024-11-29 14:44:00,976 - <EMW SLExA ETL> - WARNING - Candidate 'Band AW-ALMg 3.5 Mn-IK - 0/H111' at index 563 did not match any reference.
2024-11-29 14:44:00,978 - <EMW SLExA ETL> - WARNING - Candidate 'Band AW-ALMg 3.5 Mn-IK - 0/H111' at index 564 did not match any reference.
2024-11-29 14:44:00,979 - <EMW SLExA ETL> - WARNING - Candidate 'Band AW-ALMg 3.5 Mn-IK - 0/H111' at index 565 did not match any reference.
2024-11-29 14:44:00,980 - <EMW SLExA ETL> - WARNING - Candidate 'Band AW-ALMg 3.5 Mn-IK - 0/H111' at index 566 did not match any reference.
2024-11-29 14:44:00,981 - <EMW SLExA ETL> - WARNING - Candidate 'Band AW-ALMg 3.5 Mn-IK - 0/H111' at index 567 did not match any reference.
2024-11-29 14:44:00,983 - <EMW SLExA ETL> - WARNING - Candidate 'Band AW-ALMg 3.5 Mn-IK - 0/H111' at index 568 did not match any reference.
2024-11-29 14:44:00,984 - <EMW SLExA ETL> - WARNING - Candidate 'Band AW-ALMg 3.5 Mn-IK - 0/H111' at index 569 did not match any reference.
2024-11-29 14:44:00,985 - <EMW SLExA ETL> - WARNING - Candidate 'Band AW-ALMg 3.5 Mn-IK - 0/H111' at index 570 did not match any reference.
2024-11-29 14:44:00,987 - <EMW SLExA ETL> - WARNING - Candidate 'Band AW-ALMg 3.5 Mn-IK - 0/H111' at index 571 did not match any reference.
2024-11-29 14:44:00,989 - <EMW SLExA ETL> - WARNING - Could not find any treatment in candidate 'Band CR210LA-GI40/40'.
2024-11-29 14:44:01,014 - <EMW SLExA ETL> - WARNING - Could not find any treatment in candidate 'Band CR240LA-GI60/60'.
2024-11-29 14:44:01,015 - <EMW SLExA ETL> - WARNING - Could not find any treatment in candidate 'Band CR240LA-UC'.
2024-11-29 14:44:01,021 - <EMW SLExA ETL> - WARNING - Could not find any treatment in candidate 'Band CR3'.
2024-11-29 14:44:01,033 - <EMW SLExA ETL> - WARNING - Candidate 'Band CR330Y5+Z 590 O' at index 615 did not match any reference.
2024-11-29 14:44:01,038 - <EMW SLExA ETL> - WARNING - Candidate 'Band CR330Y5+Z 590 O' at index 618 did not match any reference.
2024-11-29 14:44:01,043 - <EMW SLExA ETL> - WARNING - Could not find any treatment in candidate 'CR3-GI40/40'.
2024-11-29 14:44:01,048 - <EMW SLExA ETL> - WARNING - Could not find any treatment in candidate 'Band CR4'.
2024-11-29 14:44:01,049 - <EMW SLExA ETL> - WARNING - Could not find any treatment in candidate 'Band CR4'.
2024-11-29 14:44:01,051 - <EMW SLExA ETL> - WARNING - Could not find any treatment in candidate 'Band CR4-GI40/40'.
2024-11-29 14:44:01,057 - <EMW SLExA ETL> - WARNING - Could not find any treatment in candidate 'Band DC 01 AM'.
2024-11-29 14:44:01,058 - <EMW SLExA ETL> - WARNING - Could not find any treatment in candidate 'Band DC 01 AM'.
2024-11-29 14:44:01,059 - <EMW SLExA ETL> - WARNING - Could not find any treatment in candidate 'Band DC 05 AM'.
2024-11-29 14:44:01,080 - <EMW SLExA ETL> - WARNING - Could not find any treatment in candidate 'Band HC 340 LA '.
2024-11-29 14:44:01,081 - <EMW SLExA ETL> - WARNING - Could not find any treatment in candidate 'Band HC 340 LA'.
2024-11-29 14:44:01,082 - <EMW SLExA ETL> - WARNING - Could not find any treatment in candidate 'Band HC 340 LA'.
2024-11-29 14:44:01,082 - <EMW SLExA ETL> - WARNING - Could not find any treatment in candidate 'Band HC 340 LA'.
2024-11-29 14:44:01,083 - <EMW SLExA ETL> - WARNING - Could not find any treatment in candidate 'Band HC 340 LA'.
2024-11-29 14:44:01,084 - <EMW SLExA ETL> - WARNING - Could not find any treatment in candidate 'Band HC 340 LA'.
2024-11-29 14:44:01,085 - <EMW SLExA ETL> - WARNING - Could not find any treatment in candidate 'Band HC 420 LA '.
2024-11-29 14:44:01,086 - <EMW SLExA ETL> - WARNING - Could not find any treatment in candidate 'Band HC420LA'.
2024-11-29 14:44:01,087 - <EMW SLExA ETL> - WARNING - Could not find any treatment in candidate 'Band HC 420 LA'.
2024-11-29 14:44:01,088 - <EMW SLExA ETL> - WARNING - Could not find any treatment in candidate 'Band HC420LA'.
2024-11-29 14:44:01,089 - <EMW SLExA ETL> - WARNING - Could not find any treatment in candidate 'Band HC 420 LA'.
2024-11-29 14:44:01,090 - <EMW SLExA ETL> - WARNING - Could not find any treatment in candidate 'Band HC 420 LA'.
2024-11-29 14:44:01,257 - <EMW SLExA ETL> - WARNING - Could not find any treatment in candidate 'Band S 355 MC'.
2024-11-29 14:44:01,259 - <EMW SLExA ETL> - WARNING - Could not find any treatment in candidate 'Band S 355 MC'.
2024-11-29 14:44:01,260 - <EMW SLExA ETL> - WARNING - Could not find any treatment in candidate 'Band S 355 MC'.
2024-11-29 14:44:01,261 - <EMW SLExA ETL> - WARNING - Could not find any treatment in candidate 'Band S 420 MC'.
2024-11-29 14:44:01,262 - <EMW SLExA ETL> - WARNING - Candidate 'TL 091' at index 700 did not match any reference.
2024-11-29 14:44:01,264 - <EMW SLExA ETL> - WARNING - Candidate 'TL 091' at index 701 did not match any reference.
2024-11-29 14:44:01,265 - <EMW SLExA ETL> - WARNING - Candidate 'TL 091' at index 702 did not match any reference.
2024-11-29 14:44:01,266 - <EMW SLExA ETL> - WARNING - Candidate 'Tafel TL100' at index 703 did not match any reference.
2024-11-29 14:44:01,268 - <EMW SLExA ETL> - WARNING - Candidate 'Band TL 1550 - 200' at index 704 did not match any reference.
2024-11-29 14:44:01,269 - <EMW SLExA ETL> - WARNING - Candidate 'Band TL 1550 - 200' at index 705 did not match any reference.
2024-11-29 14:44:01,270 - <EMW SLExA ETL> - WARNING - Candidate 'Tafel H 340 LAD+Z100MBO' at index 706 did not match any reference.
2024-11-29 14:44:01,273 - <EMW SLExA ETL> - WARNING - Candidate 'Tafel H 300 LAD+Z 100 MBO' at index 708 did not match any reference.
2024-11-29 14:44:01,277 - <EMW SLExA ETL> - WARNING - Could not find any treatment in candidate 'HX260YD+Z140'.
2024-11-29 14:44:01,278 - <EMW SLExA ETL> - WARNING - Could not find any treatment in candidate 'HX260YD+Z140'.
2024-11-29 14:44:01,279 - <EMW SLExA ETL> - WARNING - Could not find any treatment in candidate 'HC260LA'.
2024-11-29 14:44:01,280 - <EMW SLExA ETL> - WARNING - Could not find any treatment in candidate 'S420MC'.
2024-11-29 14:44:01,281 - <EMW SLExA ETL> - WARNING - Could not find any treatment in candidate 'HC260LA'.
2024-11-29 14:44:01,283 - <EMW SLExA ETL> - WARNING - Candidate 'Aluband AlMg3,5Mn -TLD' at index 718 did not match any reference.
2024-11-29 14:44:01,285 - <EMW SLExA ETL> - WARNING - Could not find any treatment in candidate 'HC260LA'.
2024-11-29 14:44:01,286 - <EMW SLExA ETL> - WARNING - Could not find any treatment in candidate 'CR4-GI40/40-TLD VW50065'.
2024-11-29 14:44:01,294 - <EMW SLExA ETL> - WARNING - Could not find any treatment in candidate 'CR340LA-VW50065'.
2024-11-29 14:44:01,296 - <EMW SLExA ETL> - WARNING - Could not find any treatment in candidate 'HR500LA'.
2024-11-29 14:44:01,298 - <EMW SLExA ETL> - WARNING - Could not find any treatment in candidate 'CR4-GI40/40 VW50065-TLD'.
2024-11-29 14:44:01,300 - <EMW SLExA ETL> - WARNING - Could not find any treatment in candidate 'CR4-GI40/40-TLD VW50065'.
2024-11-29 14:44:01,302 - <EMW SLExA ETL> - WARNING - Candidate 'Al6‐HYF‐TZ‐UM' at index 735 did not match any reference.
2024-11-29 14:44:01,310 - <EMW SLExA ETL> - WARNING - Could not find any treatment in candidate 'S235 JR + DBL 8492.30'.
2024-11-29 14:44:01,310 - <EMW SLExA ETL> - WARNING - Could not find any treatment in candidate 'DC04'.
2024-11-29 14:44:01,311 - <EMW SLExA ETL> - WARNING - Could not find any treatment in candidate 'HC380LA-m-O'.
2024-11-29 14:44:01,313 - <EMW SLExA ETL> - WARNING - Candidate 'HC600LA' at index 743 did not match any reference.
2024-11-29 14:44:01,314 - <EMW SLExA ETL> - WARNING - Candidate 'Nerez.ocel 1.4301' at index 744 did not match any reference.
2024-11-29 14:44:01,315 - <EMW SLExA ETL> - WARNING - Could not find any treatment in candidate 'DC04'.
2024-11-29 14:44:01,323 - <EMW SLExA ETL> - WARNING - Could not find any treatment in candidate 'S420MC'.
2024-11-29 14:44:01,324 - <EMW SLExA ETL> - WARNING - Could not find any treatment in candidate 'S420MC'.
2024-11-29 14:44:01,325 - <EMW SLExA ETL> - WARNING - Could not find any treatment in candidate 'S420MC'.
2024-11-29 14:44:01,326 - <EMW SLExA ETL> - WARNING - Could not find any treatment in candidate 'S420MC'.
2024-11-29 14:44:01,326 - <EMW SLExA ETL> - WARNING - Could not find any treatment in candidate 'S420MC'.
2024-11-29 14:44:01,327 - <EMW SLExA ETL> - WARNING - Could not find any treatment in candidate 'S420MC'.
2024-11-29 14:44:01,329 - <EMW SLExA ETL> - WARNING - Candidate 'Nerez ocel 1.4301' at index 759 did not match any reference.
2024-11-29 14:44:01,331 - <EMW SLExA ETL> - WARNING - Could not find any treatment in candidate 'HX380LAD+Z100 NA-O'.
2024-11-29 14:44:01,332 - <EMW SLExA ETL> - WARNING - Could not find any treatment in candidate 'HC340LA'.
2024-11-29 14:44:01,332 - <EMW SLExA ETL> - WARNING - Could not find any treatment in candidate 'HC420LA'.
2024-11-29 14:44:01,333 - <EMW SLExA ETL> - WARNING - Could not find any treatment in candidate 'HC340LA'.
2024-11-29 14:44:01,337 - <EMW SLExA ETL> - WARNING - Could not find any treatment in candidate 'HC420LA'.
2024-11-29 14:44:01,338 - <EMW SLExA ETL> - WARNING - Could not find any treatment in candidate 'HC420LA'.
2024-11-29 14:44:01,340 - <EMW SLExA ETL> - WARNING - Could not find any treatment in candidate 'HC500 LA'.
2024-11-29 14:44:01,341 - <EMW SLExA ETL> - WARNING - Could not find any treatment in candidate 'HC340 LA'.
2024-11-29 14:44:01,342 - <EMW SLExA ETL> - WARNING - Could not find any treatment in candidate 'S500MC'.
2024-11-29 14:44:01,345 - <EMW SLExA ETL> - WARNING - Could not find any treatment in candidate 'S355MC'.
2024-11-29 14:44:01,345 - <EMW SLExA ETL> - WARNING - Could not find any treatment in candidate 'S420MC'.
2024-11-29 14:44:01,347 - <EMW SLExA ETL> - WARNING - Candidate 'S350+Z275' at index 778 did not match any reference.
2024-11-29 14:44:01,348 - <EMW SLExA ETL> - WARNING - Candidate 'S350+Z275' at index 779 did not match any reference.
2024-11-29 14:44:01,349 - <EMW SLExA ETL> - WARNING - Candidate 'S350+Z275' at index 780 did not match any reference.
2024-11-29 14:44:01,350 - <EMW SLExA ETL> - WARNING - Candidate 'S350+Z275' at index 781 did not match any reference.
2024-11-29 14:44:01,352 - <EMW SLExA ETL> - WARNING - Candidate 'EN AW 5182 O/H111' at index 782 did not match any reference.
2024-11-29 14:44:01,353 - <EMW SLExA ETL> - WARNING - Candidate 'EN AW 5182 O/H111' at index 783 did not match any reference.
2024-11-29 14:44:01,354 - <EMW SLExA ETL> - WARNING - Candidate 'EN AW 5182 O/H111' at index 784 did not match any reference.
2024-11-29 14:44:01,356 - <EMW SLExA ETL> - WARNING - Candidate 'EN AW 5182 O/H111' at index 785 did not match any reference.
2024-11-29 14:44:01,357 - <EMW SLExA ETL> - WARNING - Candidate 'EN AW 5182 O/H111' at index 786 did not match any reference.
2024-11-29 14:44:01,358 - <EMW SLExA ETL> - WARNING - Candidate 'EN AW 5182 O/H111' at index 787 did not match any reference.
2024-11-29 14:44:01,360 - <EMW SLExA ETL> - WARNING - Could not find any treatment in candidate 'S420MC'.
2024-11-29 14:44:01,361 - <EMW SLExA ETL> - WARNING - Could not find any treatment in candidate 'S420MC'.
2024-11-29 14:44:01,362 - <EMW SLExA ETL> - WARNING - Could not find any treatment in candidate 'S420MC'.
2024-11-29 14:44:01,363 - <EMW SLExA ETL> - WARNING - Could not find any treatment in candidate 'S420MC'.
2024-11-29 14:44:01,364 - <EMW SLExA ETL> - WARNING - Could not find any treatment in candidate 'S420MC'.
2024-11-29 14:44:01,365 - <EMW SLExA ETL> - WARNING - Could not find any treatment in candidate 'S420MC'.
2024-11-29 14:44:01,366 - <EMW SLExA ETL> - WARNING - Could not find any treatment in candidate 'S420MC'.
2024-11-29 14:44:01,367 - <EMW SLExA ETL> - WARNING - Could not find any treatment in candidate 'S500MC'.
2024-11-29 14:44:01,368 - <EMW SLExA ETL> - WARNING - Could not find any treatment in candidate 'S420MC'.
2024-11-29 14:44:01,368 - <EMW SLExA ETL> - WARNING - Could not find any treatment in candidate 'HC420LA'.
2024-11-29 14:44:01,370 - <EMW SLExA ETL> - WARNING - Candidate 'EN AW-5182 O/H11' at index 799 did not match any reference.
2024-11-29 14:44:01,374 - <EMW SLExA ETL> - WARNING - Could not find any treatment in candidate 'S420MC'.
2024-11-29 14:44:01,375 - <EMW SLExA ETL> - WARNING - Could not find any treatment in candidate 'S355MC'.
2024-11-29 14:44:01,376 - <EMW SLExA ETL> - WARNING - Could not find any treatment in candidate 'S420MC'.
2024-11-29 14:44:01,381 - <EMW SLExA ETL> - WARNING - Candidate 'S550 Scalur' at index 811 did not match any reference.
2024-11-29 14:44:01,382 - <EMW SLExA ETL> - WARNING - Could not find any treatment in candidate 'HC550LA'.
2024-11-29 14:44:01,383 - <EMW SLExA ETL> - WARNING - Could not find any treatment in candidate 'S550MC'.
2024-11-29 14:44:01,384 - <EMW SLExA ETL> - WARNING - Could not find any treatment in candidate 'S315MC'.
2024-11-29 14:44:01,386 - <EMW SLExA ETL> - WARNING - Candidate 'EN AW-5182 O/H111' at index 817 did not match any reference.
2024-11-29 14:44:01,388 - <EMW SLExA ETL> - WARNING - Candidate 'EN AW-5182 O/H111' at index 818 did not match any reference.
2024-11-29 14:44:01,389 - <EMW SLExA ETL> - WARNING - Candidate 'EN AW-5182 O/H111' at index 819 did not match any reference.
2024-11-29 14:44:01,390 - <EMW SLExA ETL> - WARNING - Candidate 'EN AW-5182 O/H111' at index 820 did not match any reference.
2024-11-29 14:44:01,391 - <EMW SLExA ETL> - WARNING - Candidate 'EN AW-5182 O/H111' at index 821 did not match any reference.
2024-11-29 14:44:01,393 - <EMW SLExA ETL> - WARNING - Candidate 'EN AW-5182 O/H111' at index 822 did not match any reference.
2024-11-29 14:44:01,394 - <EMW SLExA ETL> - WARNING - Candidate 'EN AW-5182 O/H111' at index 823 did not match any reference.
2024-11-29 14:44:01,395 - <EMW SLExA ETL> - WARNING - Candidate 'EN AW-5182 O/H111' at index 824 did not match any reference.
2024-11-29 14:44:01,397 - <EMW SLExA ETL> - WARNING - Candidate 'EN AW-5182 O/H111' at index 825 did not match any reference.
2024-11-29 14:44:01,398 - <EMW SLExA ETL> - WARNING - Candidate 'EN AW-5182 O/H111' at index 826 did not match any reference.
2024-11-29 14:44:01,399 - <EMW SLExA ETL> - WARNING - Candidate 'EN AW-5182 O/H111' at index 827 did not match any reference.
2024-11-29 14:44:01,401 - <EMW SLExA ETL> - WARNING - Candidate 'EN AW-5182 O/H111' at index 828 did not match any reference.
2024-11-29 14:44:01,401 - <EMW SLExA ETL> - WARNING - Could not find any treatment in candidate 'HC420LA'.
2024-11-29 14:44:01,402 - <EMW SLExA ETL> - WARNING - Could not find any treatment in candidate 'S420MC'.
2024-11-29 14:44:01,403 - <EMW SLExA ETL> - WARNING - Could not find any treatment in candidate 'S500MC'.
2024-11-29 14:44:01,406 - <EMW SLExA ETL> - WARNING - Could not find any treatment in candidate 'S420MC'.
2024-11-29 14:44:01,407 - <EMW SLExA ETL> - WARNING - Could not find any treatment in candidate 'S420MC'.
2024-11-29 14:44:01,411 - <EMW SLExA ETL> - WARNING - Candidate 'HR660Y760T' at index 838 did not match any reference.
2024-11-29 14:44:01,411 - <EMW SLExA ETL> - WARNING - Could not find any treatment in candidate 'S420MC'.
2024-11-29 14:44:01,412 - <EMW SLExA ETL> - WARNING - Could not find any treatment in candidate 'S420MC'.
2024-11-29 14:44:01,413 - <EMW SLExA ETL> - WARNING - Could not find any treatment in candidate 'S355 MC'.
2024-11-29 14:44:01,414 - <EMW SLExA ETL> - WARNING - Could not find any treatment in candidate 'S420MC'.
2024-11-29 14:44:01,419 - <EMW SLExA ETL> - WARNING - Could not find any treatment in candidate 'S500MC '.
2024-11-29 14:44:01,419 - <EMW SLExA ETL> - WARNING - Could not find any treatment in candidate 'S600MC '.
2024-11-29 14:44:01,420 - <EMW SLExA ETL> - WARNING - Could not find any treatment in candidate 'S420MC'.
2024-11-29 14:44:01,422 - <EMW SLExA ETL> - WARNING - Candidate 'EN AW-5182 O/H111' at index 849 did not match any reference.
2024-11-29 14:44:01,423 - <EMW SLExA ETL> - WARNING - Candidate 'EN AW-5182 O/H111' at index 850 did not match any reference.
2024-11-29 14:44:01,424 - <EMW SLExA ETL> - WARNING - Candidate 'EN AW-5182 O/H111' at index 851 did not match any reference.
2024-11-29 14:44:01,426 - <EMW SLExA ETL> - WARNING - Candidate 'EN AW-5182 O/H111' at index 852 did not match any reference.
2024-11-29 14:44:01,426 - <EMW SLExA ETL> - WARNING - Could not find any treatment in candidate 'S420MC'.
2024-11-29 14:44:01,427 - <EMW SLExA ETL> - WARNING - Could not find any treatment in candidate 'S420MC'.
2024-11-29 14:44:01,428 - <EMW SLExA ETL> - WARNING - Could not find any treatment in candidate 'S420MC'.
2024-11-29 14:44:01,429 - <EMW SLExA ETL> - WARNING - Candidate 'EN AW-5182 O/H111' at index 856 did not match any reference.
2024-11-29 14:44:01,431 - <EMW SLExA ETL> - WARNING - Candidate 'EN AW-5182 O/H111' at index 857 did not match any reference.
2024-11-29 14:44:01,432 - <EMW SLExA ETL> - WARNING - Candidate 'EN AW-5182 O/H111' at index 858 did not match any reference.
2024-11-29 14:44:01,433 - <EMW SLExA ETL> - WARNING - Candidate 'CR700Y980- DP' at index 859 did not match any reference.
2024-11-29 14:44:01,434 - <EMW SLExA ETL> - WARNING - Could not find any treatment in candidate 'S550MC'.
2024-11-29 14:44:01,435 - <EMW SLExA ETL> - WARNING - Could not find any treatment in candidate 'S550MC'.
2024-11-29 14:44:01,436 - <EMW SLExA ETL> - WARNING - Could not find any treatment in candidate 'S550MC'.
2024-11-29 14:44:01,437 - <EMW SLExA ETL> - WARNING - Could not find any treatment in candidate 'HC340LA'.
2024-11-29 14:44:01,440 - <EMW SLExA ETL> - WARNING - Could not find any treatment in candidate 'CR3 ZM35/35-E'.
2024-11-29 14:44:01,441 - <EMW SLExA ETL> - WARNING - Could not find any treatment in candidate 'HC340 LA'.
2024-11-29 14:44:01,446 - <EMW SLExA ETL> - WARNING - Could not find any treatment in candidate 'DC06'.
2024-11-29 14:44:01,446 - <EMW SLExA ETL> - WARNING - Could not find any treatment in candidate 'S420MC '.
2024-11-29 14:44:01,447 - <EMW SLExA ETL> - WARNING - Could not find any treatment in candidate 'S700MC '.
2024-11-29 14:44:01,448 - <EMW SLExA ETL> - WARNING - Could not find any treatment in candidate 'HC340LA '.
2024-11-29 14:44:01,449 - <EMW SLExA ETL> - WARNING - Could not find any treatment in candidate 'S420MC'.
2024-11-29 14:44:01,450 - <EMW SLExA ETL> - WARNING - Could not find any treatment in candidate 'S600MC '.
2024-11-29 14:44:01,451 - <EMW SLExA ETL> - WARNING - Could not find any treatment in candidate 'S355MC'.
2024-11-29 14:44:01,452 - <EMW SLExA ETL> - WARNING - Candidate 'EN AW-5182 O/H111' at index 878 did not match any reference.
2024-11-29 14:44:01,453 - <EMW SLExA ETL> - WARNING - Candidate 'EN AW-5182 O/H111' at index 879 did not match any reference.
2024-11-29 14:44:01,455 - <EMW SLExA ETL> - WARNING - Candidate 'EN AW-5182 O/H111' at index 880 did not match any reference.
2024-11-29 14:44:01,456 - <EMW SLExA ETL> - WARNING - Candidate 'EN AW-5182 O/H111' at index 881 did not match any reference.
2024-11-29 14:44:01,457 - <EMW SLExA ETL> - WARNING - Candidate 'EN AW-5182 O/H111' at index 882 did not match any reference.
2024-11-29 14:44:01,459 - <EMW SLExA ETL> - WARNING - Candidate 'EN AW-5182 O/H111' at index 883 did not match any reference.
2024-11-29 14:44:01,460 - <EMW SLExA ETL> - WARNING - Candidate 'EN AW-5182 O/H111' at index 884 did not match any reference.
2024-11-29 14:44:01,461 - <EMW SLExA ETL> - WARNING - Could not find any treatment in candidate 'HC420LA'.
2024-11-29 14:44:01,462 - <EMW SLExA ETL> - WARNING - Could not find any treatment in candidate 'S420MC '.
2024-11-29 14:44:01,462 - <EMW SLExA ETL> - WARNING - Could not find any treatment in candidate 'HC420LA '.
2024-11-29 14:44:01,463 - <EMW SLExA ETL> - WARNING - Could not find any treatment in candidate 'HC420LA '.
2024-11-29 14:44:01,464 - <EMW SLExA ETL> - WARNING - Could not find any treatment in candidate 'S420MC '.
2024-11-29 14:44:01,465 - <EMW SLExA ETL> - WARNING - Could not find any treatment in candidate 'HC300 LA'.
2024-11-29 14:44:01,467 - <EMW SLExA ETL> - WARNING - Could not find any treatment in candidate 'HCT980X'.
2024-11-29 14:44:01,468 - <EMW SLExA ETL> - WARNING - Candidate 'AW-5182 O/H111' at index 892 did not match any reference.
2024-11-29 14:44:01,469 - <EMW SLExA ETL> - WARNING - Candidate 'AW-5182 O/H111' at index 893 did not match any reference.
2024-11-29 14:44:01,470 - <EMW SLExA ETL> - WARNING - Candidate 'Band DOCOL 800DP' at index 894 did not match any reference.
2024-11-29 14:44:01,472 - <EMW SLExA ETL> - WARNING - Candidate 'Band DOCOL 800DP' at index 895 did not match any reference.
2024-11-29 14:44:01,473 - <EMW SLExA ETL> - WARNING - Candidate 'Band ZE460-M-GK' at index 896 did not match any reference.
2024-11-29 14:44:01,474 - <EMW SLExA ETL> - WARNING - Candidate 'Band ZE460-M-GK' at index 897 did not match any reference.
2024-11-29 14:44:01,478 - <EMW SLExA ETL> - WARNING - Could not find any treatment in candidate 'Band S355MC'.
2024-11-29 14:44:01,479 - <EMW SLExA ETL> - WARNING - Could not find any treatment in candidate 'Band S420MC'.
2024-11-29 14:44:01,487 - <EMW SLExA ETL> - WARNING - Could not find any treatment in candidate 'Band HCT600X'.
2024-11-29 14:44:01,488 - <EMW SLExA ETL> - WARNING - Could not find any treatment in candidate 'Band S500MC'.
2024-11-29 14:44:01,489 - <EMW SLExA ETL> - WARNING - Candidate 'Band EN AW-5754 (AlMg3) H111' at index 913 did not match any reference.
2024-11-29 14:44:01,491 - <EMW SLExA ETL> - WARNING - Candidate 'Band EN AW-5754 (AlMg3) H111' at index 914 did not match any reference.
2024-11-29 14:44:01,492 - <EMW SLExA ETL> - WARNING - Candidate 'Band EN AW-5754 (AlMg3) H111' at index 915 did not match any reference.
2024-11-29 14:44:01,497 - <EMW SLExA ETL> - WARNING - Could not find any treatment in candidate 'Band S420MC'.
2024-11-29 14:44:01,499 - <EMW SLExA ETL> - WARNING - Could not find any treatment in candidate 'Band HCT490X'.
2024-11-29 14:44:01,499 - <EMW SLExA ETL> - WARNING - Could not find any treatment in candidate 'Band HCT490X'.
2024-11-29 14:44:01,500 - <EMW SLExA ETL> - WARNING - Could not find any treatment in candidate 'Band HCT490X'.
2024-11-29 14:44:01,501 - <EMW SLExA ETL> - WARNING - Could not find any treatment in candidate 'Band S420MC'.
2024-11-29 14:44:01,503 - <EMW SLExA ETL> - WARNING - Could not find any treatment in candidate 'Band S355MC'.
2024-11-29 14:44:01,506 - <EMW SLExA ETL> - WARNING - Could not find any treatment in candidate 'Band S460MC'.
2024-11-29 14:44:01,508 - <EMW SLExA ETL> - WARNING - Could not find any treatment in candidate 'Band HCT980XG'.
2024-11-29 14:44:01,509 - <EMW SLExA ETL> - WARNING - Candidate 'Band EN AW-5754 (AlMg3) H111' at index 933 did not match any reference.
2024-11-29 14:44:01,510 - <EMW SLExA ETL> - WARNING - Could not find any treatment in candidate 'Band S460MC'.
2024-11-29 14:44:01,511 - <EMW SLExA ETL> - WARNING - Could not find any treatment in candidate 'Band S420MC'.
2024-11-29 14:44:01,513 - <EMW SLExA ETL> - WARNING - Could not find any treatment in candidate 'Band HCT780C'.
2024-11-29 14:44:01,514 - <EMW SLExA ETL> - WARNING - Could not find any treatment in candidate 'Band S420MC'.
2024-11-29 14:44:01,515 - <EMW SLExA ETL> - WARNING - Could not find any treatment in candidate 'Band S420MC'.
2024-11-29 14:44:01,515 - <EMW SLExA ETL> - WARNING - Could not find any treatment in candidate 'Band S420MC'.
2024-11-29 14:44:01,516 - <EMW SLExA ETL> - WARNING - Could not find any treatment in candidate 'Band S420MC'.
2024-11-29 14:44:01,519 - <EMW SLExA ETL> - WARNING - Candidate 'Band EN AW-5182 O/H111' at index 943 did not match any reference.
2024-11-29 14:44:01,520 - <EMW SLExA ETL> - WARNING - Candidate 'Band EN AW-5182 O/H111' at index 944 did not match any reference.
2024-11-29 14:44:01,521 - <EMW SLExA ETL> - WARNING - Candidate 'Band EN AW-5182 O/H111' at index 945 did not match any reference.
2024-11-29 14:44:01,523 - <EMW SLExA ETL> - WARNING - Candidate 'Band EN AW-5182 O/H111' at index 946 did not match any reference.
2024-11-29 14:44:01,524 - <EMW SLExA ETL> - WARNING - Candidate 'Band DOCOL 500LA' at index 947 did not match any reference.
2024-11-29 14:44:01,525 - <EMW SLExA ETL> - WARNING - Could not find any treatment in candidate 'Band S420MC'.
2024-11-29 14:44:01,526 - <EMW SLExA ETL> - WARNING - Could not find any treatment in candidate 'Band S420MC'.
2024-11-29 14:44:01,527 - <EMW SLExA ETL> - WARNING - Could not find any treatment in candidate 'Band S420MC'.
2024-11-29 14:44:01,528 - <EMW SLExA ETL> - WARNING - Could not find any treatment in candidate 'Band S500MC'.
2024-11-29 14:44:01,528 - <EMW SLExA ETL> - WARNING - Could not find any treatment in candidate 'Band S500MC'.
2024-11-29 14:44:01,529 - <EMW SLExA ETL> - WARNING - Could not find any treatment in candidate 'Band S500MC'.
2024-11-29 14:44:01,530 - <EMW SLExA ETL> - WARNING - Could not find any treatment in candidate 'Band S700MC'.
2024-11-29 14:44:01,532 - <EMW SLExA ETL> - WARNING - Candidate 'Band EN AW-5182 O/H111' at index 955 did not match any reference.
2024-11-29 14:44:01,533 - <EMW SLExA ETL> - WARNING - Candidate 'Band EN AW-5182 O/H111' at index 956 did not match any reference.
2024-11-29 14:44:01,534 - <EMW SLExA ETL> - WARNING - Could not find any treatment in candidate 'Band S355MC'.
2024-11-29 14:44:01,535 - <EMW SLExA ETL> - WARNING - Candidate 'Band EN AW-5182 O/H111' at index 958 did not match any reference.
2024-11-29 14:44:01,536 - <EMW SLExA ETL> - WARNING - Candidate 'Band EN AW-5182 O/H111' at index 959 did not match any reference.
2024-11-29 14:44:01,538 - <EMW SLExA ETL> - WARNING - Candidate 'Band EN AW-5182 O/H111' at index 960 did not match any reference.
2024-11-29 14:44:01,539 - <EMW SLExA ETL> - WARNING - Candidate 'Band EN AW-5182 O/H111' at index 961 did not match any reference.
2024-11-29 14:44:01,540 - <EMW SLExA ETL> - WARNING - Candidate 'Band EN AW-5182 O/H111' at index 962 did not match any reference.
2024-11-29 14:44:01,541 - <EMW SLExA ETL> - WARNING - Candidate 'Band EN AW-5182 O/H111' at index 963 did not match any reference.
2024-11-29 14:44:01,543 - <EMW SLExA ETL> - WARNING - Candidate 'Band EN AW-5182 O/H111' at index 964 did not match any reference.
2024-11-29 14:44:01,544 - <EMW SLExA ETL> - WARNING - Candidate 'Band EN AW-5182 O/H111' at index 965 did not match any reference.
2024-11-29 14:44:01,545 - <EMW SLExA ETL> - WARNING - Candidate 'Band CR950/TWIP950 + ZE' at index 966 did not match any reference.
2024-11-29 14:44:01,547 - <EMW SLExA ETL> - WARNING - Candidate 'Band DOCOL 500LA' at index 967 did not match any reference.
2024-11-29 14:44:01,548 - <EMW SLExA ETL> - WARNING - Candidate 'Band EN AW-5182 O/H111' at index 968 did not match any reference.
2024-11-29 14:44:01,549 - <EMW SLExA ETL> - WARNING - Candidate 'Band EN AW-5182 O/H111' at index 969 did not match any reference.
2024-11-29 14:44:01,550 - <EMW SLExA ETL> - WARNING - Candidate 'Band EN AW-5182 O/H111' at index 970 did not match any reference.
2024-11-29 14:44:01,552 - <EMW SLExA ETL> - WARNING - Candidate 'Band EN AW-5182 O/H111' at index 971 did not match any reference.
2024-11-29 14:44:01,557 - <EMW SLExA ETL> - WARNING - Could not find any treatment in candidate 'Band S700MC (Armstrong)'.
2024-11-29 14:44:01,561 - <EMW SLExA ETL> - WARNING - Could not find any treatment in candidate 'Band S420MC'.
2024-11-29 14:44:01,562 - <EMW SLExA ETL> - WARNING - Could not find any treatment in candidate 'Band S420MC'.
2024-11-29 14:44:01,563 - <EMW SLExA ETL> - WARNING - Could not find any treatment in candidate 'Band S420MC'.
2024-11-29 14:44:01,565 - <EMW SLExA ETL> - WARNING - Candidate 'Band HR480Y580T-HED' at index 985 did not match any reference.
2024-11-29 14:44:01,578 - <EMW SLExA ETL> - WARNING - Candidate 'Band AL5-STD-TZ-UM' at index 997 did not match any reference.
2024-11-29 14:44:01,583 - <EMW SLExA ETL> - WARNING - Could not find any treatment in candidate 'Band CR380LA-GI 40/40_L'.
2024-11-29 14:44:01,588 - <EMW SLExA ETL> - WARNING - Could not find any treatment in candidate 'Band S420MC'.
2024-11-29 14:44:01,589 - <EMW SLExA ETL> - WARNING - Candidate 'Band Alu TL090' at index 1008 did not match any reference.
2024-11-29 14:44:01,591 - <EMW SLExA ETL> - WARNING - Candidate 'Band Alu TL090' at index 1009 did not match any reference.
2024-11-29 14:44:01,592 - <EMW SLExA ETL> - WARNING - Candidate 'Band CR330Y590 DH GI40/40-U' at index 1010 did not match any reference.
2024-11-29 14:44:01,594 - <EMW SLExA ETL> - WARNING - Could not find any treatment in candidate 'Band S550MC'.
2024-11-29 14:44:01,595 - <EMW SLExA ETL> - WARNING - Could not find any treatment in candidate 'Band S550MC'.
2024-11-29 14:44:01,596 - <EMW SLExA ETL> - WARNING - Candidate 'Band AL5-STD-TZ-UM' at index 1014 did not match any reference.
2024-11-29 14:44:01,603 - <EMW SLExA ETL> - WARNING - Could not find any treatment in candidate 'Band CR590Y980 DP'.
2024-11-29 14:44:01,610 - <EMW SLExA ETL> - WARNING - Could not find any treatment in candidate 'Band CR3 ZM35/35-E'.
2024-11-29 14:44:01,615 - <EMW SLExA ETL> - WARNING - Candidate 'Band AL5-STD-TZ-UE' at index 1028 did not match any reference.
2024-11-29 14:44:01,617 - <EMW SLExA ETL> - WARNING - Candidate 'Band Alu TL091 Zustand T4' at index 1030 did not match any reference.
2024-11-29 14:44:01,619 - <EMW SLExA ETL> - WARNING - Could not find any treatment in candidate 'Band HC500LA'.
2024-11-29 14:44:01,620 - <EMW SLExA ETL> - WARNING - Could not find any treatment in candidate 'Band HC420LA'.
2024-11-29 14:44:01,621 - <EMW SLExA ETL> - WARNING - Could not find any treatment in candidate 'Band HC340LA'.
2024-11-29 14:44:01,622 - <EMW SLExA ETL> - WARNING - Could not find any treatment in candidate 'Band S500MC'.
2024-11-29 14:44:01,623 - <EMW SLExA ETL> - WARNING - Could not find any treatment in candidate 'Band S600MC'.
2024-11-29 14:44:01,624 - <EMW SLExA ETL> - WARNING - Could not find any treatment in candidate 'Band S500MC'.
2024-11-29 14:44:01,625 - <EMW SLExA ETL> - WARNING - Candidate 'Band HC42LA' at index 1038 did not match any reference.
2024-11-29 14:44:01,628 - <EMW SLExA ETL> - WARNING - Could not find any treatment in candidate 'Band S500MC'.
2024-11-29 14:44:01,629 - <EMW SLExA ETL> - WARNING - Could not find any treatment in candidate 'Band HC340LA'.
2024-11-29 14:44:01,630 - <EMW SLExA ETL> - WARNING - Could not find any treatment in candidate 'Band HC340LA'.
2024-11-29 14:44:01,631 - <EMW SLExA ETL> - WARNING - Could not find any treatment in candidate 'Band S500MC'.
2024-11-29 14:44:01,632 - <EMW SLExA ETL> - WARNING - Could not find any treatment in candidate 'Band S420MC'.
2024-11-29 14:44:01,637 - <EMW SLExA ETL> - WARNING - Could not find any treatment in candidate 'Band 16MnCr5+AC'.
2024-11-29 14:44:01,638 - <EMW SLExA ETL> - WARNING - Could not find any treatment in candidate 'Band 16MnCr5+AC'.
2024-11-29 14:44:01,640 - <EMW SLExA ETL> - WARNING - Could not find any treatment in candidate 'Band 16MnCr5+AC'.
2024-11-29 14:44:01,641 - <EMW SLExA ETL> - WARNING - Could not find any treatment in candidate 'Band 16MnCr5+AC'.
2024-11-29 14:44:01,643 - <EMW SLExA ETL> - WARNING - Could not find any treatment in candidate 'HC420LA, LC, MA-RM, GK'.
2024-11-29 14:44:01,644 - <EMW SLExA ETL> - WARNING - Could not find any treatment in candidate 'DC04, MA, LC, GK'.
2024-11-29 14:44:01,645 - <EMW SLExA ETL> - WARNING - Could not find any treatment in candidate 'DC04, MA-RL, LC, GK'.
2024-11-29 14:44:01,646 - <EMW SLExA ETL> - WARNING - Could not find any treatment in candidate 'DC04, MA, LC, GK'.
2024-11-29 14:44:01,647 - <EMW SLExA ETL> - WARNING - Could not find any treatment in candidate 'DC04, MA-RL, LC, GK'.
2024-11-29 14:44:01,648 - <EMW SLExA ETL> - WARNING - Could not find any treatment in candidate 'HC420LA, LC, MA-RM, GK'.
2024-11-29 14:44:01,649 - <EMW SLExA ETL> - WARNING - Could not find any treatment in candidate 'HC420LA, LC, MA-RM, GK'.
2024-11-29 14:44:01,650 - <EMW SLExA ETL> - WARNING - Could not find any treatment in candidate 'HC420LA, LC, MA-RM, GK'.
2024-11-29 14:44:01,651 - <EMW SLExA ETL> - WARNING - Could not find any treatment in candidate 'DC04, MA-RL, LC, AZ ZK 9'.
2024-11-29 14:44:01,652 - <EMW SLExA ETL> - WARNING - Candidate 'Band AlMg4.5Mn0.4 H111' at index 1063 did not match any reference.
2024-11-29 14:44:01,654 - <EMW SLExA ETL> - WARNING - Candidate 'Tafel AlMg4.5Mn0.4 H111' at index 1064 did not match any reference.
2024-11-29 14:44:01,655 - <EMW SLExA ETL> - WARNING - Candidate 'Tafel AlMg4.5Mn0.4 H111' at index 1065 did not match any reference.
2024-11-29 14:44:01,656 - <EMW SLExA ETL> - WARNING - Could not find any treatment in candidate 'Band C67S'.
2024-11-29 14:44:01,675 - <EMW SLExA ETL> - WARNING - Could not find any treatment in candidate 'CR3-GI40/40 TLD VW50065'.
2024-11-29 14:44:01,676 - <EMW SLExA ETL> - WARNING - Could not find any treatment in candidate 'Band DC 01 A-m'.
2024-11-29 14:44:01,677 - <EMW SLExA ETL> - WARNING - Could not find any treatment in candidate 'Band DC 01 A-m'.
2024-11-29 14:44:01,678 - <EMW SLExA ETL> - WARNING - Could not find any treatment in candidate 'Band DC 04 A-m'.
2024-11-29 14:44:01,679 - <EMW SLExA ETL> - WARNING - Could not find any treatment in candidate 'Band DD11'.
2024-11-29 14:44:01,687 - <EMW SLExA ETL> - WARNING - Could not find any treatment in candidate 'Band HC 460 LA'.
2024-11-29 14:44:01,689 - <EMW SLExA ETL> - WARNING - Candidate 'Band HR500MC' at index 1097 did not match any reference.
2024-11-29 14:44:01,694 - <EMW SLExA ETL> - WARNING - Could not find any treatment in candidate 'Band S 315 MC'.
2024-11-29 14:44:01,695 - <EMW SLExA ETL> - WARNING - Could not find any treatment in candidate 'Band S 315 MC'.
2024-11-29 14:44:01,695 - <EMW SLExA ETL> - WARNING - Could not find any treatment in candidate 'Band S 355 MC'.
2024-11-29 14:44:01,696 - <EMW SLExA ETL> - WARNING - Could not find any treatment in candidate 'Band S 355 MC GB O'.
2024-11-29 14:44:01,697 - <EMW SLExA ETL> - WARNING - Could not find any treatment in candidate 'Band S 355 MC'.
2024-11-29 14:44:01,698 - <EMW SLExA ETL> - WARNING - Could not find any treatment in candidate 'Band S 355 MC'.
2024-11-29 14:44:01,699 - <EMW SLExA ETL> - WARNING - Could not find any treatment in candidate 'Band S 355 MC'.
2024-11-29 14:44:01,700 - <EMW SLExA ETL> - WARNING - Could not find any treatment in candidate 'Band S 420 MC'.
2024-11-29 14:44:01,701 - <EMW SLExA ETL> - WARNING - Could not find any treatment in candidate 'Band S 420 MC'.
2024-11-29 14:44:01,702 - <EMW SLExA ETL> - WARNING - Could not find any treatment in candidate 'Band S 420 MC'.
2024-11-29 14:44:01,703 - <EMW SLExA ETL> - WARNING - Could not find any treatment in candidate 'Band S 500 MC'.
2024-11-29 14:44:01,705 - <EMW SLExA ETL> - WARNING - Candidate 'Aluband TL 091' at index 1113 did not match any reference.
2024-11-29 14:44:01,706 - <EMW SLExA ETL> - WARNING - Candidate 'Aluband TL 091 ' at index 1114 did not match any reference.
2024-11-29 14:44:01,707 - <EMW SLExA ETL> - WARNING - Candidate 'Band TL1111' at index 1115 did not match any reference.
2024-11-29 14:44:01,708 - <EMW SLExA ETL> - WARNING - Could not find any treatment in candidate 'Tafel HC 380 LA'.
2024-11-29 14:44:01,709 - <EMW SLExA ETL> - WARNING - Could not find any treatment in candidate 'Tafel HC 380 LA'.
2024-11-29 14:44:01,710 - <EMW SLExA ETL> - WARNING - Could not find any treatment in candidate 'Tafel HC 380 LA'.
