2024-11-29 14:44:24,597 - <EMW SLExA ETL> - WARNING - Could not find any treatment in candidate '0.80*815*750 DC 04'.
2024-11-29 14:44:24,598 - <EMW SLExA ETL> - WARNING - Could not find any treatment in candidate '0.80*930*740 DC 04'.
2024-11-29 14:44:24,599 - <EMW SLExA ETL> - WARNING - Could not find any treatment in candidate '0.80*870*740 DC 04'.
2024-11-29 14:44:24,600 - <EMW SLExA ETL> - WARNING - Could not find any treatment in candidate '1.00*830*750 DC 04'.
2024-11-29 14:44:24,601 - <EMW SLExA ETL> - WARNING - Could not find any treatment in candidate '1.00*890*780 DC 04'.
2024-11-29 14:44:24,602 - <EMW SLExA ETL> - WARNING - Could not find any treatment in candidate '1.00*920*750 DC 04'.
2024-11-29 14:44:24,603 - <EMW SLExA ETL> - WARNING - Could not find any treatment in candidate '1.00*620*650 DC 04'.
2024-11-29 14:44:24,604 - <EMW SLExA ETL> - WARNING - Could not find any treatment in candidate '1.50*700*810 DC 04'.
2024-11-29 14:44:24,605 - <EMW SLExA ETL> - WARNING - Could not find any treatment in candidate '2.50*900*430 DC 04'.
2024-11-29 14:44:24,606 - <EMW SLExA ETL> - WARNING - Could not find any treatment in candidate '1.00*1150*1030 HC 220 Y'.
2024-11-29 14:44:24,607 - <EMW SLExA ETL> - WARNING - Could not find any treatment in candidate '1.00*980*880 HC 260 Y'.
2024-11-29 14:44:24,608 - <EMW SLExA ETL> - WARNING - Could not find any treatment in candidate '1.00*915*1025 HC 260 Y'.
2024-11-29 14:44:24,609 - <EMW SLExA ETL> - WARNING - Could not find any treatment in candidate '1.00*1000*900 HC 260 Y'.
2024-11-29 14:44:24,610 - <EMW SLExA ETL> - WARNING - Could not find any treatment in candidate '1.00*970*855 HC 260 Y'.
2024-11-29 14:44:24,621 - <EMW SLExA ETL> - WARNING - Could not find any treatment in candidate '2.50*710*570 DD 14 Geb.'.
2024-11-29 14:44:24,622 - <EMW SLExA ETL> - WARNING - Could not find any treatment in candidate '3.00*770*650 DD14 Geb.'.
2024-11-29 14:44:24,623 - <EMW SLExA ETL> - WARNING - Could not find any treatment in candidate '3.00*670*580 DD14 Geb.'.
2024-11-29 14:44:24,623 - <EMW SLExA ETL> - WARNING - Could not find any treatment in candidate '3.00*1540*520 S235 JR Geb.'.
2024-11-29 14:44:24,624 - <EMW SLExA ETL> - WARNING - Could not find any treatment in candidate '1.50*2500*1250 S 355 MC Geb.'.
2024-11-29 14:44:24,625 - <EMW SLExA ETL> - WARNING - Could not find any treatment in candidate '1.50*2500*1250 S 355 MC Geb.'.
2024-11-29 14:44:24,626 - <EMW SLExA ETL> - WARNING - Could not find any treatment in candidate '2.00*1500*330 S 355 MC Geb.'.
2024-11-29 14:44:24,627 - <EMW SLExA ETL> - WARNING - Could not find any treatment in candidate '3.00*280*470 S 355 MC Geb.'.
2024-11-29 14:44:24,628 - <EMW SLExA ETL> - WARNING - Could not find any treatment in candidate '3.00*380*255 S 355 MC Geb.'.
2024-11-29 14:44:24,629 - <EMW SLExA ETL> - WARNING - Could not find any treatment in candidate '3.00*430*370 S 315 MC Geb.'.
2024-11-29 14:44:24,630 - <EMW SLExA ETL> - WARNING - Could not find any treatment in candidate '3.00*820*650 S 315 MC Geb.'.
2024-11-29 14:44:24,631 - <EMW SLExA ETL> - WARNING - Could not find any treatment in candidate '4.00*862*193 S 315 MC Geb.'.
2024-11-29 14:44:24,632 - <EMW SLExA ETL> - WARNING - Could not find any treatment in candidate '2.00*1500*3000 S 500 MC Geb.'.
2024-11-29 14:44:24,635 - <EMW SLExA ETL> - WARNING - Could not find any treatment in candidate '1.50*650.0 HC 340 LA'.
2024-11-29 14:44:24,636 - <EMW SLExA ETL> - WARNING - Could not find any treatment in candidate '1.50*258.0  HC 340 LA'.
2024-11-29 14:44:24,637 - <EMW SLExA ETL> - WARNING - Could not find any treatment in candidate '2.00*137.0 DD 11 Geb.'.
2024-11-29 14:44:24,638 - <EMW SLExA ETL> - WARNING - Could not find any treatment in candidate '2.00*268.0 DD 11 Geb.'.
2024-11-29 14:44:24,639 - <EMW SLExA ETL> - WARNING - Could not find any treatment in candidate '2.00*160.0 DD 11 Geb.'.
2024-11-29 14:44:24,640 - <EMW SLExA ETL> - WARNING - Could not find any treatment in candidate '2.50*422.0 DD 11 Geb.'.
2024-11-29 14:44:24,641 - <EMW SLExA ETL> - WARNING - Could not find any treatment in candidate '3.00*200.0 DD 11 Geb.'.
2024-11-29 14:44:24,642 - <EMW SLExA ETL> - WARNING - Could not find any treatment in candidate '3.00*188.0 DD 11 Geb.'.
2024-11-29 14:44:24,642 - <EMW SLExA ETL> - WARNING - Could not find any treatment in candidate '3.00*375.0 DD 11 Geb.'.
2024-11-29 14:44:24,643 - <EMW SLExA ETL> - WARNING - Could not find any treatment in candidate '3.00*155.0 DD 11 Geb.'.
2024-11-29 14:44:24,644 - <EMW SLExA ETL> - WARNING - Could not find any treatment in candidate '4.00*82.00 DD 11 Geb.'.
2024-11-29 14:44:24,645 - <EMW SLExA ETL> - WARNING - Could not find any treatment in candidate '4.00*147.00 DD 11 Geb.'.
2024-11-29 14:44:24,646 - <EMW SLExA ETL> - WARNING - Could not find any treatment in candidate '5.00*86.0 DD11 Geb.'.
2024-11-29 14:44:24,647 - <EMW SLExA ETL> - WARNING - Could not find any treatment in candidate '2.50*516.0 DD 14 Geb.'.
2024-11-29 14:44:24,648 - <EMW SLExA ETL> - WARNING - Could not find any treatment in candidate '3.00*102.0 DD 14 Geb.'.
2024-11-29 14:44:24,649 - <EMW SLExA ETL> - WARNING - Could not find any treatment in candidate '4.00*129.0 DD 14 Geb.'.
2024-11-29 14:44:24,650 - <EMW SLExA ETL> - WARNING - Could not find any treatment in candidate '4.00*355.0 DD 14 Geb.'.
2024-11-29 14:44:24,650 - <EMW SLExA ETL> - WARNING - Could not find any treatment in candidate '1.50*181.5 S 235 JR Geb.'.
2024-11-29 14:44:24,651 - <EMW SLExA ETL> - WARNING - Could not find any treatment in candidate '1.50*440.0 S 235 JR Geb.'.
2024-11-29 14:44:24,652 - <EMW SLExA ETL> - WARNING - Could not find any treatment in candidate '2.00*84.0 S 235 JR Geb.'.
2024-11-29 14:44:24,653 - <EMW SLExA ETL> - WARNING - Could not find any treatment in candidate '2.00*186.4 S 235 JR Geb.'.
2024-11-29 14:44:24,654 - <EMW SLExA ETL> - WARNING - Could not find any treatment in candidate '3.00*160.0 S 235 JR Geb.'.
2024-11-29 14:44:24,655 - <EMW SLExA ETL> - WARNING - Could not find any treatment in candidate '3.00*194.5 S 235 JR Geb.'.
2024-11-29 14:44:24,656 - <EMW SLExA ETL> - WARNING - Could not find any treatment in candidate '3.00*337.0 S 235 JR Geb.'.
2024-11-29 14:44:24,657 - <EMW SLExA ETL> - WARNING - Could not find any treatment in candidate '3.00*235.0 S 235 JR Geb.'.
2024-11-29 14:44:24,657 - <EMW SLExA ETL> - WARNING - Could not find any treatment in candidate '3.00*220.0 S 235 JR Geb.'.
2024-11-29 14:44:24,658 - <EMW SLExA ETL> - WARNING - Could not find any treatment in candidate '3.00*291.0 S 235 JR Geb.'.
2024-11-29 14:44:24,659 - <EMW SLExA ETL> - WARNING - Could not find any treatment in candidate '4.00*40.0 S 235 JR Geb.'.
2024-11-29 14:44:24,660 - <EMW SLExA ETL> - WARNING - Could not find any treatment in candidate '4.00*46.0 S 235 JR Geb.'.
2024-11-29 14:44:24,661 - <EMW SLExA ETL> - WARNING - Could not find any treatment in candidate '4.00*172.0 S 235 JR Geb.'.
2024-11-29 14:44:24,662 - <EMW SLExA ETL> - WARNING - Could not find any treatment in candidate '4.00*222.0 S 235 JR Geb.'.
2024-11-29 14:44:24,663 - <EMW SLExA ETL> - WARNING - Could not find any treatment in candidate '4.98*308.0 S 235 JR Geb.'.
2024-11-29 14:44:24,664 - <EMW SLExA ETL> - WARNING - Could not find any treatment in candidate '5.00*404.0 S 235 JR Geb.'.
2024-11-29 14:44:24,664 - <EMW SLExA ETL> - WARNING - Could not find any treatment in candidate '5.00*380.5 S 235 JR Geb.'.
2024-11-29 14:44:24,665 - <EMW SLExA ETL> - WARNING - Could not find any treatment in candidate '6.00*95.0 S 235 JR Geb.'.
2024-11-29 14:44:24,666 - <EMW SLExA ETL> - WARNING - Could not find any treatment in candidate '8.00*110.0 S 235 JR Geb.'.
2024-11-29 14:44:24,667 - <EMW SLExA ETL> - WARNING - Could not find any treatment in candidate '8.00*230.0 S 235 JR Geb.'.
2024-11-29 14:44:24,668 - <EMW SLExA ETL> - WARNING - Could not find any treatment in candidate '2.00*40.0 S 315 MC Geb.'.
2024-11-29 14:44:24,669 - <EMW SLExA ETL> - WARNING - Could not find any treatment in candidate '2.50*112.0 S315mc'.
2024-11-29 14:44:24,670 - <EMW SLExA ETL> - WARNING - Could not find any treatment in candidate '3.00*84.0 S 315 MC Geb.'.
2024-11-29 14:44:24,671 - <EMW SLExA ETL> - WARNING - Could not find any treatment in candidate '4.00*210.0 S 315 MC Geb.'.
2024-11-29 14:44:24,672 - <EMW SLExA ETL> - WARNING - Could not find any treatment in candidate '4.00*130.0 S315 MC'.
2024-11-29 14:44:24,673 - <EMW SLExA ETL> - WARNING - Could not find any treatment in candidate '4.00* 55.0 S315 MC'.
2024-11-29 14:44:24,673 - <EMW SLExA ETL> - WARNING - Could not find any treatment in candidate '4.00*65.0 S315 MC'.
2024-11-29 14:44:24,674 - <EMW SLExA ETL> - WARNING - Could not find any treatment in candidate '4.00*45.00 S315 MC GEB'.
2024-11-29 14:44:24,675 - <EMW SLExA ETL> - WARNING - Could not find any treatment in candidate '4.00*77.00 S315 MC GEB'.
2024-11-29 14:44:24,676 - <EMW SLExA ETL> - WARNING - Could not find any treatment in candidate '5.00*75.0 S315 MC'.
2024-11-29 14:44:24,677 - <EMW SLExA ETL> - WARNING - Could not find any treatment in candidate '5.00*92.00 S315 MC GEB'.
2024-11-29 14:44:24,678 - <EMW SLExA ETL> - WARNING - Could not find any treatment in candidate '5.00*65.00 S315 MC GEB'.
2024-11-29 14:44:24,679 - <EMW SLExA ETL> - WARNING - Could not find any treatment in candidate '1.50*61.0 S 355 MC Geb.'.
2024-11-29 14:44:24,680 - <EMW SLExA ETL> - WARNING - Could not find any treatment in candidate '1.50*563.0 S 355 MC Geb.'.
2024-11-29 14:44:24,681 - <EMW SLExA ETL> - WARNING - Could not find any treatment in candidate '10.0*90.0 S 355 MC Geb.'.
2024-11-29 14:44:24,682 - <EMW SLExA ETL> - WARNING - Could not find any treatment in candidate '10.0*80.0 S 355 MC Geb.'.
2024-11-29 14:44:24,683 - <EMW SLExA ETL> - WARNING - Could not find any treatment in candidate '2.00*57.1 S 355 MC Geb.'.
2024-11-29 14:44:24,684 - <EMW SLExA ETL> - WARNING - Could not find any treatment in candidate '2.00*129.0 S 355 MC Geb.'.
2024-11-29 14:44:24,685 - <EMW SLExA ETL> - WARNING - Could not find any treatment in candidate '2.00*165.0 S 355 MC Geb.'.
2024-11-29 14:44:24,686 - <EMW SLExA ETL> - WARNING - Could not find any treatment in candidate '2.00*123.0 S 355 MC Geb.'.
2024-11-29 14:44:24,687 - <EMW SLExA ETL> - WARNING - Could not find any treatment in candidate '2.00*92.0 S 355 MC Geb.'.
2024-11-29 14:44:24,688 - <EMW SLExA ETL> - WARNING - Could not find any treatment in candidate '2.00*318.0 S 355 MC Geb.'.
2024-11-29 14:44:24,689 - <EMW SLExA ETL> - WARNING - Could not find any treatment in candidate '2.00*234.0 S 355 MC Geb.'.
2024-11-29 14:44:24,690 - <EMW SLExA ETL> - WARNING - Could not find any treatment in candidate '2.00*716.0 S 355 MC Geb.'.
2024-11-29 14:44:24,691 - <EMW SLExA ETL> - WARNING - Could not find any treatment in candidate '2.00*195.0  S 355 Mc'.
2024-11-29 14:44:24,692 - <EMW SLExA ETL> - WARNING - Could not find any treatment in candidate '2.00 *  42.0 S355mc      27260'.
2024-11-29 14:44:24,693 - <EMW SLExA ETL> - WARNING - Could not find any treatment in candidate '2.50*60.0 S 355 MC Geb.'.
2024-11-29 14:44:24,694 - <EMW SLExA ETL> - WARNING - Could not find any treatment in candidate '2.50*184.0 S 355 MC Geb.'.
2024-11-29 14:44:24,695 - <EMW SLExA ETL> - WARNING - Could not find any treatment in candidate '2.50*214.0 S 355 MC Geb.'.
2024-11-29 14:44:24,696 - <EMW SLExA ETL> - WARNING - Could not find any treatment in candidate '3.00*230.0 S 355 MC Geb.'.
2024-11-29 14:44:24,697 - <EMW SLExA ETL> - WARNING - Could not find any treatment in candidate '3.00*355.8 S 355 MC Geb.'.
2024-11-29 14:44:24,698 - <EMW SLExA ETL> - WARNING - Could not find any treatment in candidate '3.00*48.0 S 355 MC Geb.'.
2024-11-29 14:44:24,699 - <EMW SLExA ETL> - WARNING - Could not find any treatment in candidate '3.00*139.5 S 355 MC Geb.'.
2024-11-29 14:44:24,700 - <EMW SLExA ETL> - WARNING - Could not find any treatment in candidate '3.00*320.0 S 355 MC Geb.'.
2024-11-29 14:44:24,701 - <EMW SLExA ETL> - WARNING - Could not find any treatment in candidate '3.00*119.0 S 355 MC Geb.'.
2024-11-29 14:44:24,702 - <EMW SLExA ETL> - WARNING - Could not find any treatment in candidate '3.00*193.0 S 355 MC Geb.'.
2024-11-29 14:44:24,703 - <EMW SLExA ETL> - WARNING - Could not find any treatment in candidate '3.00*179.0 S 355 MC Geb. (50596)'.
2024-11-29 14:44:24,704 - <EMW SLExA ETL> - WARNING - Could not find any treatment in candidate '3.00*115.0 S 355 MC Geb.'.
2024-11-29 14:44:24,705 - <EMW SLExA ETL> - WARNING - Could not find any treatment in candidate '3.00*240.0 S 355 MC Geb.'.
2024-11-29 14:44:24,706 - <EMW SLExA ETL> - WARNING - Could not find any treatment in candidate '3.00*600.0 S 355 MC Geb.'.
2024-11-29 14:44:24,707 - <EMW SLExA ETL> - WARNING - Could not find any treatment in candidate '3.00*357.0 S 355 MC Geb.'.
2024-11-29 14:44:24,708 - <EMW SLExA ETL> - WARNING - Could not find any treatment in candidate '3.00*158.0 S 355 MC Geb.'.
2024-11-29 14:44:24,709 - <EMW SLExA ETL> - WARNING - Could not find any treatment in candidate '3.00*360.0 S 355 MC Geb.'.
2024-11-29 14:44:24,710 - <EMW SLExA ETL> - WARNING - Could not find any treatment in candidate '3.00*166.0 S 355 MC Geb.'.
2024-11-29 14:44:24,711 - <EMW SLExA ETL> - WARNING - Could not find any treatment in candidate '3.00*328.0 S 355 MC Geb.'.
2024-11-29 14:44:24,712 - <EMW SLExA ETL> - WARNING - Could not find any treatment in candidate '3.00*348.0 S 355 MC Geb.'.
2024-11-29 14:44:24,713 - <EMW SLExA ETL> - WARNING - Could not find any treatment in candidate '3.00*430.0 S 355 MC Geb.'.
2024-11-29 14:44:24,714 - <EMW SLExA ETL> - WARNING - Could not find any treatment in candidate '3.00*415.0 S 355 MC Geb.'.
2024-11-29 14:44:24,715 - <EMW SLExA ETL> - WARNING - Could not find any treatment in candidate '3.00*246.0 S 355 MC Geb.'.
2024-11-29 14:44:24,716 - <EMW SLExA ETL> - WARNING - Could not find any treatment in candidate '3.00*182.0 S 355 MC Geb.'.
2024-11-29 14:44:24,717 - <EMW SLExA ETL> - WARNING - Could not find any treatment in candidate '3.00*218.0 S 355 MC Geb.'.
2024-11-29 14:44:24,718 - <EMW SLExA ETL> - WARNING - Could not find any treatment in candidate '3.00*225.0 S355 MC Geb.'.
2024-11-29 14:44:24,719 - <EMW SLExA ETL> - WARNING - Could not find any treatment in candidate '3.00*392.0 S 355 MC Geb.'.
2024-11-29 14:44:24,720 - <EMW SLExA ETL> - WARNING - Could not find any treatment in candidate '3.00*380.0 S 355 MC Geb.'.
2024-11-29 14:44:24,721 - <EMW SLExA ETL> - WARNING - Could not find any treatment in candidate '3.00*90.0 S 355 MC Geb.'.
2024-11-29 14:44:24,722 - <EMW SLExA ETL> - WARNING - Could not find any treatment in candidate '3.00*150.0 S 355 MC Geb.'.
2024-11-29 14:44:24,723 - <EMW SLExA ETL> - WARNING - Could not find any treatment in candidate '3.00*334.0 S 355 MC Geb.'.
2024-11-29 14:44:24,723 - <EMW SLExA ETL> - WARNING - Could not find any treatment in candidate '3.00*470.0 S 355 MC Geb.'.
2024-11-29 14:44:24,724 - <EMW SLExA ETL> - WARNING - Could not find any treatment in candidate '3.00*504.0 S 355 MC Geb.'.
2024-11-29 14:44:24,725 - <EMW SLExA ETL> - WARNING - Could not find any treatment in candidate '3.00*574.0 S 355 MC Geb.'.
2024-11-29 14:44:24,726 - <EMW SLExA ETL> - WARNING - Could not find any treatment in candidate '3.00*228.0 S 355 MC Geb.'.
2024-11-29 14:44:24,727 - <EMW SLExA ETL> - WARNING - Could not find any treatment in candidate '3.00*245.0 S 355 MC Geb.'.
2024-11-29 14:44:24,728 - <EMW SLExA ETL> - WARNING - Could not find any treatment in candidate '3.00*362.0 S 355 MC Geb.'.
2024-11-29 14:44:24,729 - <EMW SLExA ETL> - WARNING - Could not find any treatment in candidate '3.00*218.0 S 355 MC Geb.'.
2024-11-29 14:44:24,730 - <EMW SLExA ETL> - WARNING - Could not find any treatment in candidate '3.00*454.0 S 355 MC Geb.'.
2024-11-29 14:44:24,731 - <EMW SLExA ETL> - WARNING - Could not find any treatment in candidate '3.00*310.0 S 355 MC Geb.'.
2024-11-29 14:44:24,732 - <EMW SLExA ETL> - WARNING - Could not find any treatment in candidate '3.00*202.0 S 355 MC Geb.'.
2024-11-29 14:44:24,733 - <EMW SLExA ETL> - WARNING - Could not find any treatment in candidate '3.00*280.0 S 355 MC Geb.'.
2024-11-29 14:44:24,735 - <EMW SLExA ETL> - WARNING - Could not find any treatment in candidate '3.00*53.0 S 355 MC Geb.'.
2024-11-29 14:44:24,736 - <EMW SLExA ETL> - WARNING - Could not find any treatment in candidate '3.00*222.0 S 355 MC Geb.'.
2024-11-29 14:44:24,737 - <EMW SLExA ETL> - WARNING - Could not find any treatment in candidate '3.00*197.0 S 355 MC Geb.'.
2024-11-29 14:44:24,738 - <EMW SLExA ETL> - WARNING - Could not find any treatment in candidate '3.00*82.0 S 355 MC Geb.'.
2024-11-29 14:44:24,739 - <EMW SLExA ETL> - WARNING - Could not find any treatment in candidate '3.00*292.0 S 355 MC Geb.'.
2024-11-29 14:44:24,740 - <EMW SLExA ETL> - WARNING - Could not find any treatment in candidate '3.00 *  50.0 S355mc      25050'.
2024-11-29 14:44:24,742 - <EMW SLExA ETL> - WARNING - Could not find any treatment in candidate '3.00 * 154.5 S355mc      25312'.
2024-11-29 14:44:24,743 - <EMW SLExA ETL> - WARNING - Could not find any treatment in candidate '3.00*53.0 S 355 MC Geb.'.
2024-11-29 14:44:24,744 - <EMW SLExA ETL> - WARNING - Could not find any treatment in candidate '3.00 *  62.0 S355mc      25242'.
2024-11-29 14:44:24,745 - <EMW SLExA ETL> - WARNING - Could not find any treatment in candidate '3.00*58.0 S 355 MC Geb.'.
2024-11-29 14:44:24,746 - <EMW SLExA ETL> - WARNING - Could not find any treatment in candidate '3.50*139.0 S 355 MC Geb.'.
2024-11-29 14:44:24,747 - <EMW SLExA ETL> - WARNING - Could not find any treatment in candidate '4.00*584.0 S 355 MC Geb.'.
2024-11-29 14:44:24,748 - <EMW SLExA ETL> - WARNING - Could not find any treatment in candidate '4.00*38.0 S 355 MC Geb.'.
2024-11-29 14:44:24,749 - <EMW SLExA ETL> - WARNING - Could not find any treatment in candidate '4.00*390.0 S 355 MC Geb.'.
2024-11-29 14:44:24,750 - <EMW SLExA ETL> - WARNING - Could not find any treatment in candidate '4.00*78.0 S 355 MC Geb.'.
2024-11-29 14:44:24,751 - <EMW SLExA ETL> - WARNING - Could not find any treatment in candidate '4.00*225.0 S 355 MC Geb.'.
2024-11-29 14:44:24,752 - <EMW SLExA ETL> - WARNING - Could not find any treatment in candidate '4.00*250.0 S 355 MC Geb.'.
2024-11-29 14:44:24,753 - <EMW SLExA ETL> - WARNING - Could not find any treatment in candidate '4.00*94.5 S 355 MC Geb.'.
2024-11-29 14:44:24,754 - <EMW SLExA ETL> - WARNING - Could not find any treatment in candidate '4.00*252.2 S 355 MC Geb.'.
2024-11-29 14:44:24,755 - <EMW SLExA ETL> - WARNING - Could not find any treatment in candidate '4.00*398.0 S 355 MC Geb.'.
2024-11-29 14:44:24,756 - <EMW SLExA ETL> - WARNING - Could not find any treatment in candidate '4.00*315.0 S 355 MC Geb.'.
2024-11-29 14:44:24,757 - <EMW SLExA ETL> - WARNING - Could not find any treatment in candidate '4.00*490.0 S 355 MC Geb.'.
2024-11-29 14:44:24,758 - <EMW SLExA ETL> - WARNING - Could not find any treatment in candidate '4.00*200.0 S 355 MC Geb.'.
2024-11-29 14:44:24,759 - <EMW SLExA ETL> - WARNING - Could not find any treatment in candidate '4.00*98.0 S 355 MC Geb.'.
2024-11-29 14:44:24,760 - <EMW SLExA ETL> - WARNING - Could not find any treatment in candidate '4.00*373.0 S 355 MC Geb.'.
2024-11-29 14:44:24,761 - <EMW SLExA ETL> - WARNING - Could not find any treatment in candidate '4.00*190.0 S 355 MC Geb.'.
2024-11-29 14:44:24,763 - <EMW SLExA ETL> - WARNING - Could not find any treatment in candidate '4.00*258.0 S 355 MC Geb.'.
2024-11-29 14:44:24,764 - <EMW SLExA ETL> - WARNING - Could not find any treatment in candidate '4.00*230.0 S 355 MC Geb.'.
2024-11-29 14:44:24,765 - <EMW SLExA ETL> - WARNING - Could not find any treatment in candidate '4.00*552.0 S 355 MC Geb.'.
2024-11-29 14:44:24,766 - <EMW SLExA ETL> - WARNING - Could not find any treatment in candidate '4.00*250.0 S 355 MC Geb.'.
2024-11-29 14:44:24,767 - <EMW SLExA ETL> - WARNING - Could not find any treatment in candidate '4.00*335.0 S 355 MC Geb.'.
2024-11-29 14:44:24,768 - <EMW SLExA ETL> - WARNING - Could not find any treatment in candidate '4.00 *  53.0 S355mc      24937'.
2024-11-29 14:44:24,769 - <EMW SLExA ETL> - WARNING - Could not find any treatment in candidate '4.00*150.0 S 355 MC Geb.'.
2024-11-29 14:44:24,770 - <EMW SLExA ETL> - WARNING - Could not find any treatment in candidate '4.00*153.0 S 355 MC Geb.'.
2024-11-29 14:44:24,770 - <EMW SLExA ETL> - WARNING - Could not find any treatment in candidate '5.00*223.0 S 355 MC Geb.'.
2024-11-29 14:44:24,772 - <EMW SLExA ETL> - WARNING - Could not find any treatment in candidate '5.00*475.0 S 355 MC Geb.'.
2024-11-29 14:44:24,772 - <EMW SLExA ETL> - WARNING - Could not find any treatment in candidate '5.00*302.0 S 355 MC Geb.'.
2024-11-29 14:44:24,774 - <EMW SLExA ETL> - WARNING - Could not find any treatment in candidate '5.00*429.0 S 355 MC Geb.'.
2024-11-29 14:44:24,774 - <EMW SLExA ETL> - WARNING - Could not find any treatment in candidate '5.00*295.0 S 355 MC Geb.'.
2024-11-29 14:44:24,775 - <EMW SLExA ETL> - WARNING - Could not find any treatment in candidate '5.00*150.0 S 355 MC Geb.'.
2024-11-29 14:44:24,776 - <EMW SLExA ETL> - WARNING - Could not find any treatment in candidate '5.00*271.0 S 355 MC Geb.'.
2024-11-29 14:44:24,777 - <EMW SLExA ETL> - WARNING - Could not find any treatment in candidate '5.00*131.0 S 355 MC Geb.'.
2024-11-29 14:44:24,778 - <EMW SLExA ETL> - WARNING - Could not find any treatment in candidate '5.00*125.0 S 355 MC Geb.'.
2024-11-29 14:44:24,779 - <EMW SLExA ETL> - WARNING - Could not find any treatment in candidate '6.00*380.0 S 355 MC Geb.'.
2024-11-29 14:44:24,780 - <EMW SLExA ETL> - WARNING - Could not find any treatment in candidate '6.00*134.0 S 355 MC Geb.'.
2024-11-29 14:44:24,781 - <EMW SLExA ETL> - WARNING - Could not find any treatment in candidate '6.00*45.0 S 355 MC Geb.'.
2024-11-29 14:44:24,782 - <EMW SLExA ETL> - WARNING - Could not find any treatment in candidate '6.00*90.0 S 355 MC Geb.'.
2024-11-29 14:44:24,783 - <EMW SLExA ETL> - WARNING - Could not find any treatment in candidate '6.00*236.0 S 355 MC Geb.'.
2024-11-29 14:44:24,784 - <EMW SLExA ETL> - WARNING - Could not find any treatment in candidate '6.00*375.0 S 355 MC Geb.'.
2024-11-29 14:44:24,785 - <EMW SLExA ETL> - WARNING - Could not find any treatment in candidate '7.00*235.2 S 355 MC Geb.'.
2024-11-29 14:44:24,786 - <EMW SLExA ETL> - WARNING - Could not find any treatment in candidate '7.00*353.0 S 355 MC Geb.'.
2024-11-29 14:44:24,787 - <EMW SLExA ETL> - WARNING - Could not find any treatment in candidate '7.85*167.0 S 355 MC Geb.'.
2024-11-29 14:44:24,788 - <EMW SLExA ETL> - WARNING - Could not find any treatment in candidate '7.85*234.0 S 355 MC Geb.'.
2024-11-29 14:44:24,789 - <EMW SLExA ETL> - WARNING - Could not find any treatment in candidate '8.00*134.5 S 355 MC Geb.'.
2024-11-29 14:44:24,790 - <EMW SLExA ETL> - WARNING - Could not find any treatment in candidate '8.00*206.0 S 355 MC Geb.'.
2024-11-29 14:44:24,791 - <EMW SLExA ETL> - WARNING - Could not find any treatment in candidate '8.00*89.0 S 355 MC Geb.'.
2024-11-29 14:44:24,792 - <EMW SLExA ETL> - WARNING - Could not find any treatment in candidate '8.00*122.0 S 355 MC Geb.'.
2024-11-29 14:44:24,793 - <EMW SLExA ETL> - WARNING - Could not find any treatment in candidate '8.00*190.0 S 355 MC Geb.'.
2024-11-29 14:44:24,794 - <EMW SLExA ETL> - WARNING - Could not find any treatment in candidate '2.00*600.0 S 420 MC Geb.'.
2024-11-29 14:44:24,795 - <EMW SLExA ETL> - WARNING - Could not find any treatment in candidate '2.00*164.0 S 420 MC Geb.'.
2024-11-29 14:44:24,796 - <EMW SLExA ETL> - WARNING - Could not find any treatment in candidate '2.00*588.0 S 420 MC Geb.'.
2024-11-29 14:44:24,797 - <EMW SLExA ETL> - WARNING - Could not find any treatment in candidate '2.00*800.0 S 420 MC Geb.'.
2024-11-29 14:44:24,798 - <EMW SLExA ETL> - WARNING - Could not find any treatment in candidate '2.00*76.0 S 420 MC Geb.'.
2024-11-29 14:44:24,799 - <EMW SLExA ETL> - WARNING - Could not find any treatment in candidate '2.00*59.0 S 420 MC Geb.'.
2024-11-29 14:44:24,800 - <EMW SLExA ETL> - WARNING - Could not find any treatment in candidate '2.00*149.0 S 420 MC Geb.'.
2024-11-29 14:44:24,802 - <EMW SLExA ETL> - WARNING - Could not find any treatment in candidate '2.00*131.0 S 420 MC Geb.'.
2024-11-29 14:44:24,803 - <EMW SLExA ETL> - WARNING - Could not find any treatment in candidate '2.50*800.0 S 420 MC Geb.'.
2024-11-29 14:44:24,804 - <EMW SLExA ETL> - WARNING - Could not find any treatment in candidate '3.00*132.0 S 420 MC Geb.'.
2024-11-29 14:44:24,805 - <EMW SLExA ETL> - WARNING - Could not find any treatment in candidate '3.00*249.0 S 420 MC Geb.'.
2024-11-29 14:44:24,806 - <EMW SLExA ETL> - WARNING - Could not find any treatment in candidate '3.00*498.0 S 420 MC Geb.'.
2024-11-29 14:44:24,807 - <EMW SLExA ETL> - WARNING - Could not find any treatment in candidate '3.00*193.0 S 420 MC Geb.'.
2024-11-29 14:44:24,808 - <EMW SLExA ETL> - WARNING - Could not find any treatment in candidate '3.00*282.0 S 420 MC Geb.'.
2024-11-29 14:44:24,809 - <EMW SLExA ETL> - WARNING - Could not find any treatment in candidate '3.00*104.0 S 420 MC Geb.'.
2024-11-29 14:44:24,810 - <EMW SLExA ETL> - WARNING - Could not find any treatment in candidate '3.00*800.0 S 420 MC Geb.'.
2024-11-29 14:44:24,811 - <EMW SLExA ETL> - WARNING - Could not find any treatment in candidate '3.00*80.0 S 420 MC Geb.'.
2024-11-29 14:44:24,812 - <EMW SLExA ETL> - WARNING - Could not find any treatment in candidate '3.50*397.5 S 420 MC Geb.'.
2024-11-29 14:44:24,813 - <EMW SLExA ETL> - WARNING - Could not find any treatment in candidate '3.50*442.0 S 420 MC Geb.'.
2024-11-29 14:44:24,815 - <EMW SLExA ETL> - WARNING - Could not find any treatment in candidate '3.50*582.0 S 420 MC Geb.'.
2024-11-29 14:44:24,816 - <EMW SLExA ETL> - WARNING - Could not find any treatment in candidate '4.00*103.0 S 420 MC Geb.'.
2024-11-29 14:44:24,817 - <EMW SLExA ETL> - WARNING - Could not find any treatment in candidate '4.00*254.0 S 420 MC Geb.'.
2024-11-29 14:44:24,818 - <EMW SLExA ETL> - WARNING - Could not find any treatment in candidate '4.00*400.0 S 420 MC Geb.'.
2024-11-29 14:44:24,819 - <EMW SLExA ETL> - WARNING - Could not find any treatment in candidate '4.00*310.0 S 420 MC Geb.'.
2024-11-29 14:44:24,820 - <EMW SLExA ETL> - WARNING - Could not find any treatment in candidate '4.00*442.0 S 420 MC Geb.'.
2024-11-29 14:44:24,821 - <EMW SLExA ETL> - WARNING - Could not find any treatment in candidate '4.00*400.0 S 420 MC Geb.'.
2024-11-29 14:44:24,821 - <EMW SLExA ETL> - WARNING - Could not find any treatment in candidate '2.00*178.0 S 500 MC Geb.'.
2024-11-29 14:44:24,823 - <EMW SLExA ETL> - WARNING - Could not find any treatment in candidate '2.00*393.0 S 500 MC Geb.'.
2024-11-29 14:44:24,824 - <EMW SLExA ETL> - WARNING - Could not find any treatment in candidate '2.50*56.0 S 500 MC Geb.'.
2024-11-29 14:44:24,825 - <EMW SLExA ETL> - WARNING - Could not find any treatment in candidate '2.50*520.0 S 500 MC Geb.'.
2024-11-29 14:44:24,826 - <EMW SLExA ETL> - WARNING - Could not find any treatment in candidate '3.00*235.0 S 500 MC Geb.'.
2024-11-29 14:44:24,827 - <EMW SLExA ETL> - WARNING - Could not find any treatment in candidate '4.00*607.0 S 500 MC Geb.'.
2024-11-29 14:44:24,828 - <EMW SLExA ETL> - WARNING - Could not find any treatment in candidate '6.00*123.0 S 500 MC Geb.'.
2024-11-29 14:44:24,828 - <EMW SLExA ETL> - WARNING - Could not find any treatment in candidate '8.00*90.0 S 500 MC Geb.'.
2024-11-29 14:44:24,829 - <EMW SLExA ETL> - WARNING - Could not find any treatment in candidate '4.00*119.0 S 550 MC Geb.'.
2024-11-29 14:44:24,830 - <EMW SLExA ETL> - WARNING - Could not find any treatment in candidate '4.00*254.0 S 550 MC Geb.'.
2024-11-29 14:44:24,831 - <EMW SLExA ETL> - WARNING - Could not find any treatment in candidate '8.00*68.0 S 550 MC Geb.'.
2024-11-29 14:44:24,832 - <EMW SLExA ETL> - WARNING - Could not find any treatment in candidate '8.00*111.0 S 550 MC Geb.'.
2024-11-29 14:44:24,833 - <EMW SLExA ETL> - WARNING - Could not find any treatment in candidate '8.00*58.0 S 550 MC Geb.'.
2024-11-29 14:44:24,834 - <EMW SLExA ETL> - WARNING - Could not find any treatment in candidate '0.90* 64.00 DC01 A'.
2024-11-29 14:44:24,835 - <EMW SLExA ETL> - WARNING - Could not find any treatment in candidate '0.90* 110.00 DC01 A'.
2024-11-29 14:44:24,836 - <EMW SLExA ETL> - WARNING - Could not find any treatment in candidate '1.00*318.7 DC 01'.
2024-11-29 14:44:24,837 - <EMW SLExA ETL> - WARNING - Could not find any treatment in candidate '1.00*641.0 DC 01'.
2024-11-29 14:44:24,838 - <EMW SLExA ETL> - WARNING - Could not find any treatment in candidate '1.00*631.0 DC 01'.
2024-11-29 14:44:24,839 - <EMW SLExA ETL> - WARNING - Could not find any treatment in candidate '1.00*177.0  DC 01'.
2024-11-29 14:44:24,840 - <EMW SLExA ETL> - WARNING - Could not find any treatment in candidate '1.00*320.0 DC 01'.
2024-11-29 14:44:24,841 - <EMW SLExA ETL> - WARNING - Could not find any treatment in candidate '1.00*85.0 DC 01'.
2024-11-29 14:44:24,841 - <EMW SLExA ETL> - WARNING - Could not find any treatment in candidate '1.50*125.0 DC 01'.
2024-11-29 14:44:24,842 - <EMW SLExA ETL> - WARNING - Could not find any treatment in candidate '1.50*226.0 DC 01'.
2024-11-29 14:44:24,843 - <EMW SLExA ETL> - WARNING - Could not find any treatment in candidate '1.50*113.0 DC 01'.
2024-11-29 14:44:24,844 - <EMW SLExA ETL> - WARNING - Could not find any treatment in candidate '1.50*150.0 DC 01'.
2024-11-29 14:44:24,845 - <EMW SLExA ETL> - WARNING - Could not find any treatment in candidate '1.50*157.0 DC 01'.
2024-11-29 14:44:24,846 - <EMW SLExA ETL> - WARNING - Could not find any treatment in candidate '1.50*172.0 DC 01'.
2024-11-29 14:44:24,847 - <EMW SLExA ETL> - WARNING - Could not find any treatment in candidate '1.50*155.0 DC 01'.
2024-11-29 14:44:24,848 - <EMW SLExA ETL> - WARNING - Could not find any treatment in candidate '1.50* 85.00 DC01 A'.
2024-11-29 14:44:24,849 - <EMW SLExA ETL> - WARNING - Could not find any treatment in candidate '1.50* 105.00 DC01 A'.
2024-11-29 14:44:24,858 - <EMW SLExA ETL> - WARNING - Could not find any treatment in candidate '2.00*68.0 DC 01'.
2024-11-29 14:44:24,867 - <EMW SLExA ETL> - WARNING - Could not find any treatment in candidate '2.00*430.0 DC 01'.
2024-11-29 14:44:24,871 - <EMW SLExA ETL> - WARNING - Could not find any treatment in candidate '2.00*84.0 DC01
'.
2024-11-29 14:44:24,876 - <EMW SLExA ETL> - WARNING - Could not find any treatment in candidate '2.00*145.0 DC01 A'.
2024-11-29 14:44:24,880 - <EMW SLExA ETL> - WARNING - Could not find any treatment in candidate '2.00* 31.00 DC01A    '.
2024-11-29 14:44:24,882 - <EMW SLExA ETL> - WARNING - Could not find any treatment in candidate '2.00* 45.00 DC01 A'.
2024-11-29 14:44:24,891 - <EMW SLExA ETL> - WARNING - Could not find any treatment in candidate '2.00* 100.00 DC01 A'.
2024-11-29 14:44:24,916 - <EMW SLExA ETL> - WARNING - Could not find any treatment in candidate '2.50*460.0 DC 01'.
2024-11-29 14:44:24,918 - <EMW SLExA ETL> - WARNING - Could not find any treatment in candidate '2.50* 72.00 DC01 A'.
2024-11-29 14:44:24,919 - <EMW SLExA ETL> - WARNING - Could not find any treatment in candidate '2.50* 95.00 DC01 A'.
2024-11-29 14:44:24,920 - <EMW SLExA ETL> - WARNING - Could not find any treatment in candidate '2.50* 200.00 DC01 A'.
2024-11-29 14:44:24,921 - <EMW SLExA ETL> - WARNING - Could not find any treatment in candidate '3.00*395.0 DC 01'.
2024-11-29 14:44:24,922 - <EMW SLExA ETL> - WARNING - Could not find any treatment in candidate '3.00*175.0 DC 01'.
2024-11-29 14:44:24,923 - <EMW SLExA ETL> - WARNING - Could not find any treatment in candidate '3.00*85.0 DC 01'.
2024-11-29 14:44:24,924 - <EMW SLExA ETL> - WARNING - Could not find any treatment in candidate '3.00*72.0 DC 01'.
2024-11-29 14:44:24,925 - <EMW SLExA ETL> - WARNING - Could not find any treatment in candidate '3.00*80.0 DC 01'.
2024-11-29 14:44:24,926 - <EMW SLExA ETL> - WARNING - Could not find any treatment in candidate '3.00*70.0 DC 01'.
2024-11-29 14:44:24,927 - <EMW SLExA ETL> - WARNING - Could not find any treatment in candidate '3.00* 70.00 DC01 A'.
2024-11-29 14:44:24,928 - <EMW SLExA ETL> - WARNING - Could not find any treatment in candidate '3.00* 78.00 DC01 A'.
2024-11-29 14:44:24,929 - <EMW SLExA ETL> - WARNING - Could not find any treatment in candidate '3.00* 116.00 DC01 A'.
2024-11-29 14:44:24,930 - <EMW SLExA ETL> - WARNING - Could not find any treatment in candidate '3.00* 226.00 DC01 A'.
2024-11-29 14:44:24,931 - <EMW SLExA ETL> - WARNING - Could not find any treatment in candidate '1.00*209.0 DC 04'.
2024-11-29 14:44:24,932 - <EMW SLExA ETL> - WARNING - Could not find any treatment in candidate '1.50*305.0 DC 04'.
2024-11-29 14:44:24,933 - <EMW SLExA ETL> - WARNING - Could not find any treatment in candidate '1.50*380.0 DC 04'.
2024-11-29 14:44:24,934 - <EMW SLExA ETL> - WARNING - Could not find any treatment in candidate '1.50*520.0 DC 04'.
2024-11-29 14:44:24,935 - <EMW SLExA ETL> - WARNING - Could not find any treatment in candidate '1.50*45.0 DC 04'.
2024-11-29 14:44:24,936 - <EMW SLExA ETL> - WARNING - Could not find any treatment in candidate '1.50*725.0 DC 04'.
2024-11-29 14:44:24,937 - <EMW SLExA ETL> - WARNING - Could not find any treatment in candidate '1.50*785.0 DC 04'.
2024-11-29 14:44:24,938 - <EMW SLExA ETL> - WARNING - Could not find any treatment in candidate '1.50*595.0 DC 04'.
2024-11-29 14:44:24,940 - <EMW SLExA ETL> - WARNING - Could not find any treatment in candidate '1.50*734.0 DC 04'.
2024-11-29 14:44:24,941 - <EMW SLExA ETL> - WARNING - Could not find any treatment in candidate '2.00*396.3 DC 04'.
2024-11-29 14:44:24,942 - <EMW SLExA ETL> - WARNING - Could not find any treatment in candidate '2.00*629.0 DC 04'.
2024-11-29 14:44:24,943 - <EMW SLExA ETL> - WARNING - Could not find any treatment in candidate '2.00*286.0 DC 04'.
2024-11-29 14:44:24,944 - <EMW SLExA ETL> - WARNING - Could not find any treatment in candidate '2.00*650.0 DC 04'.
2024-11-29 14:44:24,952 - <EMW SLExA ETL> - WARNING - Could not find any treatment in candidate '2.00*725.0 DC 04'.
2024-11-29 14:44:24,956 - <EMW SLExA ETL> - WARNING - Could not find any treatment in candidate '2.00*800.0 DC 04'.
2024-11-29 14:44:24,958 - <EMW SLExA ETL> - WARNING - Could not find any treatment in candidate '2.50*115.0 DC 04'.
2024-11-29 14:44:24,960 - <EMW SLExA ETL> - WARNING - Could not find any treatment in candidate '2.50*305.0 DC 04'.
2024-11-29 14:44:24,964 - <EMW SLExA ETL> - WARNING - Could not find any treatment in candidate '1.00*169.0 DX51D Z275'.
2024-11-29 14:44:24,993 - <EMW SLExA ETL> - WARNING - Could not find any treatment in candidate '2.00*244.0 DX51D Z275 NAC'.
2024-11-29 14:44:25,007 - <EMW SLExA ETL> - WARNING - Could not find any treatment in candidate '2.00*610.0 DX51D Z275 NAC'.
2024-11-29 14:44:25,009 - <EMW SLExA ETL> - WARNING - Could not find any treatment in candidate '2.00*303.0 DX51D Z275 NAC'.
